[2025-01-31 15:37:22] - run : 0 in seed: 3
[2025-01-31 15:37:22] - +---------------------------------------------------------------------------------------------------+------------+
|                                              Modules                                              | Parameters |
+---------------------------------------------------------------------------------------------------+------------+
|                  fm.blocks1.SCINet_Tree.workingblock.interact.level.phi.1.weight                  |    245     |
|                   fm.blocks1.SCINet_Tree.workingblock.interact.level.phi.1.bias                   |     7      |
|                  fm.blocks1.SCINet_Tree.workingblock.interact.level.phi.4.weight                  |    147     |
|                   fm.blocks1.SCINet_Tree.workingblock.interact.level.phi.4.bias                   |     7      |
|                  fm.blocks1.SCINet_Tree.workingblock.interact.level.psi.1.weight                  |    245     |
|                   fm.blocks1.SCINet_Tree.workingblock.interact.level.psi.1.bias                   |     7      |
|                  fm.blocks1.SCINet_Tree.workingblock.interact.level.psi.4.weight                  |    147     |
|                   fm.blocks1.SCINet_Tree.workingblock.interact.level.psi.4.bias                   |     7      |
|                   fm.blocks1.SCINet_Tree.workingblock.interact.level.P.1.weight                   |    245     |
|                    fm.blocks1.SCINet_Tree.workingblock.interact.level.P.1.bias                    |     7      |
|                   fm.blocks1.SCINet_Tree.workingblock.interact.level.P.4.weight                   |    147     |
|                    fm.blocks1.SCINet_Tree.workingblock.interact.level.P.4.bias                    |     7      |
|                   fm.blocks1.SCINet_Tree.workingblock.interact.level.U.1.weight                   |    245     |
|                    fm.blocks1.SCINet_Tree.workingblock.interact.level.U.1.bias                    |     7      |
|                   fm.blocks1.SCINet_Tree.workingblock.interact.level.U.4.weight                   |    147     |
|                    fm.blocks1.SCINet_Tree.workingblock.interact.level.U.4.bias                    |     7      |
|          fm.blocks1.SCINet_Tree.SCINet_Tree_odd.workingblock.interact.level.phi.1.weight          |    245     |
|           fm.blocks1.SCINet_Tree.SCINet_Tree_odd.workingblock.interact.level.phi.1.bias           |     7      |
|          fm.blocks1.SCINet_Tree.SCINet_Tree_odd.workingblock.interact.level.phi.4.weight          |    147     |
|           fm.blocks1.SCINet_Tree.SCINet_Tree_odd.workingblock.interact.level.phi.4.bias           |     7      |
|          fm.blocks1.SCINet_Tree.SCINet_Tree_odd.workingblock.interact.level.psi.1.weight          |    245     |
|           fm.blocks1.SCINet_Tree.SCINet_Tree_odd.workingblock.interact.level.psi.1.bias           |     7      |
|          fm.blocks1.SCINet_Tree.SCINet_Tree_odd.workingblock.interact.level.psi.4.weight          |    147     |
|           fm.blocks1.SCINet_Tree.SCINet_Tree_odd.workingblock.interact.level.psi.4.bias           |     7      |
|           fm.blocks1.SCINet_Tree.SCINet_Tree_odd.workingblock.interact.level.P.1.weight           |    245     |
|            fm.blocks1.SCINet_Tree.SCINet_Tree_odd.workingblock.interact.level.P.1.bias            |     7      |
|           fm.blocks1.SCINet_Tree.SCINet_Tree_odd.workingblock.interact.level.P.4.weight           |    147     |
|            fm.blocks1.SCINet_Tree.SCINet_Tree_odd.workingblock.interact.level.P.4.bias            |     7      |
|           fm.blocks1.SCINet_Tree.SCINet_Tree_odd.workingblock.interact.level.U.1.weight           |    245     |
|            fm.blocks1.SCINet_Tree.SCINet_Tree_odd.workingblock.interact.level.U.1.bias            |     7      |
|           fm.blocks1.SCINet_Tree.SCINet_Tree_odd.workingblock.interact.level.U.4.weight           |    147     |
|            fm.blocks1.SCINet_Tree.SCINet_Tree_odd.workingblock.interact.level.U.4.bias            |     7      |
|  fm.blocks1.SCINet_Tree.SCINet_Tree_odd.SCINet_Tree_odd.workingblock.interact.level.phi.1.weight  |    245     |
|   fm.blocks1.SCINet_Tree.SCINet_Tree_odd.SCINet_Tree_odd.workingblock.interact.level.phi.1.bias   |     7      |
|  fm.blocks1.SCINet_Tree.SCINet_Tree_odd.SCINet_Tree_odd.workingblock.interact.level.phi.4.weight  |    147     |
|   fm.blocks1.SCINet_Tree.SCINet_Tree_odd.SCINet_Tree_odd.workingblock.interact.level.phi.4.bias   |     7      |
|  fm.blocks1.SCINet_Tree.SCINet_Tree_odd.SCINet_Tree_odd.workingblock.interact.level.psi.1.weight  |    245     |
|   fm.blocks1.SCINet_Tree.SCINet_Tree_odd.SCINet_Tree_odd.workingblock.interact.level.psi.1.bias   |     7      |
|  fm.blocks1.SCINet_Tree.SCINet_Tree_odd.SCINet_Tree_odd.workingblock.interact.level.psi.4.weight  |    147     |
|   fm.blocks1.SCINet_Tree.SCINet_Tree_odd.SCINet_Tree_odd.workingblock.interact.level.psi.4.bias   |     7      |
|   fm.blocks1.SCINet_Tree.SCINet_Tree_odd.SCINet_Tree_odd.workingblock.interact.level.P.1.weight   |    245     |
|    fm.blocks1.SCINet_Tree.SCINet_Tree_odd.SCINet_Tree_odd.workingblock.interact.level.P.1.bias    |     7      |
|   fm.blocks1.SCINet_Tree.SCINet_Tree_odd.SCINet_Tree_odd.workingblock.interact.level.P.4.weight   |    147     |
|    fm.blocks1.SCINet_Tree.SCINet_Tree_odd.SCINet_Tree_odd.workingblock.interact.level.P.4.bias    |     7      |
|   fm.blocks1.SCINet_Tree.SCINet_Tree_odd.SCINet_Tree_odd.workingblock.interact.level.U.1.weight   |    245     |
|    fm.blocks1.SCINet_Tree.SCINet_Tree_odd.SCINet_Tree_odd.workingblock.interact.level.U.1.bias    |     7      |
|   fm.blocks1.SCINet_Tree.SCINet_Tree_odd.SCINet_Tree_odd.workingblock.interact.level.U.4.weight   |    147     |
|    fm.blocks1.SCINet_Tree.SCINet_Tree_odd.SCINet_Tree_odd.workingblock.interact.level.U.4.bias    |     7      |
|  fm.blocks1.SCINet_Tree.SCINet_Tree_odd.SCINet_Tree_even.workingblock.interact.level.phi.1.weight |    245     |
|   fm.blocks1.SCINet_Tree.SCINet_Tree_odd.SCINet_Tree_even.workingblock.interact.level.phi.1.bias  |     7      |
|  fm.blocks1.SCINet_Tree.SCINet_Tree_odd.SCINet_Tree_even.workingblock.interact.level.phi.4.weight |    147     |
|   fm.blocks1.SCINet_Tree.SCINet_Tree_odd.SCINet_Tree_even.workingblock.interact.level.phi.4.bias  |     7      |
|  fm.blocks1.SCINet_Tree.SCINet_Tree_odd.SCINet_Tree_even.workingblock.interact.level.psi.1.weight |    245     |
|   fm.blocks1.SCINet_Tree.SCINet_Tree_odd.SCINet_Tree_even.workingblock.interact.level.psi.1.bias  |     7      |
|  fm.blocks1.SCINet_Tree.SCINet_Tree_odd.SCINet_Tree_even.workingblock.interact.level.psi.4.weight |    147     |
|   fm.blocks1.SCINet_Tree.SCINet_Tree_odd.SCINet_Tree_even.workingblock.interact.level.psi.4.bias  |     7      |
|   fm.blocks1.SCINet_Tree.SCINet_Tree_odd.SCINet_Tree_even.workingblock.interact.level.P.1.weight  |    245     |
|    fm.blocks1.SCINet_Tree.SCINet_Tree_odd.SCINet_Tree_even.workingblock.interact.level.P.1.bias   |     7      |
|   fm.blocks1.SCINet_Tree.SCINet_Tree_odd.SCINet_Tree_even.workingblock.interact.level.P.4.weight  |    147     |
|    fm.blocks1.SCINet_Tree.SCINet_Tree_odd.SCINet_Tree_even.workingblock.interact.level.P.4.bias   |     7      |
|   fm.blocks1.SCINet_Tree.SCINet_Tree_odd.SCINet_Tree_even.workingblock.interact.level.U.1.weight  |    245     |
|    fm.blocks1.SCINet_Tree.SCINet_Tree_odd.SCINet_Tree_even.workingblock.interact.level.U.1.bias   |     7      |
|   fm.blocks1.SCINet_Tree.SCINet_Tree_odd.SCINet_Tree_even.workingblock.interact.level.U.4.weight  |    147     |
|    fm.blocks1.SCINet_Tree.SCINet_Tree_odd.SCINet_Tree_even.workingblock.interact.level.U.4.bias   |     7      |
|          fm.blocks1.SCINet_Tree.SCINet_Tree_even.workingblock.interact.level.phi.1.weight         |    245     |
|           fm.blocks1.SCINet_Tree.SCINet_Tree_even.workingblock.interact.level.phi.1.bias          |     7      |
|          fm.blocks1.SCINet_Tree.SCINet_Tree_even.workingblock.interact.level.phi.4.weight         |    147     |
|           fm.blocks1.SCINet_Tree.SCINet_Tree_even.workingblock.interact.level.phi.4.bias          |     7      |
|          fm.blocks1.SCINet_Tree.SCINet_Tree_even.workingblock.interact.level.psi.1.weight         |    245     |
|           fm.blocks1.SCINet_Tree.SCINet_Tree_even.workingblock.interact.level.psi.1.bias          |     7      |
|          fm.blocks1.SCINet_Tree.SCINet_Tree_even.workingblock.interact.level.psi.4.weight         |    147     |
|           fm.blocks1.SCINet_Tree.SCINet_Tree_even.workingblock.interact.level.psi.4.bias          |     7      |
|           fm.blocks1.SCINet_Tree.SCINet_Tree_even.workingblock.interact.level.P.1.weight          |    245     |
|            fm.blocks1.SCINet_Tree.SCINet_Tree_even.workingblock.interact.level.P.1.bias           |     7      |
|           fm.blocks1.SCINet_Tree.SCINet_Tree_even.workingblock.interact.level.P.4.weight          |    147     |
|            fm.blocks1.SCINet_Tree.SCINet_Tree_even.workingblock.interact.level.P.4.bias           |     7      |
|           fm.blocks1.SCINet_Tree.SCINet_Tree_even.workingblock.interact.level.U.1.weight          |    245     |
|            fm.blocks1.SCINet_Tree.SCINet_Tree_even.workingblock.interact.level.U.1.bias           |     7      |
|           fm.blocks1.SCINet_Tree.SCINet_Tree_even.workingblock.interact.level.U.4.weight          |    147     |
|            fm.blocks1.SCINet_Tree.SCINet_Tree_even.workingblock.interact.level.U.4.bias           |     7      |
|  fm.blocks1.SCINet_Tree.SCINet_Tree_even.SCINet_Tree_odd.workingblock.interact.level.phi.1.weight |    245     |
|   fm.blocks1.SCINet_Tree.SCINet_Tree_even.SCINet_Tree_odd.workingblock.interact.level.phi.1.bias  |     7      |
|  fm.blocks1.SCINet_Tree.SCINet_Tree_even.SCINet_Tree_odd.workingblock.interact.level.phi.4.weight |    147     |
|   fm.blocks1.SCINet_Tree.SCINet_Tree_even.SCINet_Tree_odd.workingblock.interact.level.phi.4.bias  |     7      |
|  fm.blocks1.SCINet_Tree.SCINet_Tree_even.SCINet_Tree_odd.workingblock.interact.level.psi.1.weight |    245     |
|   fm.blocks1.SCINet_Tree.SCINet_Tree_even.SCINet_Tree_odd.workingblock.interact.level.psi.1.bias  |     7      |
|  fm.blocks1.SCINet_Tree.SCINet_Tree_even.SCINet_Tree_odd.workingblock.interact.level.psi.4.weight |    147     |
|   fm.blocks1.SCINet_Tree.SCINet_Tree_even.SCINet_Tree_odd.workingblock.interact.level.psi.4.bias  |     7      |
|   fm.blocks1.SCINet_Tree.SCINet_Tree_even.SCINet_Tree_odd.workingblock.interact.level.P.1.weight  |    245     |
|    fm.blocks1.SCINet_Tree.SCINet_Tree_even.SCINet_Tree_odd.workingblock.interact.level.P.1.bias   |     7      |
|   fm.blocks1.SCINet_Tree.SCINet_Tree_even.SCINet_Tree_odd.workingblock.interact.level.P.4.weight  |    147     |
|    fm.blocks1.SCINet_Tree.SCINet_Tree_even.SCINet_Tree_odd.workingblock.interact.level.P.4.bias   |     7      |
|   fm.blocks1.SCINet_Tree.SCINet_Tree_even.SCINet_Tree_odd.workingblock.interact.level.U.1.weight  |    245     |
|    fm.blocks1.SCINet_Tree.SCINet_Tree_even.SCINet_Tree_odd.workingblock.interact.level.U.1.bias   |     7      |
|   fm.blocks1.SCINet_Tree.SCINet_Tree_even.SCINet_Tree_odd.workingblock.interact.level.U.4.weight  |    147     |
|    fm.blocks1.SCINet_Tree.SCINet_Tree_even.SCINet_Tree_odd.workingblock.interact.level.U.4.bias   |     7      |
| fm.blocks1.SCINet_Tree.SCINet_Tree_even.SCINet_Tree_even.workingblock.interact.level.phi.1.weight |    245     |
|  fm.blocks1.SCINet_Tree.SCINet_Tree_even.SCINet_Tree_even.workingblock.interact.level.phi.1.bias  |     7      |
| fm.blocks1.SCINet_Tree.SCINet_Tree_even.SCINet_Tree_even.workingblock.interact.level.phi.4.weight |    147     |
|  fm.blocks1.SCINet_Tree.SCINet_Tree_even.SCINet_Tree_even.workingblock.interact.level.phi.4.bias  |     7      |
| fm.blocks1.SCINet_Tree.SCINet_Tree_even.SCINet_Tree_even.workingblock.interact.level.psi.1.weight |    245     |
|  fm.blocks1.SCINet_Tree.SCINet_Tree_even.SCINet_Tree_even.workingblock.interact.level.psi.1.bias  |     7      |
| fm.blocks1.SCINet_Tree.SCINet_Tree_even.SCINet_Tree_even.workingblock.interact.level.psi.4.weight |    147     |
|  fm.blocks1.SCINet_Tree.SCINet_Tree_even.SCINet_Tree_even.workingblock.interact.level.psi.4.bias  |     7      |
|  fm.blocks1.SCINet_Tree.SCINet_Tree_even.SCINet_Tree_even.workingblock.interact.level.P.1.weight  |    245     |
|   fm.blocks1.SCINet_Tree.SCINet_Tree_even.SCINet_Tree_even.workingblock.interact.level.P.1.bias   |     7      |
|  fm.blocks1.SCINet_Tree.SCINet_Tree_even.SCINet_Tree_even.workingblock.interact.level.P.4.weight  |    147     |
|   fm.blocks1.SCINet_Tree.SCINet_Tree_even.SCINet_Tree_even.workingblock.interact.level.P.4.bias   |     7      |
|  fm.blocks1.SCINet_Tree.SCINet_Tree_even.SCINet_Tree_even.workingblock.interact.level.U.1.weight  |    245     |
|   fm.blocks1.SCINet_Tree.SCINet_Tree_even.SCINet_Tree_even.workingblock.interact.level.U.1.bias   |     7      |
|  fm.blocks1.SCINet_Tree.SCINet_Tree_even.SCINet_Tree_even.workingblock.interact.level.U.4.weight  |    147     |
|   fm.blocks1.SCINet_Tree.SCINet_Tree_even.SCINet_Tree_even.workingblock.interact.level.U.4.bias   |     7      |
|                                       fm.projection1.weight                                       |    9216    |
|                                             nm.weight                                             |     14     |
|                                 nm.model_freq.model_freq.0.weight                                 |    6144    |
|                                  nm.model_freq.model_freq.0.bias                                  |     64     |
|                                  nm.model_freq.model_all.0.weight                                 |   20480    |
|                                   nm.model_freq.model_all.0.bias                                  |    128     |
|                                  nm.model_freq.model_all.2.weight                                 |   12288    |
|                                   nm.model_freq.model_all.2.bias                                  |     96     |
+---------------------------------------------------------------------------------------------------+------------+
[2025-01-31 15:37:22] - Total Trainable Params: 59798
[2025-01-31 15:37:22] - model parameters: 59798
[2025-01-31 15:38:31] - Epoch: 1 cost time: 69.69861316680908
[2025-01-31 15:38:31] - Traininng loss : 0.7206508436591126
[2025-01-31 15:38:38] - vali_results: {'mae': 0.4314016103744507, 'mape': 1.7325637340545654, 'mse': 0.4166705310344696, 'rmse': 0.6455002427101135}
[2025-01-31 15:39:48] - Epoch: 2 cost time: 146.04333305358887
[2025-01-31 15:39:48] - Traininng loss : 0.6176911006694616
[2025-01-31 15:39:55] - vali_results: {'mae': 0.4337296187877655, 'mape': 1.6694608926773071, 'mse': 0.4183982312679291, 'rmse': 0.6468371152877808}
[2025-01-31 15:41:05] - Epoch: 3 cost time: 223.3115587234497
[2025-01-31 15:41:05] - Traininng loss : 0.5961530636909396
[2025-01-31 15:41:12] - vali_results: {'mae': 0.43338531255722046, 'mape': 1.7453862428665161, 'mse': 0.41089701652526855, 'rmse': 0.6410124897956848}
[2025-01-31 15:42:19] - Epoch: 4 cost time: 297.72493743896484
[2025-01-31 15:42:19] - Traininng loss : 0.5844154013312141
[2025-01-31 15:42:28] - vali_results: {'mae': 0.4279593825340271, 'mape': 1.8447238206863403, 'mse': 0.4093485176563263, 'rmse': 0.6398035287857056}
[2025-01-31 15:43:39] - Epoch: 5 cost time: 377.42282581329346
[2025-01-31 15:43:39] - Traininng loss : 0.5759317235891209
[2025-01-31 15:43:46] - vali_results: {'mae': 0.42666637897491455, 'mape': 1.788887858390808, 'mse': 0.4056130349636078, 'rmse': 0.6368775963783264}
[2025-01-31 15:44:53] - Epoch: 6 cost time: 451.68621492385864
[2025-01-31 15:44:53] - Traininng loss : 0.5694717376176701
[2025-01-31 15:45:00] - vali_results: {'mae': 0.4304215610027313, 'mape': 1.7778480052947998, 'mse': 0.411211222410202, 'rmse': 0.6412575244903564}
[2025-01-31 15:46:10] - Epoch: 7 cost time: 528.3949167728424
[2025-01-31 15:46:10] - Traininng loss : 0.5654812611535538
[2025-01-31 15:46:17] - vali_results: {'mae': 0.43015381693840027, 'mape': 1.7740669250488281, 'mse': 0.4083371162414551, 'rmse': 0.6390126347541809}
[2025-01-31 15:47:24] - Epoch: 8 cost time: 602.7399184703827
[2025-01-31 15:47:24] - Traininng loss : 0.5614620239512865
[2025-01-31 15:47:31] - vali_results: {'mae': 0.4340023994445801, 'mape': 1.8512357473373413, 'mse': 0.41817471385002136, 'rmse': 0.6466643214225769}
[2025-01-31 15:48:39] - Epoch: 9 cost time: 677.5427443981171
[2025-01-31 15:48:39] - Traininng loss : 0.5574489582000777
[2025-01-31 15:48:46] - vali_results: {'mae': 0.43187201023101807, 'mape': 1.9019917249679565, 'mse': 0.41778552532196045, 'rmse': 0.6463633179664612}
[2025-01-31 15:49:54] - Epoch: 10 cost time: 752.5308158397675
[2025-01-31 15:49:54] - Traininng loss : 0.5548816251754761
[2025-01-31 15:50:01] - vali_results: {'mae': 0.42806586623191833, 'mape': 1.8263379335403442, 'mse': 0.40739721059799194, 'rmse': 0.6382767558097839}
[2025-01-31 15:50:01] - loss no decreased for 5 epochs,  early stopping ....
[2025-01-31 15:50:08] - test_results: {'mae': 0.3718203902244568, 'mape': 2.1387977600097656, 'mse': 0.334263414144516, 'rmse': 0.5781551599502563}
