[2025-01-24 02:01:54] - run : 0 in seed: 3
[2025-01-24 02:01:54] - +---------------------------------------------------------------------------------------------------+------------+
|                                              Modules                                              | Parameters |
+---------------------------------------------------------------------------------------------------+------------+
|                  fm.blocks1.SCINet_Tree.workingblock.interact.level.phi.1.weight                  |   24500    |
|                   fm.blocks1.SCINet_Tree.workingblock.interact.level.phi.1.bias                   |     70     |
|                  fm.blocks1.SCINet_Tree.workingblock.interact.level.phi.4.weight                  |   14700    |
|                   fm.blocks1.SCINet_Tree.workingblock.interact.level.phi.4.bias                   |     70     |
|                  fm.blocks1.SCINet_Tree.workingblock.interact.level.psi.1.weight                  |   24500    |
|                   fm.blocks1.SCINet_Tree.workingblock.interact.level.psi.1.bias                   |     70     |
|                  fm.blocks1.SCINet_Tree.workingblock.interact.level.psi.4.weight                  |   14700    |
|                   fm.blocks1.SCINet_Tree.workingblock.interact.level.psi.4.bias                   |     70     |
|                   fm.blocks1.SCINet_Tree.workingblock.interact.level.P.1.weight                   |   24500    |
|                    fm.blocks1.SCINet_Tree.workingblock.interact.level.P.1.bias                    |     70     |
|                   fm.blocks1.SCINet_Tree.workingblock.interact.level.P.4.weight                   |   14700    |
|                    fm.blocks1.SCINet_Tree.workingblock.interact.level.P.4.bias                    |     70     |
|                   fm.blocks1.SCINet_Tree.workingblock.interact.level.U.1.weight                   |   24500    |
|                    fm.blocks1.SCINet_Tree.workingblock.interact.level.U.1.bias                    |     70     |
|                   fm.blocks1.SCINet_Tree.workingblock.interact.level.U.4.weight                   |   14700    |
|                    fm.blocks1.SCINet_Tree.workingblock.interact.level.U.4.bias                    |     70     |
|          fm.blocks1.SCINet_Tree.SCINet_Tree_odd.workingblock.interact.level.phi.1.weight          |   24500    |
|           fm.blocks1.SCINet_Tree.SCINet_Tree_odd.workingblock.interact.level.phi.1.bias           |     70     |
|          fm.blocks1.SCINet_Tree.SCINet_Tree_odd.workingblock.interact.level.phi.4.weight          |   14700    |
|           fm.blocks1.SCINet_Tree.SCINet_Tree_odd.workingblock.interact.level.phi.4.bias           |     70     |
|          fm.blocks1.SCINet_Tree.SCINet_Tree_odd.workingblock.interact.level.psi.1.weight          |   24500    |
|           fm.blocks1.SCINet_Tree.SCINet_Tree_odd.workingblock.interact.level.psi.1.bias           |     70     |
|          fm.blocks1.SCINet_Tree.SCINet_Tree_odd.workingblock.interact.level.psi.4.weight          |   14700    |
|           fm.blocks1.SCINet_Tree.SCINet_Tree_odd.workingblock.interact.level.psi.4.bias           |     70     |
|           fm.blocks1.SCINet_Tree.SCINet_Tree_odd.workingblock.interact.level.P.1.weight           |   24500    |
|            fm.blocks1.SCINet_Tree.SCINet_Tree_odd.workingblock.interact.level.P.1.bias            |     70     |
|           fm.blocks1.SCINet_Tree.SCINet_Tree_odd.workingblock.interact.level.P.4.weight           |   14700    |
|            fm.blocks1.SCINet_Tree.SCINet_Tree_odd.workingblock.interact.level.P.4.bias            |     70     |
|           fm.blocks1.SCINet_Tree.SCINet_Tree_odd.workingblock.interact.level.U.1.weight           |   24500    |
|            fm.blocks1.SCINet_Tree.SCINet_Tree_odd.workingblock.interact.level.U.1.bias            |     70     |
|           fm.blocks1.SCINet_Tree.SCINet_Tree_odd.workingblock.interact.level.U.4.weight           |   14700    |
|            fm.blocks1.SCINet_Tree.SCINet_Tree_odd.workingblock.interact.level.U.4.bias            |     70     |
|  fm.blocks1.SCINet_Tree.SCINet_Tree_odd.SCINet_Tree_odd.workingblock.interact.level.phi.1.weight  |   24500    |
|   fm.blocks1.SCINet_Tree.SCINet_Tree_odd.SCINet_Tree_odd.workingblock.interact.level.phi.1.bias   |     70     |
|  fm.blocks1.SCINet_Tree.SCINet_Tree_odd.SCINet_Tree_odd.workingblock.interact.level.phi.4.weight  |   14700    |
|   fm.blocks1.SCINet_Tree.SCINet_Tree_odd.SCINet_Tree_odd.workingblock.interact.level.phi.4.bias   |     70     |
|  fm.blocks1.SCINet_Tree.SCINet_Tree_odd.SCINet_Tree_odd.workingblock.interact.level.psi.1.weight  |   24500    |
|   fm.blocks1.SCINet_Tree.SCINet_Tree_odd.SCINet_Tree_odd.workingblock.interact.level.psi.1.bias   |     70     |
|  fm.blocks1.SCINet_Tree.SCINet_Tree_odd.SCINet_Tree_odd.workingblock.interact.level.psi.4.weight  |   14700    |
|   fm.blocks1.SCINet_Tree.SCINet_Tree_odd.SCINet_Tree_odd.workingblock.interact.level.psi.4.bias   |     70     |
|   fm.blocks1.SCINet_Tree.SCINet_Tree_odd.SCINet_Tree_odd.workingblock.interact.level.P.1.weight   |   24500    |
|    fm.blocks1.SCINet_Tree.SCINet_Tree_odd.SCINet_Tree_odd.workingblock.interact.level.P.1.bias    |     70     |
|   fm.blocks1.SCINet_Tree.SCINet_Tree_odd.SCINet_Tree_odd.workingblock.interact.level.P.4.weight   |   14700    |
|    fm.blocks1.SCINet_Tree.SCINet_Tree_odd.SCINet_Tree_odd.workingblock.interact.level.P.4.bias    |     70     |
|   fm.blocks1.SCINet_Tree.SCINet_Tree_odd.SCINet_Tree_odd.workingblock.interact.level.U.1.weight   |   24500    |
|    fm.blocks1.SCINet_Tree.SCINet_Tree_odd.SCINet_Tree_odd.workingblock.interact.level.U.1.bias    |     70     |
|   fm.blocks1.SCINet_Tree.SCINet_Tree_odd.SCINet_Tree_odd.workingblock.interact.level.U.4.weight   |   14700    |
|    fm.blocks1.SCINet_Tree.SCINet_Tree_odd.SCINet_Tree_odd.workingblock.interact.level.U.4.bias    |     70     |
|  fm.blocks1.SCINet_Tree.SCINet_Tree_odd.SCINet_Tree_even.workingblock.interact.level.phi.1.weight |   24500    |
|   fm.blocks1.SCINet_Tree.SCINet_Tree_odd.SCINet_Tree_even.workingblock.interact.level.phi.1.bias  |     70     |
|  fm.blocks1.SCINet_Tree.SCINet_Tree_odd.SCINet_Tree_even.workingblock.interact.level.phi.4.weight |   14700    |
|   fm.blocks1.SCINet_Tree.SCINet_Tree_odd.SCINet_Tree_even.workingblock.interact.level.phi.4.bias  |     70     |
|  fm.blocks1.SCINet_Tree.SCINet_Tree_odd.SCINet_Tree_even.workingblock.interact.level.psi.1.weight |   24500    |
|   fm.blocks1.SCINet_Tree.SCINet_Tree_odd.SCINet_Tree_even.workingblock.interact.level.psi.1.bias  |     70     |
|  fm.blocks1.SCINet_Tree.SCINet_Tree_odd.SCINet_Tree_even.workingblock.interact.level.psi.4.weight |   14700    |
|   fm.blocks1.SCINet_Tree.SCINet_Tree_odd.SCINet_Tree_even.workingblock.interact.level.psi.4.bias  |     70     |
|   fm.blocks1.SCINet_Tree.SCINet_Tree_odd.SCINet_Tree_even.workingblock.interact.level.P.1.weight  |   24500    |
|    fm.blocks1.SCINet_Tree.SCINet_Tree_odd.SCINet_Tree_even.workingblock.interact.level.P.1.bias   |     70     |
|   fm.blocks1.SCINet_Tree.SCINet_Tree_odd.SCINet_Tree_even.workingblock.interact.level.P.4.weight  |   14700    |
|    fm.blocks1.SCINet_Tree.SCINet_Tree_odd.SCINet_Tree_even.workingblock.interact.level.P.4.bias   |     70     |
|   fm.blocks1.SCINet_Tree.SCINet_Tree_odd.SCINet_Tree_even.workingblock.interact.level.U.1.weight  |   24500    |
|    fm.blocks1.SCINet_Tree.SCINet_Tree_odd.SCINet_Tree_even.workingblock.interact.level.U.1.bias   |     70     |
|   fm.blocks1.SCINet_Tree.SCINet_Tree_odd.SCINet_Tree_even.workingblock.interact.level.U.4.weight  |   14700    |
|    fm.blocks1.SCINet_Tree.SCINet_Tree_odd.SCINet_Tree_even.workingblock.interact.level.U.4.bias   |     70     |
|          fm.blocks1.SCINet_Tree.SCINet_Tree_even.workingblock.interact.level.phi.1.weight         |   24500    |
|           fm.blocks1.SCINet_Tree.SCINet_Tree_even.workingblock.interact.level.phi.1.bias          |     70     |
|          fm.blocks1.SCINet_Tree.SCINet_Tree_even.workingblock.interact.level.phi.4.weight         |   14700    |
|           fm.blocks1.SCINet_Tree.SCINet_Tree_even.workingblock.interact.level.phi.4.bias          |     70     |
|          fm.blocks1.SCINet_Tree.SCINet_Tree_even.workingblock.interact.level.psi.1.weight         |   24500    |
|           fm.blocks1.SCINet_Tree.SCINet_Tree_even.workingblock.interact.level.psi.1.bias          |     70     |
|          fm.blocks1.SCINet_Tree.SCINet_Tree_even.workingblock.interact.level.psi.4.weight         |   14700    |
|           fm.blocks1.SCINet_Tree.SCINet_Tree_even.workingblock.interact.level.psi.4.bias          |     70     |
|           fm.blocks1.SCINet_Tree.SCINet_Tree_even.workingblock.interact.level.P.1.weight          |   24500    |
|            fm.blocks1.SCINet_Tree.SCINet_Tree_even.workingblock.interact.level.P.1.bias           |     70     |
|           fm.blocks1.SCINet_Tree.SCINet_Tree_even.workingblock.interact.level.P.4.weight          |   14700    |
|            fm.blocks1.SCINet_Tree.SCINet_Tree_even.workingblock.interact.level.P.4.bias           |     70     |
|           fm.blocks1.SCINet_Tree.SCINet_Tree_even.workingblock.interact.level.U.1.weight          |   24500    |
|            fm.blocks1.SCINet_Tree.SCINet_Tree_even.workingblock.interact.level.U.1.bias           |     70     |
|           fm.blocks1.SCINet_Tree.SCINet_Tree_even.workingblock.interact.level.U.4.weight          |   14700    |
|            fm.blocks1.SCINet_Tree.SCINet_Tree_even.workingblock.interact.level.U.4.bias           |     70     |
|  fm.blocks1.SCINet_Tree.SCINet_Tree_even.SCINet_Tree_odd.workingblock.interact.level.phi.1.weight |   24500    |
|   fm.blocks1.SCINet_Tree.SCINet_Tree_even.SCINet_Tree_odd.workingblock.interact.level.phi.1.bias  |     70     |
|  fm.blocks1.SCINet_Tree.SCINet_Tree_even.SCINet_Tree_odd.workingblock.interact.level.phi.4.weight |   14700    |
|   fm.blocks1.SCINet_Tree.SCINet_Tree_even.SCINet_Tree_odd.workingblock.interact.level.phi.4.bias  |     70     |
|  fm.blocks1.SCINet_Tree.SCINet_Tree_even.SCINet_Tree_odd.workingblock.interact.level.psi.1.weight |   24500    |
|   fm.blocks1.SCINet_Tree.SCINet_Tree_even.SCINet_Tree_odd.workingblock.interact.level.psi.1.bias  |     70     |
|  fm.blocks1.SCINet_Tree.SCINet_Tree_even.SCINet_Tree_odd.workingblock.interact.level.psi.4.weight |   14700    |
|   fm.blocks1.SCINet_Tree.SCINet_Tree_even.SCINet_Tree_odd.workingblock.interact.level.psi.4.bias  |     70     |
|   fm.blocks1.SCINet_Tree.SCINet_Tree_even.SCINet_Tree_odd.workingblock.interact.level.P.1.weight  |   24500    |
|    fm.blocks1.SCINet_Tree.SCINet_Tree_even.SCINet_Tree_odd.workingblock.interact.level.P.1.bias   |     70     |
|   fm.blocks1.SCINet_Tree.SCINet_Tree_even.SCINet_Tree_odd.workingblock.interact.level.P.4.weight  |   14700    |
|    fm.blocks1.SCINet_Tree.SCINet_Tree_even.SCINet_Tree_odd.workingblock.interact.level.P.4.bias   |     70     |
|   fm.blocks1.SCINet_Tree.SCINet_Tree_even.SCINet_Tree_odd.workingblock.interact.level.U.1.weight  |   24500    |
|    fm.blocks1.SCINet_Tree.SCINet_Tree_even.SCINet_Tree_odd.workingblock.interact.level.U.1.bias   |     70     |
|   fm.blocks1.SCINet_Tree.SCINet_Tree_even.SCINet_Tree_odd.workingblock.interact.level.U.4.weight  |   14700    |
|    fm.blocks1.SCINet_Tree.SCINet_Tree_even.SCINet_Tree_odd.workingblock.interact.level.U.4.bias   |     70     |
| fm.blocks1.SCINet_Tree.SCINet_Tree_even.SCINet_Tree_even.workingblock.interact.level.phi.1.weight |   24500    |
|  fm.blocks1.SCINet_Tree.SCINet_Tree_even.SCINet_Tree_even.workingblock.interact.level.phi.1.bias  |     70     |
| fm.blocks1.SCINet_Tree.SCINet_Tree_even.SCINet_Tree_even.workingblock.interact.level.phi.4.weight |   14700    |
|  fm.blocks1.SCINet_Tree.SCINet_Tree_even.SCINet_Tree_even.workingblock.interact.level.phi.4.bias  |     70     |
| fm.blocks1.SCINet_Tree.SCINet_Tree_even.SCINet_Tree_even.workingblock.interact.level.psi.1.weight |   24500    |
|  fm.blocks1.SCINet_Tree.SCINet_Tree_even.SCINet_Tree_even.workingblock.interact.level.psi.1.bias  |     70     |
| fm.blocks1.SCINet_Tree.SCINet_Tree_even.SCINet_Tree_even.workingblock.interact.level.psi.4.weight |   14700    |
|  fm.blocks1.SCINet_Tree.SCINet_Tree_even.SCINet_Tree_even.workingblock.interact.level.psi.4.bias  |     70     |
|  fm.blocks1.SCINet_Tree.SCINet_Tree_even.SCINet_Tree_even.workingblock.interact.level.P.1.weight  |   24500    |
|   fm.blocks1.SCINet_Tree.SCINet_Tree_even.SCINet_Tree_even.workingblock.interact.level.P.1.bias   |     70     |
|  fm.blocks1.SCINet_Tree.SCINet_Tree_even.SCINet_Tree_even.workingblock.interact.level.P.4.weight  |   14700    |
|   fm.blocks1.SCINet_Tree.SCINet_Tree_even.SCINet_Tree_even.workingblock.interact.level.P.4.bias   |     70     |
|  fm.blocks1.SCINet_Tree.SCINet_Tree_even.SCINet_Tree_even.workingblock.interact.level.U.1.weight  |   24500    |
|   fm.blocks1.SCINet_Tree.SCINet_Tree_even.SCINet_Tree_even.workingblock.interact.level.U.1.bias   |     70     |
|  fm.blocks1.SCINet_Tree.SCINet_Tree_even.SCINet_Tree_even.workingblock.interact.level.U.4.weight  |   14700    |
|   fm.blocks1.SCINet_Tree.SCINet_Tree_even.SCINet_Tree_even.workingblock.interact.level.U.4.bias   |     70     |
|                                       fm.projection1.weight                                       |    9216    |
|                                             nm.weight                                             |    140     |
|                                 nm.model_freq.model_freq.0.weight                                 |    6144    |
|                                  nm.model_freq.model_freq.0.bias                                  |     64     |
|                                  nm.model_freq.model_all.0.weight                                 |   20480    |
|                                   nm.model_freq.model_all.0.bias                                  |    128     |
|                                  nm.model_freq.model_all.2.weight                                 |   12288    |
|                                   nm.model_freq.model_all.2.bias                                  |     96     |
+---------------------------------------------------------------------------------------------------+------------+
[2025-01-24 02:01:54] - Total Trainable Params: 1150076
[2025-01-24 02:01:54] - model parameters: 1150076
[2025-01-24 02:01:57] - Epoch: 1 cost time: 3.4392974376678467
[2025-01-24 02:01:57] - Traininng loss : 2.9297619054191992
[2025-01-24 02:01:58] - vali_results: {'mae': 0.8505973219871521, 'mape': 6.677404403686523, 'mse': 1.3513802289962769, 'rmse': 1.1624888181686401}
[2025-01-24 02:02:01] - Epoch: 2 cost time: 7.370576858520508
[2025-01-24 02:02:01] - Traininng loss : 2.1649245557032133
[2025-01-24 02:02:02] - vali_results: {'mae': 0.7723957300186157, 'mape': 5.127124309539795, 'mse': 1.1640187501907349, 'rmse': 1.0788969993591309}
[2025-01-24 02:02:05] - Epoch: 3 cost time: 10.741008043289185
[2025-01-24 02:02:05] - Traininng loss : 2.0054488307551335
[2025-01-24 02:02:05] - vali_results: {'mae': 0.7503096461296082, 'mape': 4.704239845275879, 'mse': 1.1191481351852417, 'rmse': 1.057897925376892}
[2025-01-24 02:02:08] - Epoch: 4 cost time: 14.350849390029907
[2025-01-24 02:02:08] - Traininng loss : 1.9387435568006415
[2025-01-24 02:02:09] - vali_results: {'mae': 0.7344843745231628, 'mape': 4.385325908660889, 'mse': 1.0877048969268799, 'rmse': 1.0429309606552124}
[2025-01-24 02:02:12] - Epoch: 5 cost time: 17.88014268875122
[2025-01-24 02:02:12] - Traininng loss : 1.90236360775797
[2025-01-24 02:02:13] - vali_results: {'mae': 0.7236362099647522, 'mape': 4.0612897872924805, 'mse': 1.0639259815216064, 'rmse': 1.0314679145812988}
[2025-01-24 02:02:16] - Epoch: 6 cost time: 21.986515998840332
[2025-01-24 02:02:16] - Traininng loss : 1.8606613811693693
[2025-01-24 02:02:17] - vali_results: {'mae': 0.7149626612663269, 'mape': 3.762160062789917, 'mse': 1.044510841369629, 'rmse': 1.0220131874084473}
[2025-01-24 02:02:20] - Epoch: 7 cost time: 25.855982780456543
[2025-01-24 02:02:20] - Traininng loss : 1.8217574640324241
[2025-01-24 02:02:20] - vali_results: {'mae': 0.7056083679199219, 'mape': 3.5316758155822754, 'mse': 1.0269148349761963, 'rmse': 1.013368010520935}
[2025-01-24 02:02:24] - Epoch: 8 cost time: 29.71294116973877
[2025-01-24 02:02:24] - Traininng loss : 1.7979368128274615
[2025-01-24 02:02:24] - vali_results: {'mae': 0.6986442804336548, 'mape': 3.3118319511413574, 'mse': 1.0131702423095703, 'rmse': 1.0065635442733765}
[2025-01-24 02:02:27] - Epoch: 9 cost time: 33.160016775131226
[2025-01-24 02:02:27] - Traininng loss : 1.7736277423406903
[2025-01-24 02:02:28] - vali_results: {'mae': 0.6935263872146606, 'mape': 3.1189463138580322, 'mse': 1.0026729106903076, 'rmse': 1.001335620880127}
[2025-01-24 02:02:31] - Epoch: 10 cost time: 36.55444836616516
[2025-01-24 02:02:31] - Traininng loss : 1.7542462725388377
[2025-01-24 02:02:31] - vali_results: {'mae': 0.6891239285469055, 'mape': 2.9487195014953613, 'mse': 0.9939661622047424, 'rmse': 0.9969785213470459}
[2025-01-24 02:02:34] - Epoch: 11 cost time: 39.8520941734314
[2025-01-24 02:02:34] - Traininng loss : 1.7330147937724465
[2025-01-24 02:02:34] - vali_results: {'mae': 0.6860207319259644, 'mape': 2.789525032043457, 'mse': 0.9873878359794617, 'rmse': 0.9936739206314087}
[2025-01-24 02:02:37] - Epoch: 12 cost time: 43.1980345249176
[2025-01-24 02:02:37] - Traininng loss : 1.7256966170511747
[2025-01-24 02:02:38] - vali_results: {'mae': 0.6840797066688538, 'mape': 2.6616601943969727, 'mse': 0.9825555682182312, 'rmse': 0.9912394285202026}
[2025-01-24 02:02:41] - Epoch: 13 cost time: 46.53975534439087
[2025-01-24 02:02:41] - Traininng loss : 1.7119608019527637
[2025-01-24 02:02:41] - vali_results: {'mae': 0.6812955737113953, 'mape': 2.5544567108154297, 'mse': 0.9778529405593872, 'rmse': 0.9888644814491272}
[2025-01-24 02:02:44] - Epoch: 14 cost time: 50.05061340332031
[2025-01-24 02:02:44] - Traininng loss : 1.7020369736771834
[2025-01-24 02:02:45] - vali_results: {'mae': 0.6794838905334473, 'mape': 2.4734060764312744, 'mse': 0.9744166731834412, 'rmse': 0.9871254563331604}
[2025-01-24 02:02:48] - Epoch: 15 cost time: 53.4969847202301
[2025-01-24 02:02:48] - Traininng loss : 1.694648447789644
[2025-01-24 02:02:48] - vali_results: {'mae': 0.6785231232643127, 'mape': 2.3862152099609375, 'mse': 0.9721910357475281, 'rmse': 0.9859974980354309}
[2025-01-24 02:02:51] - Epoch: 16 cost time: 56.85031533241272
[2025-01-24 02:02:51] - Traininng loss : 1.6844938930712248
[2025-01-24 02:02:51] - vali_results: {'mae': 0.6769245862960815, 'mape': 2.3386197090148926, 'mse': 0.9698282480239868, 'rmse': 0.9847986102104187}
[2025-01-24 02:02:54] - Epoch: 17 cost time: 60.217135429382324
[2025-01-24 02:02:54] - Traininng loss : 1.6830337643623352
[2025-01-24 02:02:55] - vali_results: {'mae': 0.6772710680961609, 'mape': 2.269216775894165, 'mse': 0.9693388342857361, 'rmse': 0.9845500588417053}
[2025-01-24 02:02:58] - Epoch: 18 cost time: 63.62491011619568
[2025-01-24 02:02:58] - Traininng loss : 1.6750473819280927
[2025-01-24 02:02:58] - vali_results: {'mae': 0.6754307150840759, 'mape': 2.2437641620635986, 'mse': 0.9670315384864807, 'rmse': 0.9833776354789734}
[2025-01-24 02:03:01] - Epoch: 19 cost time: 67.1648359298706
[2025-01-24 02:03:01] - Traininng loss : 1.6756462172458046
[2025-01-24 02:03:02] - vali_results: {'mae': 0.6772561073303223, 'mape': 2.1762568950653076, 'mse': 0.9680445790290833, 'rmse': 0.983892560005188}
[2025-01-24 02:03:05] - Epoch: 20 cost time: 70.49546265602112
[2025-01-24 02:03:05] - Traininng loss : 1.6780754766966168
[2025-01-24 02:03:05] - vali_results: {'mae': 0.6755609512329102, 'mape': 2.1774938106536865, 'mse': 0.9663665890693665, 'rmse': 0.9830394387245178}
[2025-01-24 02:03:08] - Epoch: 21 cost time: 74.0320999622345
[2025-01-24 02:03:08] - Traininng loss : 1.6712695203329389
[2025-01-24 02:03:09] - vali_results: {'mae': 0.6750138998031616, 'mape': 2.1616952419281006, 'mse': 0.9655608534812927, 'rmse': 0.9826295375823975}
[2025-01-24 02:03:11] - Epoch: 22 cost time: 77.46315574645996
[2025-01-24 02:03:11] - Traininng loss : 1.6692152180169757
[2025-01-24 02:03:12] - vali_results: {'mae': 0.6744048595428467, 'mape': 2.139549970626831, 'mse': 0.9645980596542358, 'rmse': 0.982139527797699}
[2025-01-24 02:03:15] - Epoch: 23 cost time: 80.9601035118103
[2025-01-24 02:03:15] - Traininng loss : 1.6654217337307178
[2025-01-24 02:03:16] - vali_results: {'mae': 0.6742332577705383, 'mape': 2.145143985748291, 'mse': 0.9646729230880737, 'rmse': 0.9821776151657104}
[2025-01-24 02:03:18] - Epoch: 24 cost time: 84.47306704521179
[2025-01-24 02:03:18] - Traininng loss : 1.6563459540668286
[2025-01-24 02:03:19] - vali_results: {'mae': 0.6748058199882507, 'mape': 2.130800724029541, 'mse': 0.9652170538902283, 'rmse': 0.9824545979499817}
[2025-01-24 02:03:22] - Epoch: 25 cost time: 87.79729652404785
[2025-01-24 02:03:22] - Traininng loss : 1.6552029753986157
[2025-01-24 02:03:22] - vali_results: {'mae': 0.673997163772583, 'mape': 2.136582612991333, 'mse': 0.9642121195793152, 'rmse': 0.9819430112838745}
[2025-01-24 02:03:25] - Epoch: 26 cost time: 91.16418957710266
[2025-01-24 02:03:25] - Traininng loss : 1.6560470179507607
[2025-01-24 02:03:26] - vali_results: {'mae': 0.6741979718208313, 'mape': 2.133889675140381, 'mse': 0.9643431305885315, 'rmse': 0.982009768486023}
[2025-01-24 02:03:29] - Epoch: 27 cost time: 94.49228429794312
[2025-01-24 02:03:29] - Traininng loss : 1.6613516148767973
[2025-01-24 02:03:29] - vali_results: {'mae': 0.6739071607589722, 'mape': 2.1460795402526855, 'mse': 0.9645400047302246, 'rmse': 0.9821099638938904}
[2025-01-24 02:03:32] - Epoch: 28 cost time: 98.08119893074036
[2025-01-24 02:03:32] - Traininng loss : 1.661301719514947
[2025-01-24 02:03:33] - vali_results: {'mae': 0.6735357046127319, 'mape': 2.147723913192749, 'mse': 0.9640241861343384, 'rmse': 0.98184734582901}
[2025-01-24 02:03:35] - Epoch: 29 cost time: 101.4486608505249
[2025-01-24 02:03:35] - Traininng loss : 1.6535834607325102
[2025-01-24 02:03:36] - vali_results: {'mae': 0.6734963655471802, 'mape': 2.1520936489105225, 'mse': 0.9639723300933838, 'rmse': 0.9818209409713745}
[2025-01-24 02:03:39] - Epoch: 30 cost time: 104.82795548439026
[2025-01-24 02:03:39] - Traininng loss : 1.6542930853994269
[2025-01-24 02:03:39] - vali_results: {'mae': 0.6739597320556641, 'mape': 2.1506619453430176, 'mse': 0.9644691944122314, 'rmse': 0.9820739030838013}
[2025-01-24 02:03:42] - Epoch: 31 cost time: 108.16185164451599
[2025-01-24 02:03:42] - Traininng loss : 1.6569210259537948
[2025-01-24 02:03:43] - vali_results: {'mae': 0.6745330095291138, 'mape': 2.1451382637023926, 'mse': 0.964893102645874, 'rmse': 0.982289731502533}
[2025-01-24 02:03:46] - Epoch: 32 cost time: 111.61823177337646
[2025-01-24 02:03:46] - Traininng loss : 1.6542204869420905
[2025-01-24 02:03:46] - vali_results: {'mae': 0.6748076677322388, 'mape': 2.1460611820220947, 'mse': 0.9654030799865723, 'rmse': 0.982549250125885}
[2025-01-24 02:03:49] - Epoch: 33 cost time: 115.27903890609741
[2025-01-24 02:03:49] - Traininng loss : 1.6480018935705487
[2025-01-24 02:03:50] - vali_results: {'mae': 0.6746224761009216, 'mape': 2.173577070236206, 'mse': 0.9655762910842896, 'rmse': 0.9826374053955078}
[2025-01-24 02:03:53] - Epoch: 34 cost time: 119.104327917099
[2025-01-24 02:03:53] - Traininng loss : 1.6546850863255953
[2025-01-24 02:03:54] - vali_results: {'mae': 0.6741523742675781, 'mape': 2.167959451675415, 'mse': 0.9653357267379761, 'rmse': 0.9825149774551392}
[2025-01-24 02:03:54] - loss no decreased for 5 epochs,  early stopping ....
[2025-01-24 02:03:54] - test_results: {'mae': 0.5410587191581726, 'mape': 2.406102180480957, 'mse': 0.7162771821022034, 'rmse': 0.8463315963745117}
