[2025-01-31 19:55:58] - run : 0 in seed: 3
[2025-01-31 19:55:58] - +---------------------------------------------------------------------------------------------------+------------+
|                                              Modules                                              | Parameters |
+---------------------------------------------------------------------------------------------------+------------+
|                  fm.blocks1.SCINet_Tree.workingblock.interact.level.phi.1.weight                  |    2205    |
|                   fm.blocks1.SCINet_Tree.workingblock.interact.level.phi.1.bias                   |     21     |
|                  fm.blocks1.SCINet_Tree.workingblock.interact.level.phi.4.weight                  |    1323    |
|                   fm.blocks1.SCINet_Tree.workingblock.interact.level.phi.4.bias                   |     21     |
|                  fm.blocks1.SCINet_Tree.workingblock.interact.level.psi.1.weight                  |    2205    |
|                   fm.blocks1.SCINet_Tree.workingblock.interact.level.psi.1.bias                   |     21     |
|                  fm.blocks1.SCINet_Tree.workingblock.interact.level.psi.4.weight                  |    1323    |
|                   fm.blocks1.SCINet_Tree.workingblock.interact.level.psi.4.bias                   |     21     |
|                   fm.blocks1.SCINet_Tree.workingblock.interact.level.P.1.weight                   |    2205    |
|                    fm.blocks1.SCINet_Tree.workingblock.interact.level.P.1.bias                    |     21     |
|                   fm.blocks1.SCINet_Tree.workingblock.interact.level.P.4.weight                   |    1323    |
|                    fm.blocks1.SCINet_Tree.workingblock.interact.level.P.4.bias                    |     21     |
|                   fm.blocks1.SCINet_Tree.workingblock.interact.level.U.1.weight                   |    2205    |
|                    fm.blocks1.SCINet_Tree.workingblock.interact.level.U.1.bias                    |     21     |
|                   fm.blocks1.SCINet_Tree.workingblock.interact.level.U.4.weight                   |    1323    |
|                    fm.blocks1.SCINet_Tree.workingblock.interact.level.U.4.bias                    |     21     |
|          fm.blocks1.SCINet_Tree.SCINet_Tree_odd.workingblock.interact.level.phi.1.weight          |    2205    |
|           fm.blocks1.SCINet_Tree.SCINet_Tree_odd.workingblock.interact.level.phi.1.bias           |     21     |
|          fm.blocks1.SCINet_Tree.SCINet_Tree_odd.workingblock.interact.level.phi.4.weight          |    1323    |
|           fm.blocks1.SCINet_Tree.SCINet_Tree_odd.workingblock.interact.level.phi.4.bias           |     21     |
|          fm.blocks1.SCINet_Tree.SCINet_Tree_odd.workingblock.interact.level.psi.1.weight          |    2205    |
|           fm.blocks1.SCINet_Tree.SCINet_Tree_odd.workingblock.interact.level.psi.1.bias           |     21     |
|          fm.blocks1.SCINet_Tree.SCINet_Tree_odd.workingblock.interact.level.psi.4.weight          |    1323    |
|           fm.blocks1.SCINet_Tree.SCINet_Tree_odd.workingblock.interact.level.psi.4.bias           |     21     |
|           fm.blocks1.SCINet_Tree.SCINet_Tree_odd.workingblock.interact.level.P.1.weight           |    2205    |
|            fm.blocks1.SCINet_Tree.SCINet_Tree_odd.workingblock.interact.level.P.1.bias            |     21     |
|           fm.blocks1.SCINet_Tree.SCINet_Tree_odd.workingblock.interact.level.P.4.weight           |    1323    |
|            fm.blocks1.SCINet_Tree.SCINet_Tree_odd.workingblock.interact.level.P.4.bias            |     21     |
|           fm.blocks1.SCINet_Tree.SCINet_Tree_odd.workingblock.interact.level.U.1.weight           |    2205    |
|            fm.blocks1.SCINet_Tree.SCINet_Tree_odd.workingblock.interact.level.U.1.bias            |     21     |
|           fm.blocks1.SCINet_Tree.SCINet_Tree_odd.workingblock.interact.level.U.4.weight           |    1323    |
|            fm.blocks1.SCINet_Tree.SCINet_Tree_odd.workingblock.interact.level.U.4.bias            |     21     |
|  fm.blocks1.SCINet_Tree.SCINet_Tree_odd.SCINet_Tree_odd.workingblock.interact.level.phi.1.weight  |    2205    |
|   fm.blocks1.SCINet_Tree.SCINet_Tree_odd.SCINet_Tree_odd.workingblock.interact.level.phi.1.bias   |     21     |
|  fm.blocks1.SCINet_Tree.SCINet_Tree_odd.SCINet_Tree_odd.workingblock.interact.level.phi.4.weight  |    1323    |
|   fm.blocks1.SCINet_Tree.SCINet_Tree_odd.SCINet_Tree_odd.workingblock.interact.level.phi.4.bias   |     21     |
|  fm.blocks1.SCINet_Tree.SCINet_Tree_odd.SCINet_Tree_odd.workingblock.interact.level.psi.1.weight  |    2205    |
|   fm.blocks1.SCINet_Tree.SCINet_Tree_odd.SCINet_Tree_odd.workingblock.interact.level.psi.1.bias   |     21     |
|  fm.blocks1.SCINet_Tree.SCINet_Tree_odd.SCINet_Tree_odd.workingblock.interact.level.psi.4.weight  |    1323    |
|   fm.blocks1.SCINet_Tree.SCINet_Tree_odd.SCINet_Tree_odd.workingblock.interact.level.psi.4.bias   |     21     |
|   fm.blocks1.SCINet_Tree.SCINet_Tree_odd.SCINet_Tree_odd.workingblock.interact.level.P.1.weight   |    2205    |
|    fm.blocks1.SCINet_Tree.SCINet_Tree_odd.SCINet_Tree_odd.workingblock.interact.level.P.1.bias    |     21     |
|   fm.blocks1.SCINet_Tree.SCINet_Tree_odd.SCINet_Tree_odd.workingblock.interact.level.P.4.weight   |    1323    |
|    fm.blocks1.SCINet_Tree.SCINet_Tree_odd.SCINet_Tree_odd.workingblock.interact.level.P.4.bias    |     21     |
|   fm.blocks1.SCINet_Tree.SCINet_Tree_odd.SCINet_Tree_odd.workingblock.interact.level.U.1.weight   |    2205    |
|    fm.blocks1.SCINet_Tree.SCINet_Tree_odd.SCINet_Tree_odd.workingblock.interact.level.U.1.bias    |     21     |
|   fm.blocks1.SCINet_Tree.SCINet_Tree_odd.SCINet_Tree_odd.workingblock.interact.level.U.4.weight   |    1323    |
|    fm.blocks1.SCINet_Tree.SCINet_Tree_odd.SCINet_Tree_odd.workingblock.interact.level.U.4.bias    |     21     |
|  fm.blocks1.SCINet_Tree.SCINet_Tree_odd.SCINet_Tree_even.workingblock.interact.level.phi.1.weight |    2205    |
|   fm.blocks1.SCINet_Tree.SCINet_Tree_odd.SCINet_Tree_even.workingblock.interact.level.phi.1.bias  |     21     |
|  fm.blocks1.SCINet_Tree.SCINet_Tree_odd.SCINet_Tree_even.workingblock.interact.level.phi.4.weight |    1323    |
|   fm.blocks1.SCINet_Tree.SCINet_Tree_odd.SCINet_Tree_even.workingblock.interact.level.phi.4.bias  |     21     |
|  fm.blocks1.SCINet_Tree.SCINet_Tree_odd.SCINet_Tree_even.workingblock.interact.level.psi.1.weight |    2205    |
|   fm.blocks1.SCINet_Tree.SCINet_Tree_odd.SCINet_Tree_even.workingblock.interact.level.psi.1.bias  |     21     |
|  fm.blocks1.SCINet_Tree.SCINet_Tree_odd.SCINet_Tree_even.workingblock.interact.level.psi.4.weight |    1323    |
|   fm.blocks1.SCINet_Tree.SCINet_Tree_odd.SCINet_Tree_even.workingblock.interact.level.psi.4.bias  |     21     |
|   fm.blocks1.SCINet_Tree.SCINet_Tree_odd.SCINet_Tree_even.workingblock.interact.level.P.1.weight  |    2205    |
|    fm.blocks1.SCINet_Tree.SCINet_Tree_odd.SCINet_Tree_even.workingblock.interact.level.P.1.bias   |     21     |
|   fm.blocks1.SCINet_Tree.SCINet_Tree_odd.SCINet_Tree_even.workingblock.interact.level.P.4.weight  |    1323    |
|    fm.blocks1.SCINet_Tree.SCINet_Tree_odd.SCINet_Tree_even.workingblock.interact.level.P.4.bias   |     21     |
|   fm.blocks1.SCINet_Tree.SCINet_Tree_odd.SCINet_Tree_even.workingblock.interact.level.U.1.weight  |    2205    |
|    fm.blocks1.SCINet_Tree.SCINet_Tree_odd.SCINet_Tree_even.workingblock.interact.level.U.1.bias   |     21     |
|   fm.blocks1.SCINet_Tree.SCINet_Tree_odd.SCINet_Tree_even.workingblock.interact.level.U.4.weight  |    1323    |
|    fm.blocks1.SCINet_Tree.SCINet_Tree_odd.SCINet_Tree_even.workingblock.interact.level.U.4.bias   |     21     |
|          fm.blocks1.SCINet_Tree.SCINet_Tree_even.workingblock.interact.level.phi.1.weight         |    2205    |
|           fm.blocks1.SCINet_Tree.SCINet_Tree_even.workingblock.interact.level.phi.1.bias          |     21     |
|          fm.blocks1.SCINet_Tree.SCINet_Tree_even.workingblock.interact.level.phi.4.weight         |    1323    |
|           fm.blocks1.SCINet_Tree.SCINet_Tree_even.workingblock.interact.level.phi.4.bias          |     21     |
|          fm.blocks1.SCINet_Tree.SCINet_Tree_even.workingblock.interact.level.psi.1.weight         |    2205    |
|           fm.blocks1.SCINet_Tree.SCINet_Tree_even.workingblock.interact.level.psi.1.bias          |     21     |
|          fm.blocks1.SCINet_Tree.SCINet_Tree_even.workingblock.interact.level.psi.4.weight         |    1323    |
|           fm.blocks1.SCINet_Tree.SCINet_Tree_even.workingblock.interact.level.psi.4.bias          |     21     |
|           fm.blocks1.SCINet_Tree.SCINet_Tree_even.workingblock.interact.level.P.1.weight          |    2205    |
|            fm.blocks1.SCINet_Tree.SCINet_Tree_even.workingblock.interact.level.P.1.bias           |     21     |
|           fm.blocks1.SCINet_Tree.SCINet_Tree_even.workingblock.interact.level.P.4.weight          |    1323    |
|            fm.blocks1.SCINet_Tree.SCINet_Tree_even.workingblock.interact.level.P.4.bias           |     21     |
|           fm.blocks1.SCINet_Tree.SCINet_Tree_even.workingblock.interact.level.U.1.weight          |    2205    |
|            fm.blocks1.SCINet_Tree.SCINet_Tree_even.workingblock.interact.level.U.1.bias           |     21     |
|           fm.blocks1.SCINet_Tree.SCINet_Tree_even.workingblock.interact.level.U.4.weight          |    1323    |
|            fm.blocks1.SCINet_Tree.SCINet_Tree_even.workingblock.interact.level.U.4.bias           |     21     |
|  fm.blocks1.SCINet_Tree.SCINet_Tree_even.SCINet_Tree_odd.workingblock.interact.level.phi.1.weight |    2205    |
|   fm.blocks1.SCINet_Tree.SCINet_Tree_even.SCINet_Tree_odd.workingblock.interact.level.phi.1.bias  |     21     |
|  fm.blocks1.SCINet_Tree.SCINet_Tree_even.SCINet_Tree_odd.workingblock.interact.level.phi.4.weight |    1323    |
|   fm.blocks1.SCINet_Tree.SCINet_Tree_even.SCINet_Tree_odd.workingblock.interact.level.phi.4.bias  |     21     |
|  fm.blocks1.SCINet_Tree.SCINet_Tree_even.SCINet_Tree_odd.workingblock.interact.level.psi.1.weight |    2205    |
|   fm.blocks1.SCINet_Tree.SCINet_Tree_even.SCINet_Tree_odd.workingblock.interact.level.psi.1.bias  |     21     |
|  fm.blocks1.SCINet_Tree.SCINet_Tree_even.SCINet_Tree_odd.workingblock.interact.level.psi.4.weight |    1323    |
|   fm.blocks1.SCINet_Tree.SCINet_Tree_even.SCINet_Tree_odd.workingblock.interact.level.psi.4.bias  |     21     |
|   fm.blocks1.SCINet_Tree.SCINet_Tree_even.SCINet_Tree_odd.workingblock.interact.level.P.1.weight  |    2205    |
|    fm.blocks1.SCINet_Tree.SCINet_Tree_even.SCINet_Tree_odd.workingblock.interact.level.P.1.bias   |     21     |
|   fm.blocks1.SCINet_Tree.SCINet_Tree_even.SCINet_Tree_odd.workingblock.interact.level.P.4.weight  |    1323    |
|    fm.blocks1.SCINet_Tree.SCINet_Tree_even.SCINet_Tree_odd.workingblock.interact.level.P.4.bias   |     21     |
|   fm.blocks1.SCINet_Tree.SCINet_Tree_even.SCINet_Tree_odd.workingblock.interact.level.U.1.weight  |    2205    |
|    fm.blocks1.SCINet_Tree.SCINet_Tree_even.SCINet_Tree_odd.workingblock.interact.level.U.1.bias   |     21     |
|   fm.blocks1.SCINet_Tree.SCINet_Tree_even.SCINet_Tree_odd.workingblock.interact.level.U.4.weight  |    1323    |
|    fm.blocks1.SCINet_Tree.SCINet_Tree_even.SCINet_Tree_odd.workingblock.interact.level.U.4.bias   |     21     |
| fm.blocks1.SCINet_Tree.SCINet_Tree_even.SCINet_Tree_even.workingblock.interact.level.phi.1.weight |    2205    |
|  fm.blocks1.SCINet_Tree.SCINet_Tree_even.SCINet_Tree_even.workingblock.interact.level.phi.1.bias  |     21     |
| fm.blocks1.SCINet_Tree.SCINet_Tree_even.SCINet_Tree_even.workingblock.interact.level.phi.4.weight |    1323    |
|  fm.blocks1.SCINet_Tree.SCINet_Tree_even.SCINet_Tree_even.workingblock.interact.level.phi.4.bias  |     21     |
| fm.blocks1.SCINet_Tree.SCINet_Tree_even.SCINet_Tree_even.workingblock.interact.level.psi.1.weight |    2205    |
|  fm.blocks1.SCINet_Tree.SCINet_Tree_even.SCINet_Tree_even.workingblock.interact.level.psi.1.bias  |     21     |
| fm.blocks1.SCINet_Tree.SCINet_Tree_even.SCINet_Tree_even.workingblock.interact.level.psi.4.weight |    1323    |
|  fm.blocks1.SCINet_Tree.SCINet_Tree_even.SCINet_Tree_even.workingblock.interact.level.psi.4.bias  |     21     |
|  fm.blocks1.SCINet_Tree.SCINet_Tree_even.SCINet_Tree_even.workingblock.interact.level.P.1.weight  |    2205    |
|   fm.blocks1.SCINet_Tree.SCINet_Tree_even.SCINet_Tree_even.workingblock.interact.level.P.1.bias   |     21     |
|  fm.blocks1.SCINet_Tree.SCINet_Tree_even.SCINet_Tree_even.workingblock.interact.level.P.4.weight  |    1323    |
|   fm.blocks1.SCINet_Tree.SCINet_Tree_even.SCINet_Tree_even.workingblock.interact.level.P.4.bias   |     21     |
|  fm.blocks1.SCINet_Tree.SCINet_Tree_even.SCINet_Tree_even.workingblock.interact.level.U.1.weight  |    2205    |
|   fm.blocks1.SCINet_Tree.SCINet_Tree_even.SCINet_Tree_even.workingblock.interact.level.U.1.bias   |     21     |
|  fm.blocks1.SCINet_Tree.SCINet_Tree_even.SCINet_Tree_even.workingblock.interact.level.U.4.weight  |    1323    |
|   fm.blocks1.SCINet_Tree.SCINet_Tree_even.SCINet_Tree_even.workingblock.interact.level.U.4.bias   |     21     |
|                                       fm.projection1.weight                                       |   32256    |
|                                             nm.weight                                             |     42     |
|                                 nm.model_freq.model_freq.0.weight                                 |    6144    |
|                                  nm.model_freq.model_freq.0.bias                                  |     64     |
|                                  nm.model_freq.model_all.0.weight                                 |   20480    |
|                                   nm.model_freq.model_all.0.bias                                  |    128     |
|                                  nm.model_freq.model_all.2.weight                                 |   43008    |
|                                   nm.model_freq.model_all.2.bias                                  |    336     |
+---------------------------------------------------------------------------------------------------+------------+
[2025-01-31 19:55:58] - Total Trainable Params: 202418
[2025-01-31 19:55:58] - model parameters: 202418
[2025-01-31 19:57:20] - Epoch: 1 cost time: 82.08155083656311
[2025-01-31 19:57:20] - Traininng loss : 1.5397958925941535
[2025-01-31 19:57:29] - vali_results: {'mae': 0.38412991166114807, 'mape': 5.370937347412109, 'mse': 0.4267713725566864, 'rmse': 0.6532773971557617}
[2025-01-31 19:58:53] - Epoch: 2 cost time: 175.40162634849548
[2025-01-31 19:58:53] - Traininng loss : 1.311032448630584
[2025-01-31 19:59:02] - vali_results: {'mae': 0.3722105920314789, 'mape': 4.746434211730957, 'mse': 0.4113561511039734, 'rmse': 0.6413705348968506}
[2025-01-31 20:00:26] - Epoch: 3 cost time: 268.29333901405334
[2025-01-31 20:00:26] - Traininng loss : 1.27189759016037
[2025-01-31 20:00:35] - vali_results: {'mae': 0.36566174030303955, 'mape': 4.596345901489258, 'mse': 0.3978104889392853, 'rmse': 0.6307222247123718}
[2025-01-31 20:01:59] - Epoch: 4 cost time: 361.3362100124359
[2025-01-31 20:01:59] - Traininng loss : 1.2551131870140109
[2025-01-31 20:02:08] - vali_results: {'mae': 0.3635299503803253, 'mape': 4.882334232330322, 'mse': 0.3981906771659851, 'rmse': 0.6310235261917114}
[2025-01-31 20:03:30] - Epoch: 5 cost time: 452.29170203208923
[2025-01-31 20:03:30] - Traininng loss : 1.2507073772581
[2025-01-31 20:03:39] - vali_results: {'mae': 0.3596811294555664, 'mape': 4.861711025238037, 'mse': 0.3897356688976288, 'rmse': 0.6242881417274475}
[2025-01-31 20:05:02] - Epoch: 6 cost time: 544.5358312129974
[2025-01-31 20:05:02] - Traininng loss : 1.2427234972255272
[2025-01-31 20:05:11] - vali_results: {'mae': 0.3628314435482025, 'mape': 4.863264083862305, 'mse': 0.39139872789382935, 'rmse': 0.6256186962127686}
[2025-01-31 20:06:36] - Epoch: 7 cost time: 637.8830292224884
[2025-01-31 20:06:36] - Traininng loss : 1.2392440504149387
[2025-01-31 20:06:44] - vali_results: {'mae': 0.3605353534221649, 'mape': 4.810982704162598, 'mse': 0.38948383927345276, 'rmse': 0.6240863800048828}
[2025-01-31 20:08:07] - Epoch: 8 cost time: 729.1217713356018
[2025-01-31 20:08:07] - Traininng loss : 1.2367411915147513
[2025-01-31 20:08:16] - vali_results: {'mae': 0.3580437898635864, 'mape': 4.82657527923584, 'mse': 0.38511672616004944, 'rmse': 0.6205777525901794}
[2025-01-31 20:09:39] - Epoch: 9 cost time: 821.0070798397064
[2025-01-31 20:09:39] - Traininng loss : 1.2342751259343665
[2025-01-31 20:09:48] - vali_results: {'mae': 0.3640415072441101, 'mape': 4.696409702301025, 'mse': 0.3871588110923767, 'rmse': 0.6222208738327026}
[2025-01-31 20:11:12] - Epoch: 10 cost time: 913.759209394455
[2025-01-31 20:11:12] - Traininng loss : 1.2325316034910971
[2025-01-31 20:11:21] - vali_results: {'mae': 0.3570851683616638, 'mape': 4.645933628082275, 'mse': 0.3824653625488281, 'rmse': 0.6184378266334534}
[2025-01-31 20:12:42] - Epoch: 11 cost time: 1004.0611398220062
[2025-01-31 20:12:42] - Traininng loss : 1.2317742898798825
[2025-01-31 20:12:51] - vali_results: {'mae': 0.3633449375629425, 'mape': 4.933539867401123, 'mse': 0.39105424284935, 'rmse': 0.6253433227539062}
[2025-01-31 20:14:10] - Epoch: 12 cost time: 1092.3873934745789
[2025-01-31 20:14:10] - Traininng loss : 1.2304522985429094
[2025-01-31 20:14:19] - vali_results: {'mae': 0.3599693477153778, 'mape': 4.967149257659912, 'mse': 0.3878149688243866, 'rmse': 0.6227478981018066}
[2025-01-31 20:15:38] - Epoch: 13 cost time: 1180.2580471038818
[2025-01-31 20:15:38] - Traininng loss : 1.2287948981711738
[2025-01-31 20:15:47] - vali_results: {'mae': 0.3600338101387024, 'mape': 5.205813407897949, 'mse': 0.3860985040664673, 'rmse': 0.6213682293891907}
[2025-01-31 20:17:08] - Epoch: 14 cost time: 1269.9887051582336
[2025-01-31 20:17:08] - Traininng loss : 1.2280747443437576
[2025-01-31 20:17:17] - vali_results: {'mae': 0.36110132932662964, 'mape': 5.010105609893799, 'mse': 0.3876420259475708, 'rmse': 0.62260901927948}
[2025-01-31 20:18:35] - Epoch: 15 cost time: 1356.8772983551025
[2025-01-31 20:18:35] - Traininng loss : 1.2270343750192407
[2025-01-31 20:18:43] - vali_results: {'mae': 0.3606097996234894, 'mape': 5.30715799331665, 'mse': 0.39153578877449036, 'rmse': 0.625728189945221}
[2025-01-31 20:18:43] - loss no decreased for 5 epochs,  early stopping ....
[2025-01-31 20:18:48] - test_results: {'mae': 0.30645376443862915, 'mape': 1.586053490638733, 'mse': 0.2715035676956177, 'rmse': 0.521060049533844}
