[2025-01-31 16:40:36] - run : 0 in seed: 3
[2025-01-31 16:40:36] - +---------------------------------------------------------------------------------------------------+------------+
|                                              Modules                                              | Parameters |
+---------------------------------------------------------------------------------------------------+------------+
|                  fm.blocks1.SCINet_Tree.workingblock.interact.level.phi.1.weight                  |    245     |
|                   fm.blocks1.SCINet_Tree.workingblock.interact.level.phi.1.bias                   |     7      |
|                  fm.blocks1.SCINet_Tree.workingblock.interact.level.phi.4.weight                  |    147     |
|                   fm.blocks1.SCINet_Tree.workingblock.interact.level.phi.4.bias                   |     7      |
|                  fm.blocks1.SCINet_Tree.workingblock.interact.level.psi.1.weight                  |    245     |
|                   fm.blocks1.SCINet_Tree.workingblock.interact.level.psi.1.bias                   |     7      |
|                  fm.blocks1.SCINet_Tree.workingblock.interact.level.psi.4.weight                  |    147     |
|                   fm.blocks1.SCINet_Tree.workingblock.interact.level.psi.4.bias                   |     7      |
|                   fm.blocks1.SCINet_Tree.workingblock.interact.level.P.1.weight                   |    245     |
|                    fm.blocks1.SCINet_Tree.workingblock.interact.level.P.1.bias                    |     7      |
|                   fm.blocks1.SCINet_Tree.workingblock.interact.level.P.4.weight                   |    147     |
|                    fm.blocks1.SCINet_Tree.workingblock.interact.level.P.4.bias                    |     7      |
|                   fm.blocks1.SCINet_Tree.workingblock.interact.level.U.1.weight                   |    245     |
|                    fm.blocks1.SCINet_Tree.workingblock.interact.level.U.1.bias                    |     7      |
|                   fm.blocks1.SCINet_Tree.workingblock.interact.level.U.4.weight                   |    147     |
|                    fm.blocks1.SCINet_Tree.workingblock.interact.level.U.4.bias                    |     7      |
|          fm.blocks1.SCINet_Tree.SCINet_Tree_odd.workingblock.interact.level.phi.1.weight          |    245     |
|           fm.blocks1.SCINet_Tree.SCINet_Tree_odd.workingblock.interact.level.phi.1.bias           |     7      |
|          fm.blocks1.SCINet_Tree.SCINet_Tree_odd.workingblock.interact.level.phi.4.weight          |    147     |
|           fm.blocks1.SCINet_Tree.SCINet_Tree_odd.workingblock.interact.level.phi.4.bias           |     7      |
|          fm.blocks1.SCINet_Tree.SCINet_Tree_odd.workingblock.interact.level.psi.1.weight          |    245     |
|           fm.blocks1.SCINet_Tree.SCINet_Tree_odd.workingblock.interact.level.psi.1.bias           |     7      |
|          fm.blocks1.SCINet_Tree.SCINet_Tree_odd.workingblock.interact.level.psi.4.weight          |    147     |
|           fm.blocks1.SCINet_Tree.SCINet_Tree_odd.workingblock.interact.level.psi.4.bias           |     7      |
|           fm.blocks1.SCINet_Tree.SCINet_Tree_odd.workingblock.interact.level.P.1.weight           |    245     |
|            fm.blocks1.SCINet_Tree.SCINet_Tree_odd.workingblock.interact.level.P.1.bias            |     7      |
|           fm.blocks1.SCINet_Tree.SCINet_Tree_odd.workingblock.interact.level.P.4.weight           |    147     |
|            fm.blocks1.SCINet_Tree.SCINet_Tree_odd.workingblock.interact.level.P.4.bias            |     7      |
|           fm.blocks1.SCINet_Tree.SCINet_Tree_odd.workingblock.interact.level.U.1.weight           |    245     |
|            fm.blocks1.SCINet_Tree.SCINet_Tree_odd.workingblock.interact.level.U.1.bias            |     7      |
|           fm.blocks1.SCINet_Tree.SCINet_Tree_odd.workingblock.interact.level.U.4.weight           |    147     |
|            fm.blocks1.SCINet_Tree.SCINet_Tree_odd.workingblock.interact.level.U.4.bias            |     7      |
|  fm.blocks1.SCINet_Tree.SCINet_Tree_odd.SCINet_Tree_odd.workingblock.interact.level.phi.1.weight  |    245     |
|   fm.blocks1.SCINet_Tree.SCINet_Tree_odd.SCINet_Tree_odd.workingblock.interact.level.phi.1.bias   |     7      |
|  fm.blocks1.SCINet_Tree.SCINet_Tree_odd.SCINet_Tree_odd.workingblock.interact.level.phi.4.weight  |    147     |
|   fm.blocks1.SCINet_Tree.SCINet_Tree_odd.SCINet_Tree_odd.workingblock.interact.level.phi.4.bias   |     7      |
|  fm.blocks1.SCINet_Tree.SCINet_Tree_odd.SCINet_Tree_odd.workingblock.interact.level.psi.1.weight  |    245     |
|   fm.blocks1.SCINet_Tree.SCINet_Tree_odd.SCINet_Tree_odd.workingblock.interact.level.psi.1.bias   |     7      |
|  fm.blocks1.SCINet_Tree.SCINet_Tree_odd.SCINet_Tree_odd.workingblock.interact.level.psi.4.weight  |    147     |
|   fm.blocks1.SCINet_Tree.SCINet_Tree_odd.SCINet_Tree_odd.workingblock.interact.level.psi.4.bias   |     7      |
|   fm.blocks1.SCINet_Tree.SCINet_Tree_odd.SCINet_Tree_odd.workingblock.interact.level.P.1.weight   |    245     |
|    fm.blocks1.SCINet_Tree.SCINet_Tree_odd.SCINet_Tree_odd.workingblock.interact.level.P.1.bias    |     7      |
|   fm.blocks1.SCINet_Tree.SCINet_Tree_odd.SCINet_Tree_odd.workingblock.interact.level.P.4.weight   |    147     |
|    fm.blocks1.SCINet_Tree.SCINet_Tree_odd.SCINet_Tree_odd.workingblock.interact.level.P.4.bias    |     7      |
|   fm.blocks1.SCINet_Tree.SCINet_Tree_odd.SCINet_Tree_odd.workingblock.interact.level.U.1.weight   |    245     |
|    fm.blocks1.SCINet_Tree.SCINet_Tree_odd.SCINet_Tree_odd.workingblock.interact.level.U.1.bias    |     7      |
|   fm.blocks1.SCINet_Tree.SCINet_Tree_odd.SCINet_Tree_odd.workingblock.interact.level.U.4.weight   |    147     |
|    fm.blocks1.SCINet_Tree.SCINet_Tree_odd.SCINet_Tree_odd.workingblock.interact.level.U.4.bias    |     7      |
|  fm.blocks1.SCINet_Tree.SCINet_Tree_odd.SCINet_Tree_even.workingblock.interact.level.phi.1.weight |    245     |
|   fm.blocks1.SCINet_Tree.SCINet_Tree_odd.SCINet_Tree_even.workingblock.interact.level.phi.1.bias  |     7      |
|  fm.blocks1.SCINet_Tree.SCINet_Tree_odd.SCINet_Tree_even.workingblock.interact.level.phi.4.weight |    147     |
|   fm.blocks1.SCINet_Tree.SCINet_Tree_odd.SCINet_Tree_even.workingblock.interact.level.phi.4.bias  |     7      |
|  fm.blocks1.SCINet_Tree.SCINet_Tree_odd.SCINet_Tree_even.workingblock.interact.level.psi.1.weight |    245     |
|   fm.blocks1.SCINet_Tree.SCINet_Tree_odd.SCINet_Tree_even.workingblock.interact.level.psi.1.bias  |     7      |
|  fm.blocks1.SCINet_Tree.SCINet_Tree_odd.SCINet_Tree_even.workingblock.interact.level.psi.4.weight |    147     |
|   fm.blocks1.SCINet_Tree.SCINet_Tree_odd.SCINet_Tree_even.workingblock.interact.level.psi.4.bias  |     7      |
|   fm.blocks1.SCINet_Tree.SCINet_Tree_odd.SCINet_Tree_even.workingblock.interact.level.P.1.weight  |    245     |
|    fm.blocks1.SCINet_Tree.SCINet_Tree_odd.SCINet_Tree_even.workingblock.interact.level.P.1.bias   |     7      |
|   fm.blocks1.SCINet_Tree.SCINet_Tree_odd.SCINet_Tree_even.workingblock.interact.level.P.4.weight  |    147     |
|    fm.blocks1.SCINet_Tree.SCINet_Tree_odd.SCINet_Tree_even.workingblock.interact.level.P.4.bias   |     7      |
|   fm.blocks1.SCINet_Tree.SCINet_Tree_odd.SCINet_Tree_even.workingblock.interact.level.U.1.weight  |    245     |
|    fm.blocks1.SCINet_Tree.SCINet_Tree_odd.SCINet_Tree_even.workingblock.interact.level.U.1.bias   |     7      |
|   fm.blocks1.SCINet_Tree.SCINet_Tree_odd.SCINet_Tree_even.workingblock.interact.level.U.4.weight  |    147     |
|    fm.blocks1.SCINet_Tree.SCINet_Tree_odd.SCINet_Tree_even.workingblock.interact.level.U.4.bias   |     7      |
|          fm.blocks1.SCINet_Tree.SCINet_Tree_even.workingblock.interact.level.phi.1.weight         |    245     |
|           fm.blocks1.SCINet_Tree.SCINet_Tree_even.workingblock.interact.level.phi.1.bias          |     7      |
|          fm.blocks1.SCINet_Tree.SCINet_Tree_even.workingblock.interact.level.phi.4.weight         |    147     |
|           fm.blocks1.SCINet_Tree.SCINet_Tree_even.workingblock.interact.level.phi.4.bias          |     7      |
|          fm.blocks1.SCINet_Tree.SCINet_Tree_even.workingblock.interact.level.psi.1.weight         |    245     |
|           fm.blocks1.SCINet_Tree.SCINet_Tree_even.workingblock.interact.level.psi.1.bias          |     7      |
|          fm.blocks1.SCINet_Tree.SCINet_Tree_even.workingblock.interact.level.psi.4.weight         |    147     |
|           fm.blocks1.SCINet_Tree.SCINet_Tree_even.workingblock.interact.level.psi.4.bias          |     7      |
|           fm.blocks1.SCINet_Tree.SCINet_Tree_even.workingblock.interact.level.P.1.weight          |    245     |
|            fm.blocks1.SCINet_Tree.SCINet_Tree_even.workingblock.interact.level.P.1.bias           |     7      |
|           fm.blocks1.SCINet_Tree.SCINet_Tree_even.workingblock.interact.level.P.4.weight          |    147     |
|            fm.blocks1.SCINet_Tree.SCINet_Tree_even.workingblock.interact.level.P.4.bias           |     7      |
|           fm.blocks1.SCINet_Tree.SCINet_Tree_even.workingblock.interact.level.U.1.weight          |    245     |
|            fm.blocks1.SCINet_Tree.SCINet_Tree_even.workingblock.interact.level.U.1.bias           |     7      |
|           fm.blocks1.SCINet_Tree.SCINet_Tree_even.workingblock.interact.level.U.4.weight          |    147     |
|            fm.blocks1.SCINet_Tree.SCINet_Tree_even.workingblock.interact.level.U.4.bias           |     7      |
|  fm.blocks1.SCINet_Tree.SCINet_Tree_even.SCINet_Tree_odd.workingblock.interact.level.phi.1.weight |    245     |
|   fm.blocks1.SCINet_Tree.SCINet_Tree_even.SCINet_Tree_odd.workingblock.interact.level.phi.1.bias  |     7      |
|  fm.blocks1.SCINet_Tree.SCINet_Tree_even.SCINet_Tree_odd.workingblock.interact.level.phi.4.weight |    147     |
|   fm.blocks1.SCINet_Tree.SCINet_Tree_even.SCINet_Tree_odd.workingblock.interact.level.phi.4.bias  |     7      |
|  fm.blocks1.SCINet_Tree.SCINet_Tree_even.SCINet_Tree_odd.workingblock.interact.level.psi.1.weight |    245     |
|   fm.blocks1.SCINet_Tree.SCINet_Tree_even.SCINet_Tree_odd.workingblock.interact.level.psi.1.bias  |     7      |
|  fm.blocks1.SCINet_Tree.SCINet_Tree_even.SCINet_Tree_odd.workingblock.interact.level.psi.4.weight |    147     |
|   fm.blocks1.SCINet_Tree.SCINet_Tree_even.SCINet_Tree_odd.workingblock.interact.level.psi.4.bias  |     7      |
|   fm.blocks1.SCINet_Tree.SCINet_Tree_even.SCINet_Tree_odd.workingblock.interact.level.P.1.weight  |    245     |
|    fm.blocks1.SCINet_Tree.SCINet_Tree_even.SCINet_Tree_odd.workingblock.interact.level.P.1.bias   |     7      |
|   fm.blocks1.SCINet_Tree.SCINet_Tree_even.SCINet_Tree_odd.workingblock.interact.level.P.4.weight  |    147     |
|    fm.blocks1.SCINet_Tree.SCINet_Tree_even.SCINet_Tree_odd.workingblock.interact.level.P.4.bias   |     7      |
|   fm.blocks1.SCINet_Tree.SCINet_Tree_even.SCINet_Tree_odd.workingblock.interact.level.U.1.weight  |    245     |
|    fm.blocks1.SCINet_Tree.SCINet_Tree_even.SCINet_Tree_odd.workingblock.interact.level.U.1.bias   |     7      |
|   fm.blocks1.SCINet_Tree.SCINet_Tree_even.SCINet_Tree_odd.workingblock.interact.level.U.4.weight  |    147     |
|    fm.blocks1.SCINet_Tree.SCINet_Tree_even.SCINet_Tree_odd.workingblock.interact.level.U.4.bias   |     7      |
| fm.blocks1.SCINet_Tree.SCINet_Tree_even.SCINet_Tree_even.workingblock.interact.level.phi.1.weight |    245     |
|  fm.blocks1.SCINet_Tree.SCINet_Tree_even.SCINet_Tree_even.workingblock.interact.level.phi.1.bias  |     7      |
| fm.blocks1.SCINet_Tree.SCINet_Tree_even.SCINet_Tree_even.workingblock.interact.level.phi.4.weight |    147     |
|  fm.blocks1.SCINet_Tree.SCINet_Tree_even.SCINet_Tree_even.workingblock.interact.level.phi.4.bias  |     7      |
| fm.blocks1.SCINet_Tree.SCINet_Tree_even.SCINet_Tree_even.workingblock.interact.level.psi.1.weight |    245     |
|  fm.blocks1.SCINet_Tree.SCINet_Tree_even.SCINet_Tree_even.workingblock.interact.level.psi.1.bias  |     7      |
| fm.blocks1.SCINet_Tree.SCINet_Tree_even.SCINet_Tree_even.workingblock.interact.level.psi.4.weight |    147     |
|  fm.blocks1.SCINet_Tree.SCINet_Tree_even.SCINet_Tree_even.workingblock.interact.level.psi.4.bias  |     7      |
|  fm.blocks1.SCINet_Tree.SCINet_Tree_even.SCINet_Tree_even.workingblock.interact.level.P.1.weight  |    245     |
|   fm.blocks1.SCINet_Tree.SCINet_Tree_even.SCINet_Tree_even.workingblock.interact.level.P.1.bias   |     7      |
|  fm.blocks1.SCINet_Tree.SCINet_Tree_even.SCINet_Tree_even.workingblock.interact.level.P.4.weight  |    147     |
|   fm.blocks1.SCINet_Tree.SCINet_Tree_even.SCINet_Tree_even.workingblock.interact.level.P.4.bias   |     7      |
|  fm.blocks1.SCINet_Tree.SCINet_Tree_even.SCINet_Tree_even.workingblock.interact.level.U.1.weight  |    245     |
|   fm.blocks1.SCINet_Tree.SCINet_Tree_even.SCINet_Tree_even.workingblock.interact.level.U.1.bias   |     7      |
|  fm.blocks1.SCINet_Tree.SCINet_Tree_even.SCINet_Tree_even.workingblock.interact.level.U.4.weight  |    147     |
|   fm.blocks1.SCINet_Tree.SCINet_Tree_even.SCINet_Tree_even.workingblock.interact.level.U.4.bias   |     7      |
|                                       fm.projection1.weight                                       |   69120    |
|                                             nm.weight                                             |     14     |
|                                 nm.model_freq.model_freq.0.weight                                 |    6144    |
|                                  nm.model_freq.model_freq.0.bias                                  |     64     |
|                                  nm.model_freq.model_all.0.weight                                 |   20480    |
|                                   nm.model_freq.model_all.0.bias                                  |    128     |
|                                  nm.model_freq.model_all.2.weight                                 |   92160    |
|                                   nm.model_freq.model_all.2.bias                                  |    720     |
+---------------------------------------------------------------------------------------------------+------------+
[2025-01-31 16:40:36] - Total Trainable Params: 200198
[2025-01-31 16:40:36] - model parameters: 200198
[2025-01-31 16:41:47] - Epoch: 1 cost time: 70.73929500579834
[2025-01-31 16:41:47] - Traininng loss : 1.0319951978339967
[2025-01-31 16:41:55] - vali_results: {'mae': 0.6532971858978271, 'mape': 2.510744571685791, 'mse': 0.931856632232666, 'rmse': 0.9653272032737732}
[2025-01-31 16:43:04] - Epoch: 2 cost time: 147.60104513168335
[2025-01-31 16:43:04] - Traininng loss : 0.9522859585228689
[2025-01-31 16:43:12] - vali_results: {'mae': 0.6437702775001526, 'mape': 2.4442923069000244, 'mse': 0.903348445892334, 'rmse': 0.9504464268684387}
[2025-01-31 16:44:21] - Epoch: 3 cost time: 224.98260378837585
[2025-01-31 16:44:21] - Traininng loss : 0.9392180507216973
[2025-01-31 16:44:29] - vali_results: {'mae': 0.643214762210846, 'mape': 2.388195276260376, 'mse': 0.8961532115936279, 'rmse': 0.9466536641120911}
[2025-01-31 16:45:39] - Epoch: 4 cost time: 303.0013630390167
[2025-01-31 16:45:39] - Traininng loss : 0.9262550407676335
[2025-01-31 16:45:47] - vali_results: {'mae': 0.6366767287254333, 'mape': 2.36041259765625, 'mse': 0.880115807056427, 'rmse': 0.938144862651825}
[2025-01-31 16:46:58] - Epoch: 5 cost time: 381.19134545326233
[2025-01-31 16:46:58] - Traininng loss : 0.9215073855567317
[2025-01-31 16:47:05] - vali_results: {'mae': 0.6413483023643494, 'mape': 2.4973340034484863, 'mse': 0.9006057381629944, 'rmse': 0.9490025043487549}
[2025-01-31 16:48:16] - Epoch: 6 cost time: 459.5428509712219
[2025-01-31 16:48:16] - Traininng loss : 0.9185139263975677
[2025-01-31 16:48:23] - vali_results: {'mae': 0.6385669112205505, 'mape': 2.4762725830078125, 'mse': 0.8933862447738647, 'rmse': 0.9451911449432373}
[2025-01-31 16:49:33] - Epoch: 7 cost time: 536.0528295040131
[2025-01-31 16:49:33] - Traininng loss : 0.9162452300012959
[2025-01-31 16:49:40] - vali_results: {'mae': 0.6393064856529236, 'mape': 2.5050852298736572, 'mse': 0.8944994211196899, 'rmse': 0.9457798004150391}
[2025-01-31 16:50:50] - Epoch: 8 cost time: 613.5436749458313
[2025-01-31 16:50:50] - Traininng loss : 0.9138374952908376
[2025-01-31 16:50:57] - vali_results: {'mae': 0.6352055072784424, 'mape': 2.393747568130493, 'mse': 0.876563310623169, 'rmse': 0.9362496137619019}
[2025-01-31 16:52:08] - Epoch: 9 cost time: 691.9432425498962
[2025-01-31 16:52:08] - Traininng loss : 0.9122381956091424
[2025-01-31 16:52:16] - vali_results: {'mae': 0.6331605911254883, 'mape': 2.381089687347412, 'mse': 0.8712088465690613, 'rmse': 0.9333856701850891}
[2025-01-31 16:53:25] - Epoch: 10 cost time: 768.456160068512
[2025-01-31 16:53:25] - Traininng loss : 0.9103558820005841
[2025-01-31 16:53:32] - vali_results: {'mae': 0.6342094540596008, 'mape': 2.4085514545440674, 'mse': 0.8737205266952515, 'rmse': 0.9347301721572876}
[2025-01-31 16:54:43] - Epoch: 11 cost time: 846.0352659225464
[2025-01-31 16:54:43] - Traininng loss : 0.9089599252877077
[2025-01-31 16:54:50] - vali_results: {'mae': 0.6351351737976074, 'mape': 2.450347423553467, 'mse': 0.8832082152366638, 'rmse': 0.9397915601730347}
[2025-01-31 16:56:00] - Epoch: 12 cost time: 923.2527146339417
[2025-01-31 16:56:00] - Traininng loss : 0.9077830240624776
[2025-01-31 16:56:08] - vali_results: {'mae': 0.6363338828086853, 'mape': 2.50990629196167, 'mse': 0.8877671360969543, 'rmse': 0.9422139525413513}
[2025-01-31 16:57:19] - Epoch: 13 cost time: 1002.519778251648
[2025-01-31 16:57:19] - Traininng loss : 0.9064627890903237
[2025-01-31 16:57:26] - vali_results: {'mae': 0.6391348242759705, 'mape': 2.5253167152404785, 'mse': 0.8974520564079285, 'rmse': 0.9473394751548767}
[2025-01-31 16:58:38] - Epoch: 14 cost time: 1081.16357588768
[2025-01-31 16:58:38] - Traininng loss : 0.9054127531029037
[2025-01-31 16:58:45] - vali_results: {'mae': 0.634269654750824, 'mape': 2.4708118438720703, 'mse': 0.8787239789962769, 'rmse': 0.9374027848243713}
[2025-01-31 16:58:45] - loss no decreased for 5 epochs,  early stopping ....
[2025-01-31 16:58:53] - test_results: {'mae': 0.4716077148914337, 'mape': 2.219261407852173, 'mse': 0.4883105754852295, 'rmse': 0.6987922191619873}
