[2025-01-24 02:00:33] - run : 0 in seed: 3
[2025-01-24 02:00:33] - +---------------------------------------------------------------------------------------------------+------------+
|                                              Modules                                              | Parameters |
+---------------------------------------------------------------------------------------------------+------------+
|                  fm.blocks1.SCINet_Tree.workingblock.interact.level.phi.1.weight                  |   24500    |
|                   fm.blocks1.SCINet_Tree.workingblock.interact.level.phi.1.bias                   |     70     |
|                  fm.blocks1.SCINet_Tree.workingblock.interact.level.phi.4.weight                  |   14700    |
|                   fm.blocks1.SCINet_Tree.workingblock.interact.level.phi.4.bias                   |     70     |
|                  fm.blocks1.SCINet_Tree.workingblock.interact.level.psi.1.weight                  |   24500    |
|                   fm.blocks1.SCINet_Tree.workingblock.interact.level.psi.1.bias                   |     70     |
|                  fm.blocks1.SCINet_Tree.workingblock.interact.level.psi.4.weight                  |   14700    |
|                   fm.blocks1.SCINet_Tree.workingblock.interact.level.psi.4.bias                   |     70     |
|                   fm.blocks1.SCINet_Tree.workingblock.interact.level.P.1.weight                   |   24500    |
|                    fm.blocks1.SCINet_Tree.workingblock.interact.level.P.1.bias                    |     70     |
|                   fm.blocks1.SCINet_Tree.workingblock.interact.level.P.4.weight                   |   14700    |
|                    fm.blocks1.SCINet_Tree.workingblock.interact.level.P.4.bias                    |     70     |
|                   fm.blocks1.SCINet_Tree.workingblock.interact.level.U.1.weight                   |   24500    |
|                    fm.blocks1.SCINet_Tree.workingblock.interact.level.U.1.bias                    |     70     |
|                   fm.blocks1.SCINet_Tree.workingblock.interact.level.U.4.weight                   |   14700    |
|                    fm.blocks1.SCINet_Tree.workingblock.interact.level.U.4.bias                    |     70     |
|          fm.blocks1.SCINet_Tree.SCINet_Tree_odd.workingblock.interact.level.phi.1.weight          |   24500    |
|           fm.blocks1.SCINet_Tree.SCINet_Tree_odd.workingblock.interact.level.phi.1.bias           |     70     |
|          fm.blocks1.SCINet_Tree.SCINet_Tree_odd.workingblock.interact.level.phi.4.weight          |   14700    |
|           fm.blocks1.SCINet_Tree.SCINet_Tree_odd.workingblock.interact.level.phi.4.bias           |     70     |
|          fm.blocks1.SCINet_Tree.SCINet_Tree_odd.workingblock.interact.level.psi.1.weight          |   24500    |
|           fm.blocks1.SCINet_Tree.SCINet_Tree_odd.workingblock.interact.level.psi.1.bias           |     70     |
|          fm.blocks1.SCINet_Tree.SCINet_Tree_odd.workingblock.interact.level.psi.4.weight          |   14700    |
|           fm.blocks1.SCINet_Tree.SCINet_Tree_odd.workingblock.interact.level.psi.4.bias           |     70     |
|           fm.blocks1.SCINet_Tree.SCINet_Tree_odd.workingblock.interact.level.P.1.weight           |   24500    |
|            fm.blocks1.SCINet_Tree.SCINet_Tree_odd.workingblock.interact.level.P.1.bias            |     70     |
|           fm.blocks1.SCINet_Tree.SCINet_Tree_odd.workingblock.interact.level.P.4.weight           |   14700    |
|            fm.blocks1.SCINet_Tree.SCINet_Tree_odd.workingblock.interact.level.P.4.bias            |     70     |
|           fm.blocks1.SCINet_Tree.SCINet_Tree_odd.workingblock.interact.level.U.1.weight           |   24500    |
|            fm.blocks1.SCINet_Tree.SCINet_Tree_odd.workingblock.interact.level.U.1.bias            |     70     |
|           fm.blocks1.SCINet_Tree.SCINet_Tree_odd.workingblock.interact.level.U.4.weight           |   14700    |
|            fm.blocks1.SCINet_Tree.SCINet_Tree_odd.workingblock.interact.level.U.4.bias            |     70     |
|  fm.blocks1.SCINet_Tree.SCINet_Tree_odd.SCINet_Tree_odd.workingblock.interact.level.phi.1.weight  |   24500    |
|   fm.blocks1.SCINet_Tree.SCINet_Tree_odd.SCINet_Tree_odd.workingblock.interact.level.phi.1.bias   |     70     |
|  fm.blocks1.SCINet_Tree.SCINet_Tree_odd.SCINet_Tree_odd.workingblock.interact.level.phi.4.weight  |   14700    |
|   fm.blocks1.SCINet_Tree.SCINet_Tree_odd.SCINet_Tree_odd.workingblock.interact.level.phi.4.bias   |     70     |
|  fm.blocks1.SCINet_Tree.SCINet_Tree_odd.SCINet_Tree_odd.workingblock.interact.level.psi.1.weight  |   24500    |
|   fm.blocks1.SCINet_Tree.SCINet_Tree_odd.SCINet_Tree_odd.workingblock.interact.level.psi.1.bias   |     70     |
|  fm.blocks1.SCINet_Tree.SCINet_Tree_odd.SCINet_Tree_odd.workingblock.interact.level.psi.4.weight  |   14700    |
|   fm.blocks1.SCINet_Tree.SCINet_Tree_odd.SCINet_Tree_odd.workingblock.interact.level.psi.4.bias   |     70     |
|   fm.blocks1.SCINet_Tree.SCINet_Tree_odd.SCINet_Tree_odd.workingblock.interact.level.P.1.weight   |   24500    |
|    fm.blocks1.SCINet_Tree.SCINet_Tree_odd.SCINet_Tree_odd.workingblock.interact.level.P.1.bias    |     70     |
|   fm.blocks1.SCINet_Tree.SCINet_Tree_odd.SCINet_Tree_odd.workingblock.interact.level.P.4.weight   |   14700    |
|    fm.blocks1.SCINet_Tree.SCINet_Tree_odd.SCINet_Tree_odd.workingblock.interact.level.P.4.bias    |     70     |
|   fm.blocks1.SCINet_Tree.SCINet_Tree_odd.SCINet_Tree_odd.workingblock.interact.level.U.1.weight   |   24500    |
|    fm.blocks1.SCINet_Tree.SCINet_Tree_odd.SCINet_Tree_odd.workingblock.interact.level.U.1.bias    |     70     |
|   fm.blocks1.SCINet_Tree.SCINet_Tree_odd.SCINet_Tree_odd.workingblock.interact.level.U.4.weight   |   14700    |
|    fm.blocks1.SCINet_Tree.SCINet_Tree_odd.SCINet_Tree_odd.workingblock.interact.level.U.4.bias    |     70     |
|  fm.blocks1.SCINet_Tree.SCINet_Tree_odd.SCINet_Tree_even.workingblock.interact.level.phi.1.weight |   24500    |
|   fm.blocks1.SCINet_Tree.SCINet_Tree_odd.SCINet_Tree_even.workingblock.interact.level.phi.1.bias  |     70     |
|  fm.blocks1.SCINet_Tree.SCINet_Tree_odd.SCINet_Tree_even.workingblock.interact.level.phi.4.weight |   14700    |
|   fm.blocks1.SCINet_Tree.SCINet_Tree_odd.SCINet_Tree_even.workingblock.interact.level.phi.4.bias  |     70     |
|  fm.blocks1.SCINet_Tree.SCINet_Tree_odd.SCINet_Tree_even.workingblock.interact.level.psi.1.weight |   24500    |
|   fm.blocks1.SCINet_Tree.SCINet_Tree_odd.SCINet_Tree_even.workingblock.interact.level.psi.1.bias  |     70     |
|  fm.blocks1.SCINet_Tree.SCINet_Tree_odd.SCINet_Tree_even.workingblock.interact.level.psi.4.weight |   14700    |
|   fm.blocks1.SCINet_Tree.SCINet_Tree_odd.SCINet_Tree_even.workingblock.interact.level.psi.4.bias  |     70     |
|   fm.blocks1.SCINet_Tree.SCINet_Tree_odd.SCINet_Tree_even.workingblock.interact.level.P.1.weight  |   24500    |
|    fm.blocks1.SCINet_Tree.SCINet_Tree_odd.SCINet_Tree_even.workingblock.interact.level.P.1.bias   |     70     |
|   fm.blocks1.SCINet_Tree.SCINet_Tree_odd.SCINet_Tree_even.workingblock.interact.level.P.4.weight  |   14700    |
|    fm.blocks1.SCINet_Tree.SCINet_Tree_odd.SCINet_Tree_even.workingblock.interact.level.P.4.bias   |     70     |
|   fm.blocks1.SCINet_Tree.SCINet_Tree_odd.SCINet_Tree_even.workingblock.interact.level.U.1.weight  |   24500    |
|    fm.blocks1.SCINet_Tree.SCINet_Tree_odd.SCINet_Tree_even.workingblock.interact.level.U.1.bias   |     70     |
|   fm.blocks1.SCINet_Tree.SCINet_Tree_odd.SCINet_Tree_even.workingblock.interact.level.U.4.weight  |   14700    |
|    fm.blocks1.SCINet_Tree.SCINet_Tree_odd.SCINet_Tree_even.workingblock.interact.level.U.4.bias   |     70     |
|          fm.blocks1.SCINet_Tree.SCINet_Tree_even.workingblock.interact.level.phi.1.weight         |   24500    |
|           fm.blocks1.SCINet_Tree.SCINet_Tree_even.workingblock.interact.level.phi.1.bias          |     70     |
|          fm.blocks1.SCINet_Tree.SCINet_Tree_even.workingblock.interact.level.phi.4.weight         |   14700    |
|           fm.blocks1.SCINet_Tree.SCINet_Tree_even.workingblock.interact.level.phi.4.bias          |     70     |
|          fm.blocks1.SCINet_Tree.SCINet_Tree_even.workingblock.interact.level.psi.1.weight         |   24500    |
|           fm.blocks1.SCINet_Tree.SCINet_Tree_even.workingblock.interact.level.psi.1.bias          |     70     |
|          fm.blocks1.SCINet_Tree.SCINet_Tree_even.workingblock.interact.level.psi.4.weight         |   14700    |
|           fm.blocks1.SCINet_Tree.SCINet_Tree_even.workingblock.interact.level.psi.4.bias          |     70     |
|           fm.blocks1.SCINet_Tree.SCINet_Tree_even.workingblock.interact.level.P.1.weight          |   24500    |
|            fm.blocks1.SCINet_Tree.SCINet_Tree_even.workingblock.interact.level.P.1.bias           |     70     |
|           fm.blocks1.SCINet_Tree.SCINet_Tree_even.workingblock.interact.level.P.4.weight          |   14700    |
|            fm.blocks1.SCINet_Tree.SCINet_Tree_even.workingblock.interact.level.P.4.bias           |     70     |
|           fm.blocks1.SCINet_Tree.SCINet_Tree_even.workingblock.interact.level.U.1.weight          |   24500    |
|            fm.blocks1.SCINet_Tree.SCINet_Tree_even.workingblock.interact.level.U.1.bias           |     70     |
|           fm.blocks1.SCINet_Tree.SCINet_Tree_even.workingblock.interact.level.U.4.weight          |   14700    |
|            fm.blocks1.SCINet_Tree.SCINet_Tree_even.workingblock.interact.level.U.4.bias           |     70     |
|  fm.blocks1.SCINet_Tree.SCINet_Tree_even.SCINet_Tree_odd.workingblock.interact.level.phi.1.weight |   24500    |
|   fm.blocks1.SCINet_Tree.SCINet_Tree_even.SCINet_Tree_odd.workingblock.interact.level.phi.1.bias  |     70     |
|  fm.blocks1.SCINet_Tree.SCINet_Tree_even.SCINet_Tree_odd.workingblock.interact.level.phi.4.weight |   14700    |
|   fm.blocks1.SCINet_Tree.SCINet_Tree_even.SCINet_Tree_odd.workingblock.interact.level.phi.4.bias  |     70     |
|  fm.blocks1.SCINet_Tree.SCINet_Tree_even.SCINet_Tree_odd.workingblock.interact.level.psi.1.weight |   24500    |
|   fm.blocks1.SCINet_Tree.SCINet_Tree_even.SCINet_Tree_odd.workingblock.interact.level.psi.1.bias  |     70     |
|  fm.blocks1.SCINet_Tree.SCINet_Tree_even.SCINet_Tree_odd.workingblock.interact.level.psi.4.weight |   14700    |
|   fm.blocks1.SCINet_Tree.SCINet_Tree_even.SCINet_Tree_odd.workingblock.interact.level.psi.4.bias  |     70     |
|   fm.blocks1.SCINet_Tree.SCINet_Tree_even.SCINet_Tree_odd.workingblock.interact.level.P.1.weight  |   24500    |
|    fm.blocks1.SCINet_Tree.SCINet_Tree_even.SCINet_Tree_odd.workingblock.interact.level.P.1.bias   |     70     |
|   fm.blocks1.SCINet_Tree.SCINet_Tree_even.SCINet_Tree_odd.workingblock.interact.level.P.4.weight  |   14700    |
|    fm.blocks1.SCINet_Tree.SCINet_Tree_even.SCINet_Tree_odd.workingblock.interact.level.P.4.bias   |     70     |
|   fm.blocks1.SCINet_Tree.SCINet_Tree_even.SCINet_Tree_odd.workingblock.interact.level.U.1.weight  |   24500    |
|    fm.blocks1.SCINet_Tree.SCINet_Tree_even.SCINet_Tree_odd.workingblock.interact.level.U.1.bias   |     70     |
|   fm.blocks1.SCINet_Tree.SCINet_Tree_even.SCINet_Tree_odd.workingblock.interact.level.U.4.weight  |   14700    |
|    fm.blocks1.SCINet_Tree.SCINet_Tree_even.SCINet_Tree_odd.workingblock.interact.level.U.4.bias   |     70     |
| fm.blocks1.SCINet_Tree.SCINet_Tree_even.SCINet_Tree_even.workingblock.interact.level.phi.1.weight |   24500    |
|  fm.blocks1.SCINet_Tree.SCINet_Tree_even.SCINet_Tree_even.workingblock.interact.level.phi.1.bias  |     70     |
| fm.blocks1.SCINet_Tree.SCINet_Tree_even.SCINet_Tree_even.workingblock.interact.level.phi.4.weight |   14700    |
|  fm.blocks1.SCINet_Tree.SCINet_Tree_even.SCINet_Tree_even.workingblock.interact.level.phi.4.bias  |     70     |
| fm.blocks1.SCINet_Tree.SCINet_Tree_even.SCINet_Tree_even.workingblock.interact.level.psi.1.weight |   24500    |
|  fm.blocks1.SCINet_Tree.SCINet_Tree_even.SCINet_Tree_even.workingblock.interact.level.psi.1.bias  |     70     |
| fm.blocks1.SCINet_Tree.SCINet_Tree_even.SCINet_Tree_even.workingblock.interact.level.psi.4.weight |   14700    |
|  fm.blocks1.SCINet_Tree.SCINet_Tree_even.SCINet_Tree_even.workingblock.interact.level.psi.4.bias  |     70     |
|  fm.blocks1.SCINet_Tree.SCINet_Tree_even.SCINet_Tree_even.workingblock.interact.level.P.1.weight  |   24500    |
|   fm.blocks1.SCINet_Tree.SCINet_Tree_even.SCINet_Tree_even.workingblock.interact.level.P.1.bias   |     70     |
|  fm.blocks1.SCINet_Tree.SCINet_Tree_even.SCINet_Tree_even.workingblock.interact.level.P.4.weight  |   14700    |
|   fm.blocks1.SCINet_Tree.SCINet_Tree_even.SCINet_Tree_even.workingblock.interact.level.P.4.bias   |     70     |
|  fm.blocks1.SCINet_Tree.SCINet_Tree_even.SCINet_Tree_even.workingblock.interact.level.U.1.weight  |   24500    |
|   fm.blocks1.SCINet_Tree.SCINet_Tree_even.SCINet_Tree_even.workingblock.interact.level.U.1.bias   |     70     |
|  fm.blocks1.SCINet_Tree.SCINet_Tree_even.SCINet_Tree_even.workingblock.interact.level.U.4.weight  |   14700    |
|   fm.blocks1.SCINet_Tree.SCINet_Tree_even.SCINet_Tree_even.workingblock.interact.level.U.4.bias   |     70     |
|                                       fm.projection1.weight                                       |    9216    |
|                                             nm.weight                                             |    140     |
|                                       nm.model.input.weight                                       |    4096    |
|                                        nm.model.input.bias                                        |    512     |
|                                     nm.model.input_raw.weight                                     |   49152    |
|                                      nm.model.input_raw.bias                                      |    512     |
|                                       nm.model.output.weight                                      |    8192    |
|                                        nm.model.output.bias                                       |     8      |
|                                     nm.model_std.input.weight                                     |    4096    |
|                                      nm.model_std.input.bias                                      |    512     |
|                                   nm.model_std.input_raw.weight                                   |   49152    |
|                                    nm.model_std.input_raw.bias                                    |    512     |
|                                     nm.model_std.output.weight                                    |    8192    |
|                                      nm.model_std.output.bias                                     |     8      |
+---------------------------------------------------------------------------------------------------+------------+
[2025-01-24 02:00:33] - Total Trainable Params: 1235820
[2025-01-24 02:00:33] - model parameters: 1235820
[2025-01-24 02:00:36] - Epoch: 1 cost time: 3.0607235431671143
[2025-01-24 02:00:36] - Traininng loss : 1.5515276475956565
[2025-01-24 02:00:36] - vali_results: {'mae': 0.7264725565910339, 'mape': 4.477416038513184, 'mse': 1.0817185640335083, 'rmse': 1.0400569438934326}
[2025-01-24 02:00:39] - Epoch: 2 cost time: 6.360135793685913
[2025-01-24 02:00:39] - Traininng loss : 1.3461697603526868
[2025-01-24 02:00:39] - vali_results: {'mae': 0.719687283039093, 'mape': 4.384941101074219, 'mse': 1.067081332206726, 'rmse': 1.0329962968826294}
[2025-01-24 02:00:42] - Epoch: 3 cost time: 9.803194761276245
[2025-01-24 02:00:42] - Traininng loss : 1.2972011032857393
[2025-01-24 02:00:43] - vali_results: {'mae': 0.7155991196632385, 'mape': 4.255894184112549, 'mse': 1.0575274229049683, 'rmse': 1.0283615589141846}
[2025-01-24 02:00:46] - Epoch: 4 cost time: 13.446348667144775
[2025-01-24 02:00:46] - Traininng loss : 1.2657436163801896
[2025-01-24 02:00:47] - vali_results: {'mae': 0.7085001468658447, 'mape': 3.9821038246154785, 'mse': 1.0398021936416626, 'rmse': 1.0197069644927979}
[2025-01-24 02:00:50] - Epoch: 5 cost time: 16.967312574386597
[2025-01-24 02:00:50] - Traininng loss : 1.252309595283709
[2025-01-24 02:00:50] - vali_results: {'mae': 0.7037109136581421, 'mape': 3.8935563564300537, 'mse': 1.031531810760498, 'rmse': 1.01564359664917}
[2025-01-24 02:00:53] - Epoch: 6 cost time: 20.347999811172485
[2025-01-24 02:00:53] - Traininng loss : 1.2297062466019077
[2025-01-24 02:00:53] - vali_results: {'mae': 0.697501003742218, 'mape': 3.612178087234497, 'mse': 1.0165073871612549, 'rmse': 1.0082199573516846}
[2025-01-24 02:00:57] - Epoch: 7 cost time: 24.081315755844116
[2025-01-24 02:00:57] - Traininng loss : 1.2098825354325144
[2025-01-24 02:00:57] - vali_results: {'mae': 0.6922637820243835, 'mape': 3.439161539077759, 'mse': 1.0066379308700562, 'rmse': 1.003313422203064}
[2025-01-24 02:01:00] - Epoch: 8 cost time: 27.87865662574768
[2025-01-24 02:01:00] - Traininng loss : 1.1983903317075026
[2025-01-24 02:01:01] - vali_results: {'mae': 0.6882150769233704, 'mape': 3.283888339996338, 'mse': 0.9980931282043457, 'rmse': 0.9990460872650146}
[2025-01-24 02:01:04] - Epoch: 9 cost time: 31.533849000930786
[2025-01-24 02:01:04] - Traininng loss : 1.1863396450092918
[2025-01-24 02:01:05] - vali_results: {'mae': 0.6844238042831421, 'mape': 3.105102062225342, 'mse': 0.9904874563217163, 'rmse': 0.995232343673706}
[2025-01-24 02:01:08] - Epoch: 10 cost time: 34.95909237861633
[2025-01-24 02:01:08] - Traininng loss : 1.1748180671742088
[2025-01-24 02:01:08] - vali_results: {'mae': 0.6823131442070007, 'mape': 3.001708507537842, 'mse': 0.9858427047729492, 'rmse': 0.9928961396217346}
[2025-01-24 02:01:11] - Epoch: 11 cost time: 38.339728355407715
[2025-01-24 02:01:11] - Traininng loss : 1.1612659426111924
[2025-01-24 02:01:12] - vali_results: {'mae': 0.6772040128707886, 'mape': 2.7968289852142334, 'mse': 0.9767162203788757, 'rmse': 0.9882895350456238}
[2025-01-24 02:01:15] - Epoch: 12 cost time: 42.32097673416138
[2025-01-24 02:01:15] - Traininng loss : 1.157189358221857
[2025-01-24 02:01:15] - vali_results: {'mae': 0.6770300269126892, 'mape': 2.795257329940796, 'mse': 0.977086067199707, 'rmse': 0.9884766340255737}
[2025-01-24 02:01:19] - Epoch: 13 cost time: 46.068657636642456
[2025-01-24 02:01:19] - Traininng loss : 1.1496416440135555
[2025-01-24 02:01:19] - vali_results: {'mae': 0.6746273040771484, 'mape': 2.717667818069458, 'mse': 0.9731509685516357, 'rmse': 0.986484169960022}
[2025-01-24 02:01:22] - Epoch: 14 cost time: 49.595759868621826
[2025-01-24 02:01:22] - Traininng loss : 1.142449593857715
[2025-01-24 02:01:23] - vali_results: {'mae': 0.6745697855949402, 'mape': 2.634355306625366, 'mse': 0.9719203114509583, 'rmse': 0.9858601689338684}
[2025-01-24 02:01:26] - Epoch: 15 cost time: 52.96350431442261
[2025-01-24 02:01:26] - Traininng loss : 1.1379258491491016
[2025-01-24 02:01:26] - vali_results: {'mae': 0.6739848256111145, 'mape': 2.614570379257202, 'mse': 0.9712510108947754, 'rmse': 0.9855206608772278}
[2025-01-24 02:01:29] - Epoch: 16 cost time: 56.42328763008118
[2025-01-24 02:01:29] - Traininng loss : 1.1292741455529864
[2025-01-24 02:01:30] - vali_results: {'mae': 0.6739141941070557, 'mape': 2.6012091636657715, 'mse': 0.9707777500152588, 'rmse': 0.9852805733680725}
[2025-01-24 02:01:32] - Epoch: 17 cost time: 59.939902782440186
[2025-01-24 02:01:32] - Traininng loss : 1.1268634074612667
[2025-01-24 02:01:33] - vali_results: {'mae': 0.6742992997169495, 'mape': 2.566687822341919, 'mse': 0.9716797471046448, 'rmse': 0.9857381582260132}
[2025-01-24 02:01:36] - Epoch: 18 cost time: 63.43896698951721
[2025-01-24 02:01:36] - Traininng loss : 1.118692098479522
[2025-01-24 02:01:37] - vali_results: {'mae': 0.6748064756393433, 'mape': 2.59836483001709, 'mse': 0.9716223478317261, 'rmse': 0.9857090711593628}
[2025-01-24 02:01:39] - Epoch: 19 cost time: 66.83555746078491
[2025-01-24 02:01:39] - Traininng loss : 1.1170184220138348
[2025-01-24 02:01:40] - vali_results: {'mae': 0.6764141321182251, 'mape': 2.623461961746216, 'mse': 0.9738990664482117, 'rmse': 0.9868632555007935}
[2025-01-24 02:01:43] - Epoch: 20 cost time: 70.39209151268005
[2025-01-24 02:01:43] - Traininng loss : 1.1131605945135419
[2025-01-24 02:01:44] - vali_results: {'mae': 0.6788021922111511, 'mape': 2.6751577854156494, 'mse': 0.9785877466201782, 'rmse': 0.9892359375953674}
[2025-01-24 02:01:47] - Epoch: 21 cost time: 74.04129528999329
[2025-01-24 02:01:47] - Traininng loss : 1.1012511582751023
[2025-01-24 02:01:47] - vali_results: {'mae': 0.6784393787384033, 'mape': 2.6086251735687256, 'mse': 0.9761775135993958, 'rmse': 0.9880169630050659}
[2025-01-24 02:01:47] - loss no decreased for 5 epochs,  early stopping ....
[2025-01-24 02:01:48] - test_results: {'mae': 0.5242295265197754, 'mape': 3.378608226776123, 'mse': 0.677523136138916, 'rmse': 0.8231179118156433}
