[2025-02-04 14:13:41] - run : 0 in seed: 3
[2025-02-04 14:13:41] - +---------------------------------------------------------------------------------------------------+------------+
|                                              Modules                                              | Parameters |
+---------------------------------------------------------------------------------------------------+------------+
|                  fm.blocks1.SCINet_Tree.workingblock.interact.level.phi.1.weight                  |    245     |
|                   fm.blocks1.SCINet_Tree.workingblock.interact.level.phi.1.bias                   |     7      |
|                  fm.blocks1.SCINet_Tree.workingblock.interact.level.phi.4.weight                  |    147     |
|                   fm.blocks1.SCINet_Tree.workingblock.interact.level.phi.4.bias                   |     7      |
|                  fm.blocks1.SCINet_Tree.workingblock.interact.level.psi.1.weight                  |    245     |
|                   fm.blocks1.SCINet_Tree.workingblock.interact.level.psi.1.bias                   |     7      |
|                  fm.blocks1.SCINet_Tree.workingblock.interact.level.psi.4.weight                  |    147     |
|                   fm.blocks1.SCINet_Tree.workingblock.interact.level.psi.4.bias                   |     7      |
|                   fm.blocks1.SCINet_Tree.workingblock.interact.level.P.1.weight                   |    245     |
|                    fm.blocks1.SCINet_Tree.workingblock.interact.level.P.1.bias                    |     7      |
|                   fm.blocks1.SCINet_Tree.workingblock.interact.level.P.4.weight                   |    147     |
|                    fm.blocks1.SCINet_Tree.workingblock.interact.level.P.4.bias                    |     7      |
|                   fm.blocks1.SCINet_Tree.workingblock.interact.level.U.1.weight                   |    245     |
|                    fm.blocks1.SCINet_Tree.workingblock.interact.level.U.1.bias                    |     7      |
|                   fm.blocks1.SCINet_Tree.workingblock.interact.level.U.4.weight                   |    147     |
|                    fm.blocks1.SCINet_Tree.workingblock.interact.level.U.4.bias                    |     7      |
|          fm.blocks1.SCINet_Tree.SCINet_Tree_odd.workingblock.interact.level.phi.1.weight          |    245     |
|           fm.blocks1.SCINet_Tree.SCINet_Tree_odd.workingblock.interact.level.phi.1.bias           |     7      |
|          fm.blocks1.SCINet_Tree.SCINet_Tree_odd.workingblock.interact.level.phi.4.weight          |    147     |
|           fm.blocks1.SCINet_Tree.SCINet_Tree_odd.workingblock.interact.level.phi.4.bias           |     7      |
|          fm.blocks1.SCINet_Tree.SCINet_Tree_odd.workingblock.interact.level.psi.1.weight          |    245     |
|           fm.blocks1.SCINet_Tree.SCINet_Tree_odd.workingblock.interact.level.psi.1.bias           |     7      |
|          fm.blocks1.SCINet_Tree.SCINet_Tree_odd.workingblock.interact.level.psi.4.weight          |    147     |
|           fm.blocks1.SCINet_Tree.SCINet_Tree_odd.workingblock.interact.level.psi.4.bias           |     7      |
|           fm.blocks1.SCINet_Tree.SCINet_Tree_odd.workingblock.interact.level.P.1.weight           |    245     |
|            fm.blocks1.SCINet_Tree.SCINet_Tree_odd.workingblock.interact.level.P.1.bias            |     7      |
|           fm.blocks1.SCINet_Tree.SCINet_Tree_odd.workingblock.interact.level.P.4.weight           |    147     |
|            fm.blocks1.SCINet_Tree.SCINet_Tree_odd.workingblock.interact.level.P.4.bias            |     7      |
|           fm.blocks1.SCINet_Tree.SCINet_Tree_odd.workingblock.interact.level.U.1.weight           |    245     |
|            fm.blocks1.SCINet_Tree.SCINet_Tree_odd.workingblock.interact.level.U.1.bias            |     7      |
|           fm.blocks1.SCINet_Tree.SCINet_Tree_odd.workingblock.interact.level.U.4.weight           |    147     |
|            fm.blocks1.SCINet_Tree.SCINet_Tree_odd.workingblock.interact.level.U.4.bias            |     7      |
|  fm.blocks1.SCINet_Tree.SCINet_Tree_odd.SCINet_Tree_odd.workingblock.interact.level.phi.1.weight  |    245     |
|   fm.blocks1.SCINet_Tree.SCINet_Tree_odd.SCINet_Tree_odd.workingblock.interact.level.phi.1.bias   |     7      |
|  fm.blocks1.SCINet_Tree.SCINet_Tree_odd.SCINet_Tree_odd.workingblock.interact.level.phi.4.weight  |    147     |
|   fm.blocks1.SCINet_Tree.SCINet_Tree_odd.SCINet_Tree_odd.workingblock.interact.level.phi.4.bias   |     7      |
|  fm.blocks1.SCINet_Tree.SCINet_Tree_odd.SCINet_Tree_odd.workingblock.interact.level.psi.1.weight  |    245     |
|   fm.blocks1.SCINet_Tree.SCINet_Tree_odd.SCINet_Tree_odd.workingblock.interact.level.psi.1.bias   |     7      |
|  fm.blocks1.SCINet_Tree.SCINet_Tree_odd.SCINet_Tree_odd.workingblock.interact.level.psi.4.weight  |    147     |
|   fm.blocks1.SCINet_Tree.SCINet_Tree_odd.SCINet_Tree_odd.workingblock.interact.level.psi.4.bias   |     7      |
|   fm.blocks1.SCINet_Tree.SCINet_Tree_odd.SCINet_Tree_odd.workingblock.interact.level.P.1.weight   |    245     |
|    fm.blocks1.SCINet_Tree.SCINet_Tree_odd.SCINet_Tree_odd.workingblock.interact.level.P.1.bias    |     7      |
|   fm.blocks1.SCINet_Tree.SCINet_Tree_odd.SCINet_Tree_odd.workingblock.interact.level.P.4.weight   |    147     |
|    fm.blocks1.SCINet_Tree.SCINet_Tree_odd.SCINet_Tree_odd.workingblock.interact.level.P.4.bias    |     7      |
|   fm.blocks1.SCINet_Tree.SCINet_Tree_odd.SCINet_Tree_odd.workingblock.interact.level.U.1.weight   |    245     |
|    fm.blocks1.SCINet_Tree.SCINet_Tree_odd.SCINet_Tree_odd.workingblock.interact.level.U.1.bias    |     7      |
|   fm.blocks1.SCINet_Tree.SCINet_Tree_odd.SCINet_Tree_odd.workingblock.interact.level.U.4.weight   |    147     |
|    fm.blocks1.SCINet_Tree.SCINet_Tree_odd.SCINet_Tree_odd.workingblock.interact.level.U.4.bias    |     7      |
|  fm.blocks1.SCINet_Tree.SCINet_Tree_odd.SCINet_Tree_even.workingblock.interact.level.phi.1.weight |    245     |
|   fm.blocks1.SCINet_Tree.SCINet_Tree_odd.SCINet_Tree_even.workingblock.interact.level.phi.1.bias  |     7      |
|  fm.blocks1.SCINet_Tree.SCINet_Tree_odd.SCINet_Tree_even.workingblock.interact.level.phi.4.weight |    147     |
|   fm.blocks1.SCINet_Tree.SCINet_Tree_odd.SCINet_Tree_even.workingblock.interact.level.phi.4.bias  |     7      |
|  fm.blocks1.SCINet_Tree.SCINet_Tree_odd.SCINet_Tree_even.workingblock.interact.level.psi.1.weight |    245     |
|   fm.blocks1.SCINet_Tree.SCINet_Tree_odd.SCINet_Tree_even.workingblock.interact.level.psi.1.bias  |     7      |
|  fm.blocks1.SCINet_Tree.SCINet_Tree_odd.SCINet_Tree_even.workingblock.interact.level.psi.4.weight |    147     |
|   fm.blocks1.SCINet_Tree.SCINet_Tree_odd.SCINet_Tree_even.workingblock.interact.level.psi.4.bias  |     7      |
|   fm.blocks1.SCINet_Tree.SCINet_Tree_odd.SCINet_Tree_even.workingblock.interact.level.P.1.weight  |    245     |
|    fm.blocks1.SCINet_Tree.SCINet_Tree_odd.SCINet_Tree_even.workingblock.interact.level.P.1.bias   |     7      |
|   fm.blocks1.SCINet_Tree.SCINet_Tree_odd.SCINet_Tree_even.workingblock.interact.level.P.4.weight  |    147     |
|    fm.blocks1.SCINet_Tree.SCINet_Tree_odd.SCINet_Tree_even.workingblock.interact.level.P.4.bias   |     7      |
|   fm.blocks1.SCINet_Tree.SCINet_Tree_odd.SCINet_Tree_even.workingblock.interact.level.U.1.weight  |    245     |
|    fm.blocks1.SCINet_Tree.SCINet_Tree_odd.SCINet_Tree_even.workingblock.interact.level.U.1.bias   |     7      |
|   fm.blocks1.SCINet_Tree.SCINet_Tree_odd.SCINet_Tree_even.workingblock.interact.level.U.4.weight  |    147     |
|    fm.blocks1.SCINet_Tree.SCINet_Tree_odd.SCINet_Tree_even.workingblock.interact.level.U.4.bias   |     7      |
|          fm.blocks1.SCINet_Tree.SCINet_Tree_even.workingblock.interact.level.phi.1.weight         |    245     |
|           fm.blocks1.SCINet_Tree.SCINet_Tree_even.workingblock.interact.level.phi.1.bias          |     7      |
|          fm.blocks1.SCINet_Tree.SCINet_Tree_even.workingblock.interact.level.phi.4.weight         |    147     |
|           fm.blocks1.SCINet_Tree.SCINet_Tree_even.workingblock.interact.level.phi.4.bias          |     7      |
|          fm.blocks1.SCINet_Tree.SCINet_Tree_even.workingblock.interact.level.psi.1.weight         |    245     |
|           fm.blocks1.SCINet_Tree.SCINet_Tree_even.workingblock.interact.level.psi.1.bias          |     7      |
|          fm.blocks1.SCINet_Tree.SCINet_Tree_even.workingblock.interact.level.psi.4.weight         |    147     |
|           fm.blocks1.SCINet_Tree.SCINet_Tree_even.workingblock.interact.level.psi.4.bias          |     7      |
|           fm.blocks1.SCINet_Tree.SCINet_Tree_even.workingblock.interact.level.P.1.weight          |    245     |
|            fm.blocks1.SCINet_Tree.SCINet_Tree_even.workingblock.interact.level.P.1.bias           |     7      |
|           fm.blocks1.SCINet_Tree.SCINet_Tree_even.workingblock.interact.level.P.4.weight          |    147     |
|            fm.blocks1.SCINet_Tree.SCINet_Tree_even.workingblock.interact.level.P.4.bias           |     7      |
|           fm.blocks1.SCINet_Tree.SCINet_Tree_even.workingblock.interact.level.U.1.weight          |    245     |
|            fm.blocks1.SCINet_Tree.SCINet_Tree_even.workingblock.interact.level.U.1.bias           |     7      |
|           fm.blocks1.SCINet_Tree.SCINet_Tree_even.workingblock.interact.level.U.4.weight          |    147     |
|            fm.blocks1.SCINet_Tree.SCINet_Tree_even.workingblock.interact.level.U.4.bias           |     7      |
|  fm.blocks1.SCINet_Tree.SCINet_Tree_even.SCINet_Tree_odd.workingblock.interact.level.phi.1.weight |    245     |
|   fm.blocks1.SCINet_Tree.SCINet_Tree_even.SCINet_Tree_odd.workingblock.interact.level.phi.1.bias  |     7      |
|  fm.blocks1.SCINet_Tree.SCINet_Tree_even.SCINet_Tree_odd.workingblock.interact.level.phi.4.weight |    147     |
|   fm.blocks1.SCINet_Tree.SCINet_Tree_even.SCINet_Tree_odd.workingblock.interact.level.phi.4.bias  |     7      |
|  fm.blocks1.SCINet_Tree.SCINet_Tree_even.SCINet_Tree_odd.workingblock.interact.level.psi.1.weight |    245     |
|   fm.blocks1.SCINet_Tree.SCINet_Tree_even.SCINet_Tree_odd.workingblock.interact.level.psi.1.bias  |     7      |
|  fm.blocks1.SCINet_Tree.SCINet_Tree_even.SCINet_Tree_odd.workingblock.interact.level.psi.4.weight |    147     |
|   fm.blocks1.SCINet_Tree.SCINet_Tree_even.SCINet_Tree_odd.workingblock.interact.level.psi.4.bias  |     7      |
|   fm.blocks1.SCINet_Tree.SCINet_Tree_even.SCINet_Tree_odd.workingblock.interact.level.P.1.weight  |    245     |
|    fm.blocks1.SCINet_Tree.SCINet_Tree_even.SCINet_Tree_odd.workingblock.interact.level.P.1.bias   |     7      |
|   fm.blocks1.SCINet_Tree.SCINet_Tree_even.SCINet_Tree_odd.workingblock.interact.level.P.4.weight  |    147     |
|    fm.blocks1.SCINet_Tree.SCINet_Tree_even.SCINet_Tree_odd.workingblock.interact.level.P.4.bias   |     7      |
|   fm.blocks1.SCINet_Tree.SCINet_Tree_even.SCINet_Tree_odd.workingblock.interact.level.U.1.weight  |    245     |
|    fm.blocks1.SCINet_Tree.SCINet_Tree_even.SCINet_Tree_odd.workingblock.interact.level.U.1.bias   |     7      |
|   fm.blocks1.SCINet_Tree.SCINet_Tree_even.SCINet_Tree_odd.workingblock.interact.level.U.4.weight  |    147     |
|    fm.blocks1.SCINet_Tree.SCINet_Tree_even.SCINet_Tree_odd.workingblock.interact.level.U.4.bias   |     7      |
| fm.blocks1.SCINet_Tree.SCINet_Tree_even.SCINet_Tree_even.workingblock.interact.level.phi.1.weight |    245     |
|  fm.blocks1.SCINet_Tree.SCINet_Tree_even.SCINet_Tree_even.workingblock.interact.level.phi.1.bias  |     7      |
| fm.blocks1.SCINet_Tree.SCINet_Tree_even.SCINet_Tree_even.workingblock.interact.level.phi.4.weight |    147     |
|  fm.blocks1.SCINet_Tree.SCINet_Tree_even.SCINet_Tree_even.workingblock.interact.level.phi.4.bias  |     7      |
| fm.blocks1.SCINet_Tree.SCINet_Tree_even.SCINet_Tree_even.workingblock.interact.level.psi.1.weight |    245     |
|  fm.blocks1.SCINet_Tree.SCINet_Tree_even.SCINet_Tree_even.workingblock.interact.level.psi.1.bias  |     7      |
| fm.blocks1.SCINet_Tree.SCINet_Tree_even.SCINet_Tree_even.workingblock.interact.level.psi.4.weight |    147     |
|  fm.blocks1.SCINet_Tree.SCINet_Tree_even.SCINet_Tree_even.workingblock.interact.level.psi.4.bias  |     7      |
|  fm.blocks1.SCINet_Tree.SCINet_Tree_even.SCINet_Tree_even.workingblock.interact.level.P.1.weight  |    245     |
|   fm.blocks1.SCINet_Tree.SCINet_Tree_even.SCINet_Tree_even.workingblock.interact.level.P.1.bias   |     7      |
|  fm.blocks1.SCINet_Tree.SCINet_Tree_even.SCINet_Tree_even.workingblock.interact.level.P.4.weight  |    147     |
|   fm.blocks1.SCINet_Tree.SCINet_Tree_even.SCINet_Tree_even.workingblock.interact.level.P.4.bias   |     7      |
|  fm.blocks1.SCINet_Tree.SCINet_Tree_even.SCINet_Tree_even.workingblock.interact.level.U.1.weight  |    245     |
|   fm.blocks1.SCINet_Tree.SCINet_Tree_even.SCINet_Tree_even.workingblock.interact.level.U.1.bias   |     7      |
|  fm.blocks1.SCINet_Tree.SCINet_Tree_even.SCINet_Tree_even.workingblock.interact.level.U.4.weight  |    147     |
|   fm.blocks1.SCINet_Tree.SCINet_Tree_even.SCINet_Tree_even.workingblock.interact.level.U.4.bias   |     7      |
|                                       fm.projection1.weight                                       |   69120    |
+---------------------------------------------------------------------------------------------------+------------+
[2025-02-04 14:13:41] - Total Trainable Params: 80488
[2025-02-04 14:13:41] - model parameters: 80488
[2025-02-04 14:13:59] - Epoch: 1 cost time: 17.708742380142212
[2025-02-04 14:13:59] - Traininng loss : 0.9859487392464462
[2025-02-04 14:14:01] - vali_results: {'mae': 1.0359845161437988, 'mape': 12.497652053833008, 'mse': 1.9113459587097168, 'rmse': 1.3825143575668335}
[2025-02-04 14:14:17] - Epoch: 2 cost time: 36.29728984832764
[2025-02-04 14:14:17] - Traininng loss : 0.6871087045085673
[2025-02-04 14:14:19] - vali_results: {'mae': 0.990466833114624, 'mape': 11.46031379699707, 'mse': 1.7786595821380615, 'rmse': 1.3336639404296875}
[2025-02-04 14:14:36] - Epoch: 3 cost time: 54.73715662956238
[2025-02-04 14:14:36] - Traininng loss : 0.6154659582644093
[2025-02-04 14:14:37] - vali_results: {'mae': 0.975551426410675, 'mape': 10.874500274658203, 'mse': 1.7373157739639282, 'rmse': 1.31807279586792}
[2025-02-04 14:14:53] - Epoch: 4 cost time: 72.30533528327942
[2025-02-04 14:14:53] - Traininng loss : 0.5691016189906062
[2025-02-04 14:14:55] - vali_results: {'mae': 0.9690324068069458, 'mape': 10.5697021484375, 'mse': 1.7191133499145508, 'rmse': 1.3111495971679688}
[2025-02-04 14:15:11] - Epoch: 5 cost time: 90.05743312835693
[2025-02-04 14:15:11] - Traininng loss : 0.5454906245883631
[2025-02-04 14:15:13] - vali_results: {'mae': 0.9659059047698975, 'mape': 10.402547836303711, 'mse': 1.7109043598175049, 'rmse': 1.3080154657363892}
[2025-02-04 14:15:29] - Epoch: 6 cost time: 108.2900743484497
[2025-02-04 14:15:29] - Traininng loss : 0.531191557889082
[2025-02-04 14:15:31] - vali_results: {'mae': 0.9645956754684448, 'mape': 10.386420249938965, 'mse': 1.7071411609649658, 'rmse': 1.306576132774353}
[2025-02-04 14:15:49] - Epoch: 7 cost time: 128.13538074493408
[2025-02-04 14:15:49] - Traininng loss : 0.5205800518697622
[2025-02-04 14:15:51] - vali_results: {'mae': 0.9642236232757568, 'mape': 10.367582321166992, 'mse': 1.7064006328582764, 'rmse': 1.3062926530838013}
[2025-02-04 14:16:09] - Epoch: 8 cost time: 147.63815999031067
[2025-02-04 14:16:09] - Traininng loss : 0.5141143769634013
[2025-02-04 14:16:10] - vali_results: {'mae': 0.9639884829521179, 'mape': 10.393467903137207, 'mse': 1.70646071434021, 'rmse': 1.3063156604766846}
[2025-02-04 14:16:27] - Epoch: 9 cost time: 166.22396111488342
[2025-02-04 14:16:27] - Traininng loss : 0.5040783747118347
[2025-02-04 14:16:29] - vali_results: {'mae': 0.9638936519622803, 'mape': 10.413435935974121, 'mse': 1.7062748670578003, 'rmse': 1.3062446117401123}
[2025-02-04 14:16:45] - Epoch: 10 cost time: 184.17965364456177
[2025-02-04 14:16:45] - Traininng loss : 0.4958706163630194
[2025-02-04 14:16:47] - vali_results: {'mae': 0.9644255638122559, 'mape': 10.379490852355957, 'mse': 1.7078495025634766, 'rmse': 1.3068472146987915}
[2025-02-04 14:17:03] - Epoch: 11 cost time: 202.46491265296936
[2025-02-04 14:17:03] - Traininng loss : 0.4935482197878312
[2025-02-04 14:17:05] - vali_results: {'mae': 0.9639853835105896, 'mape': 10.318780899047852, 'mse': 1.7077034711837769, 'rmse': 1.3067913055419922}
[2025-02-04 14:17:22] - Epoch: 12 cost time: 220.683443069458
[2025-02-04 14:17:22] - Traininng loss : 0.4896324961769338
[2025-02-04 14:17:24] - vali_results: {'mae': 0.9643509984016418, 'mape': 10.324061393737793, 'mse': 1.708886742591858, 'rmse': 1.3072439432144165}
[2025-02-04 14:17:41] - Epoch: 13 cost time: 239.64246678352356
[2025-02-04 14:17:41] - Traininng loss : 0.4872403731151503
[2025-02-04 14:17:42] - vali_results: {'mae': 0.964925229549408, 'mape': 10.345036506652832, 'mse': 1.7112598419189453, 'rmse': 1.308151364326477}
[2025-02-04 14:17:59] - Epoch: 14 cost time: 258.23733282089233
[2025-02-04 14:17:59] - Traininng loss : 0.48612336625858227
[2025-02-04 14:18:01] - vali_results: {'mae': 0.9654332399368286, 'mape': 10.389111518859863, 'mse': 1.7121280431747437, 'rmse': 1.3084831237792969}
[2025-02-04 14:18:01] - loss no decreased for 5 epochs,  early stopping ....
[2025-02-04 14:18:03] - test_results: {'mae': 0.8717449903488159, 'mape': 31.7838191986084, 'mse': 1.3100429773330688, 'rmse': 1.14457106590271}
