[2025-01-24 03:32:15] - run : 0 in seed: 3
[2025-01-24 03:32:15] - +---------------------------------------------------------------------------------------------------+------------+
|                                              Modules                                              | Parameters |
+---------------------------------------------------------------------------------------------------+------------+
|                  fm.blocks1.SCINet_Tree.workingblock.interact.level.phi.1.weight                  |    720     |
|                   fm.blocks1.SCINet_Tree.workingblock.interact.level.phi.1.bias                   |     12     |
|                  fm.blocks1.SCINet_Tree.workingblock.interact.level.phi.4.weight                  |    432     |
|                   fm.blocks1.SCINet_Tree.workingblock.interact.level.phi.4.bias                   |     12     |
|                  fm.blocks1.SCINet_Tree.workingblock.interact.level.psi.1.weight                  |    720     |
|                   fm.blocks1.SCINet_Tree.workingblock.interact.level.psi.1.bias                   |     12     |
|                  fm.blocks1.SCINet_Tree.workingblock.interact.level.psi.4.weight                  |    432     |
|                   fm.blocks1.SCINet_Tree.workingblock.interact.level.psi.4.bias                   |     12     |
|                   fm.blocks1.SCINet_Tree.workingblock.interact.level.P.1.weight                   |    720     |
|                    fm.blocks1.SCINet_Tree.workingblock.interact.level.P.1.bias                    |     12     |
|                   fm.blocks1.SCINet_Tree.workingblock.interact.level.P.4.weight                   |    432     |
|                    fm.blocks1.SCINet_Tree.workingblock.interact.level.P.4.bias                    |     12     |
|                   fm.blocks1.SCINet_Tree.workingblock.interact.level.U.1.weight                   |    720     |
|                    fm.blocks1.SCINet_Tree.workingblock.interact.level.U.1.bias                    |     12     |
|                   fm.blocks1.SCINet_Tree.workingblock.interact.level.U.4.weight                   |    432     |
|                    fm.blocks1.SCINet_Tree.workingblock.interact.level.U.4.bias                    |     12     |
|          fm.blocks1.SCINet_Tree.SCINet_Tree_odd.workingblock.interact.level.phi.1.weight          |    720     |
|           fm.blocks1.SCINet_Tree.SCINet_Tree_odd.workingblock.interact.level.phi.1.bias           |     12     |
|          fm.blocks1.SCINet_Tree.SCINet_Tree_odd.workingblock.interact.level.phi.4.weight          |    432     |
|           fm.blocks1.SCINet_Tree.SCINet_Tree_odd.workingblock.interact.level.phi.4.bias           |     12     |
|          fm.blocks1.SCINet_Tree.SCINet_Tree_odd.workingblock.interact.level.psi.1.weight          |    720     |
|           fm.blocks1.SCINet_Tree.SCINet_Tree_odd.workingblock.interact.level.psi.1.bias           |     12     |
|          fm.blocks1.SCINet_Tree.SCINet_Tree_odd.workingblock.interact.level.psi.4.weight          |    432     |
|           fm.blocks1.SCINet_Tree.SCINet_Tree_odd.workingblock.interact.level.psi.4.bias           |     12     |
|           fm.blocks1.SCINet_Tree.SCINet_Tree_odd.workingblock.interact.level.P.1.weight           |    720     |
|            fm.blocks1.SCINet_Tree.SCINet_Tree_odd.workingblock.interact.level.P.1.bias            |     12     |
|           fm.blocks1.SCINet_Tree.SCINet_Tree_odd.workingblock.interact.level.P.4.weight           |    432     |
|            fm.blocks1.SCINet_Tree.SCINet_Tree_odd.workingblock.interact.level.P.4.bias            |     12     |
|           fm.blocks1.SCINet_Tree.SCINet_Tree_odd.workingblock.interact.level.U.1.weight           |    720     |
|            fm.blocks1.SCINet_Tree.SCINet_Tree_odd.workingblock.interact.level.U.1.bias            |     12     |
|           fm.blocks1.SCINet_Tree.SCINet_Tree_odd.workingblock.interact.level.U.4.weight           |    432     |
|            fm.blocks1.SCINet_Tree.SCINet_Tree_odd.workingblock.interact.level.U.4.bias            |     12     |
|  fm.blocks1.SCINet_Tree.SCINet_Tree_odd.SCINet_Tree_odd.workingblock.interact.level.phi.1.weight  |    720     |
|   fm.blocks1.SCINet_Tree.SCINet_Tree_odd.SCINet_Tree_odd.workingblock.interact.level.phi.1.bias   |     12     |
|  fm.blocks1.SCINet_Tree.SCINet_Tree_odd.SCINet_Tree_odd.workingblock.interact.level.phi.4.weight  |    432     |
|   fm.blocks1.SCINet_Tree.SCINet_Tree_odd.SCINet_Tree_odd.workingblock.interact.level.phi.4.bias   |     12     |
|  fm.blocks1.SCINet_Tree.SCINet_Tree_odd.SCINet_Tree_odd.workingblock.interact.level.psi.1.weight  |    720     |
|   fm.blocks1.SCINet_Tree.SCINet_Tree_odd.SCINet_Tree_odd.workingblock.interact.level.psi.1.bias   |     12     |
|  fm.blocks1.SCINet_Tree.SCINet_Tree_odd.SCINet_Tree_odd.workingblock.interact.level.psi.4.weight  |    432     |
|   fm.blocks1.SCINet_Tree.SCINet_Tree_odd.SCINet_Tree_odd.workingblock.interact.level.psi.4.bias   |     12     |
|   fm.blocks1.SCINet_Tree.SCINet_Tree_odd.SCINet_Tree_odd.workingblock.interact.level.P.1.weight   |    720     |
|    fm.blocks1.SCINet_Tree.SCINet_Tree_odd.SCINet_Tree_odd.workingblock.interact.level.P.1.bias    |     12     |
|   fm.blocks1.SCINet_Tree.SCINet_Tree_odd.SCINet_Tree_odd.workingblock.interact.level.P.4.weight   |    432     |
|    fm.blocks1.SCINet_Tree.SCINet_Tree_odd.SCINet_Tree_odd.workingblock.interact.level.P.4.bias    |     12     |
|   fm.blocks1.SCINet_Tree.SCINet_Tree_odd.SCINet_Tree_odd.workingblock.interact.level.U.1.weight   |    720     |
|    fm.blocks1.SCINet_Tree.SCINet_Tree_odd.SCINet_Tree_odd.workingblock.interact.level.U.1.bias    |     12     |
|   fm.blocks1.SCINet_Tree.SCINet_Tree_odd.SCINet_Tree_odd.workingblock.interact.level.U.4.weight   |    432     |
|    fm.blocks1.SCINet_Tree.SCINet_Tree_odd.SCINet_Tree_odd.workingblock.interact.level.U.4.bias    |     12     |
|  fm.blocks1.SCINet_Tree.SCINet_Tree_odd.SCINet_Tree_even.workingblock.interact.level.phi.1.weight |    720     |
|   fm.blocks1.SCINet_Tree.SCINet_Tree_odd.SCINet_Tree_even.workingblock.interact.level.phi.1.bias  |     12     |
|  fm.blocks1.SCINet_Tree.SCINet_Tree_odd.SCINet_Tree_even.workingblock.interact.level.phi.4.weight |    432     |
|   fm.blocks1.SCINet_Tree.SCINet_Tree_odd.SCINet_Tree_even.workingblock.interact.level.phi.4.bias  |     12     |
|  fm.blocks1.SCINet_Tree.SCINet_Tree_odd.SCINet_Tree_even.workingblock.interact.level.psi.1.weight |    720     |
|   fm.blocks1.SCINet_Tree.SCINet_Tree_odd.SCINet_Tree_even.workingblock.interact.level.psi.1.bias  |     12     |
|  fm.blocks1.SCINet_Tree.SCINet_Tree_odd.SCINet_Tree_even.workingblock.interact.level.psi.4.weight |    432     |
|   fm.blocks1.SCINet_Tree.SCINet_Tree_odd.SCINet_Tree_even.workingblock.interact.level.psi.4.bias  |     12     |
|   fm.blocks1.SCINet_Tree.SCINet_Tree_odd.SCINet_Tree_even.workingblock.interact.level.P.1.weight  |    720     |
|    fm.blocks1.SCINet_Tree.SCINet_Tree_odd.SCINet_Tree_even.workingblock.interact.level.P.1.bias   |     12     |
|   fm.blocks1.SCINet_Tree.SCINet_Tree_odd.SCINet_Tree_even.workingblock.interact.level.P.4.weight  |    432     |
|    fm.blocks1.SCINet_Tree.SCINet_Tree_odd.SCINet_Tree_even.workingblock.interact.level.P.4.bias   |     12     |
|   fm.blocks1.SCINet_Tree.SCINet_Tree_odd.SCINet_Tree_even.workingblock.interact.level.U.1.weight  |    720     |
|    fm.blocks1.SCINet_Tree.SCINet_Tree_odd.SCINet_Tree_even.workingblock.interact.level.U.1.bias   |     12     |
|   fm.blocks1.SCINet_Tree.SCINet_Tree_odd.SCINet_Tree_even.workingblock.interact.level.U.4.weight  |    432     |
|    fm.blocks1.SCINet_Tree.SCINet_Tree_odd.SCINet_Tree_even.workingblock.interact.level.U.4.bias   |     12     |
|          fm.blocks1.SCINet_Tree.SCINet_Tree_even.workingblock.interact.level.phi.1.weight         |    720     |
|           fm.blocks1.SCINet_Tree.SCINet_Tree_even.workingblock.interact.level.phi.1.bias          |     12     |
|          fm.blocks1.SCINet_Tree.SCINet_Tree_even.workingblock.interact.level.phi.4.weight         |    432     |
|           fm.blocks1.SCINet_Tree.SCINet_Tree_even.workingblock.interact.level.phi.4.bias          |     12     |
|          fm.blocks1.SCINet_Tree.SCINet_Tree_even.workingblock.interact.level.psi.1.weight         |    720     |
|           fm.blocks1.SCINet_Tree.SCINet_Tree_even.workingblock.interact.level.psi.1.bias          |     12     |
|          fm.blocks1.SCINet_Tree.SCINet_Tree_even.workingblock.interact.level.psi.4.weight         |    432     |
|           fm.blocks1.SCINet_Tree.SCINet_Tree_even.workingblock.interact.level.psi.4.bias          |     12     |
|           fm.blocks1.SCINet_Tree.SCINet_Tree_even.workingblock.interact.level.P.1.weight          |    720     |
|            fm.blocks1.SCINet_Tree.SCINet_Tree_even.workingblock.interact.level.P.1.bias           |     12     |
|           fm.blocks1.SCINet_Tree.SCINet_Tree_even.workingblock.interact.level.P.4.weight          |    432     |
|            fm.blocks1.SCINet_Tree.SCINet_Tree_even.workingblock.interact.level.P.4.bias           |     12     |
|           fm.blocks1.SCINet_Tree.SCINet_Tree_even.workingblock.interact.level.U.1.weight          |    720     |
|            fm.blocks1.SCINet_Tree.SCINet_Tree_even.workingblock.interact.level.U.1.bias           |     12     |
|           fm.blocks1.SCINet_Tree.SCINet_Tree_even.workingblock.interact.level.U.4.weight          |    432     |
|            fm.blocks1.SCINet_Tree.SCINet_Tree_even.workingblock.interact.level.U.4.bias           |     12     |
|  fm.blocks1.SCINet_Tree.SCINet_Tree_even.SCINet_Tree_odd.workingblock.interact.level.phi.1.weight |    720     |
|   fm.blocks1.SCINet_Tree.SCINet_Tree_even.SCINet_Tree_odd.workingblock.interact.level.phi.1.bias  |     12     |
|  fm.blocks1.SCINet_Tree.SCINet_Tree_even.SCINet_Tree_odd.workingblock.interact.level.phi.4.weight |    432     |
|   fm.blocks1.SCINet_Tree.SCINet_Tree_even.SCINet_Tree_odd.workingblock.interact.level.phi.4.bias  |     12     |
|  fm.blocks1.SCINet_Tree.SCINet_Tree_even.SCINet_Tree_odd.workingblock.interact.level.psi.1.weight |    720     |
|   fm.blocks1.SCINet_Tree.SCINet_Tree_even.SCINet_Tree_odd.workingblock.interact.level.psi.1.bias  |     12     |
|  fm.blocks1.SCINet_Tree.SCINet_Tree_even.SCINet_Tree_odd.workingblock.interact.level.psi.4.weight |    432     |
|   fm.blocks1.SCINet_Tree.SCINet_Tree_even.SCINet_Tree_odd.workingblock.interact.level.psi.4.bias  |     12     |
|   fm.blocks1.SCINet_Tree.SCINet_Tree_even.SCINet_Tree_odd.workingblock.interact.level.P.1.weight  |    720     |
|    fm.blocks1.SCINet_Tree.SCINet_Tree_even.SCINet_Tree_odd.workingblock.interact.level.P.1.bias   |     12     |
|   fm.blocks1.SCINet_Tree.SCINet_Tree_even.SCINet_Tree_odd.workingblock.interact.level.P.4.weight  |    432     |
|    fm.blocks1.SCINet_Tree.SCINet_Tree_even.SCINet_Tree_odd.workingblock.interact.level.P.4.bias   |     12     |
|   fm.blocks1.SCINet_Tree.SCINet_Tree_even.SCINet_Tree_odd.workingblock.interact.level.U.1.weight  |    720     |
|    fm.blocks1.SCINet_Tree.SCINet_Tree_even.SCINet_Tree_odd.workingblock.interact.level.U.1.bias   |     12     |
|   fm.blocks1.SCINet_Tree.SCINet_Tree_even.SCINet_Tree_odd.workingblock.interact.level.U.4.weight  |    432     |
|    fm.blocks1.SCINet_Tree.SCINet_Tree_even.SCINet_Tree_odd.workingblock.interact.level.U.4.bias   |     12     |
| fm.blocks1.SCINet_Tree.SCINet_Tree_even.SCINet_Tree_even.workingblock.interact.level.phi.1.weight |    720     |
|  fm.blocks1.SCINet_Tree.SCINet_Tree_even.SCINet_Tree_even.workingblock.interact.level.phi.1.bias  |     12     |
| fm.blocks1.SCINet_Tree.SCINet_Tree_even.SCINet_Tree_even.workingblock.interact.level.phi.4.weight |    432     |
|  fm.blocks1.SCINet_Tree.SCINet_Tree_even.SCINet_Tree_even.workingblock.interact.level.phi.4.bias  |     12     |
| fm.blocks1.SCINet_Tree.SCINet_Tree_even.SCINet_Tree_even.workingblock.interact.level.psi.1.weight |    720     |
|  fm.blocks1.SCINet_Tree.SCINet_Tree_even.SCINet_Tree_even.workingblock.interact.level.psi.1.bias  |     12     |
| fm.blocks1.SCINet_Tree.SCINet_Tree_even.SCINet_Tree_even.workingblock.interact.level.psi.4.weight |    432     |
|  fm.blocks1.SCINet_Tree.SCINet_Tree_even.SCINet_Tree_even.workingblock.interact.level.psi.4.bias  |     12     |
|  fm.blocks1.SCINet_Tree.SCINet_Tree_even.SCINet_Tree_even.workingblock.interact.level.P.1.weight  |    720     |
|   fm.blocks1.SCINet_Tree.SCINet_Tree_even.SCINet_Tree_even.workingblock.interact.level.P.1.bias   |     12     |
|  fm.blocks1.SCINet_Tree.SCINet_Tree_even.SCINet_Tree_even.workingblock.interact.level.P.4.weight  |    432     |
|   fm.blocks1.SCINet_Tree.SCINet_Tree_even.SCINet_Tree_even.workingblock.interact.level.P.4.bias   |     12     |
|  fm.blocks1.SCINet_Tree.SCINet_Tree_even.SCINet_Tree_even.workingblock.interact.level.U.1.weight  |    720     |
|   fm.blocks1.SCINet_Tree.SCINet_Tree_even.SCINet_Tree_even.workingblock.interact.level.U.1.bias   |     12     |
|  fm.blocks1.SCINet_Tree.SCINet_Tree_even.SCINet_Tree_even.workingblock.interact.level.U.4.weight  |    432     |
|   fm.blocks1.SCINet_Tree.SCINet_Tree_even.SCINet_Tree_even.workingblock.interact.level.U.4.bias   |     12     |
|                                       fm.projection1.weight                                       |    9216    |
|                                             nm.weight                                             |     24     |
|                                 nm.model_freq.model_freq.0.weight                                 |    6144    |
|                                  nm.model_freq.model_freq.0.bias                                  |     64     |
|                                  nm.model_freq.model_all.0.weight                                 |   20480    |
|                                   nm.model_freq.model_all.0.bias                                  |    128     |
|                                  nm.model_freq.model_all.2.weight                                 |   12288    |
|                                   nm.model_freq.model_all.2.bias                                  |     96     |
+---------------------------------------------------------------------------------------------------+------------+
[2025-01-24 03:32:15] - Total Trainable Params: 81368
[2025-01-24 03:32:15] - model parameters: 81368
[2025-01-24 03:33:42] - Epoch: 1 cost time: 86.8854763507843
[2025-01-24 03:33:42] - Traininng loss : 0.787325424269626
[2025-01-24 03:33:52] - vali_results: {'mae': 0.41222766041755676, 'mape': 2.6482067108154297, 'mse': 0.3573133647441864, 'rmse': 0.5977569222450256}
[2025-01-24 03:35:19] - Epoch: 2 cost time: 184.16604089736938
[2025-01-24 03:35:19] - Traininng loss : 0.620602146709772
[2025-01-24 03:35:29] - vali_results: {'mae': 0.3801136314868927, 'mape': 3.040142059326172, 'mse': 0.3135167062282562, 'rmse': 0.5599256157875061}
[2025-01-24 03:36:57] - Epoch: 3 cost time: 282.0719664096832
[2025-01-24 03:36:57] - Traininng loss : 0.5974197449988888
[2025-01-24 03:37:07] - vali_results: {'mae': 0.3745052218437195, 'mape': 2.8917863368988037, 'mse': 0.3084263801574707, 'rmse': 0.5553615093231201}
[2025-01-24 03:38:33] - Epoch: 4 cost time: 378.1541886329651
[2025-01-24 03:38:33] - Traininng loss : 0.583633069906916
[2025-01-24 03:38:43] - vali_results: {'mae': 0.36737072467803955, 'mape': 2.7530057430267334, 'mse': 0.3008565604686737, 'rmse': 0.5485039353370667}
[2025-01-24 03:40:15] - Epoch: 5 cost time: 479.94804310798645
[2025-01-24 03:40:15] - Traininng loss : 0.5729607589710924
[2025-01-24 03:40:25] - vali_results: {'mae': 0.3563939929008484, 'mape': 2.6918468475341797, 'mse': 0.2957787811756134, 'rmse': 0.5438554883003235}
[2025-01-24 03:41:55] - Epoch: 6 cost time: 579.814261674881
[2025-01-24 03:41:55] - Traininng loss : 0.566633362115774
[2025-01-24 03:42:05] - vali_results: {'mae': 0.3618301451206207, 'mape': 2.6890475749969482, 'mse': 0.29727238416671753, 'rmse': 0.5452269315719604}
[2025-01-24 03:43:38] - Epoch: 7 cost time: 682.6293263435364
[2025-01-24 03:43:38] - Traininng loss : 0.5610880095707743
[2025-01-24 03:43:48] - vali_results: {'mae': 0.3598400056362152, 'mape': 2.769845724105835, 'mse': 0.29340726137161255, 'rmse': 0.5416707992553711}
[2025-01-24 03:45:25] - Epoch: 8 cost time: 789.528434753418
[2025-01-24 03:45:25] - Traininng loss : 0.5564577275424971
[2025-01-24 03:45:34] - vali_results: {'mae': 0.3678833544254303, 'mape': 2.5951247215270996, 'mse': 0.30552345514297485, 'rmse': 0.5527417659759521}
[2025-01-24 03:47:05] - Epoch: 9 cost time: 889.7643070220947
[2025-01-24 03:47:05] - Traininng loss : 0.5521066200912447
[2025-01-24 03:47:15] - vali_results: {'mae': 0.35921749472618103, 'mape': 2.719705581665039, 'mse': 0.29312238097190857, 'rmse': 0.5414077639579773}
[2025-01-24 03:48:50] - Epoch: 10 cost time: 994.709504365921
[2025-01-24 03:48:50] - Traininng loss : 0.548641393753819
[2025-01-24 03:49:00] - vali_results: {'mae': 0.356841504573822, 'mape': 2.720327138900757, 'mse': 0.29015129804611206, 'rmse': 0.5386569499969482}
[2025-01-24 03:50:36] - Epoch: 11 cost time: 1100.3229384422302
[2025-01-24 03:50:36] - Traininng loss : 0.5461400274271355
[2025-01-24 03:50:46] - vali_results: {'mae': 0.35908088088035583, 'mape': 2.765087842941284, 'mse': 0.2912473678588867, 'rmse': 0.539673388004303}
[2025-01-24 03:52:21] - Epoch: 12 cost time: 1205.6026592254639
[2025-01-24 03:52:21] - Traininng loss : 0.5432461412329422
[2025-01-24 03:52:31] - vali_results: {'mae': 0.3507762551307678, 'mape': 2.6008033752441406, 'mse': 0.28655508160591125, 'rmse': 0.5353084206581116}
[2025-01-24 03:54:07] - Epoch: 13 cost time: 1311.9681963920593
[2025-01-24 03:54:07] - Traininng loss : 0.5415645231205718
[2025-01-24 03:54:18] - vali_results: {'mae': 0.35360535979270935, 'mape': 2.7115488052368164, 'mse': 0.2862354516983032, 'rmse': 0.5350097417831421}
[2025-01-24 03:55:52] - Epoch: 14 cost time: 1416.4826579093933
[2025-01-24 03:55:52] - Traininng loss : 0.5391246276242393
[2025-01-24 03:56:01] - vali_results: {'mae': 0.35840463638305664, 'mape': 2.743823766708374, 'mse': 0.28791141510009766, 'rmse': 0.5365737676620483}
[2025-01-24 03:57:36] - Epoch: 15 cost time: 1520.848644733429
[2025-01-24 03:57:36] - Traininng loss : 0.5375501626864412
[2025-01-24 03:57:46] - vali_results: {'mae': 0.3518276810646057, 'mape': 2.6135857105255127, 'mse': 0.286730021238327, 'rmse': 0.5354717969894409}
[2025-01-24 03:59:18] - Epoch: 16 cost time: 1622.5407164096832
[2025-01-24 03:59:18] - Traininng loss : 0.5352867254637238
[2025-01-24 03:59:27] - vali_results: {'mae': 0.3500613272190094, 'mape': 2.777456521987915, 'mse': 0.28042542934417725, 'rmse': 0.5295521020889282}
[2025-01-24 04:01:01] - Epoch: 17 cost time: 1725.7529230117798
[2025-01-24 04:01:01] - Traininng loss : 0.5340128510070027
[2025-01-24 04:01:10] - vali_results: {'mae': 0.3575913608074188, 'mape': 2.6758530139923096, 'mse': 0.28910523653030396, 'rmse': 0.5376850962638855}
[2025-01-24 04:02:44] - Epoch: 18 cost time: 1828.2301959991455
[2025-01-24 04:02:44] - Traininng loss : 0.5317928519015922
[2025-01-24 04:02:53] - vali_results: {'mae': 0.363872766494751, 'mape': 2.9663705825805664, 'mse': 0.2853018045425415, 'rmse': 0.5341364741325378}
[2025-01-24 04:04:25] - Epoch: 19 cost time: 1929.790986776352
[2025-01-24 04:04:25] - Traininng loss : 0.5308005264827184
[2025-01-24 04:04:35] - vali_results: {'mae': 0.36093515157699585, 'mape': 2.606743097305298, 'mse': 0.29325175285339355, 'rmse': 0.5415272116661072}
[2025-01-24 04:06:09] - Epoch: 20 cost time: 2033.6802225112915
[2025-01-24 04:06:09] - Traininng loss : 0.5301057397422934
[2025-01-24 04:06:19] - vali_results: {'mae': 0.3534261882305145, 'mape': 2.8420944213867188, 'mse': 0.28073039650917053, 'rmse': 0.5298399925231934}
[2025-01-24 04:07:51] - Epoch: 21 cost time: 2135.177731513977
[2025-01-24 04:07:51] - Traininng loss : 0.5290233560522696
[2025-01-24 04:08:00] - vali_results: {'mae': 0.351076602935791, 'mape': 2.9337549209594727, 'mse': 0.27934151887893677, 'rmse': 0.5285276770591736}
[2025-01-24 04:09:35] - Epoch: 22 cost time: 2239.262396335602
[2025-01-24 04:09:35] - Traininng loss : 0.5271117139803736
[2025-01-24 04:09:45] - vali_results: {'mae': 0.35523420572280884, 'mape': 2.9830682277679443, 'mse': 0.28082308173179626, 'rmse': 0.5299274325370789}
[2025-01-24 04:11:20] - Epoch: 23 cost time: 2344.281053543091
[2025-01-24 04:11:20] - Traininng loss : 0.5269390522537375
[2025-01-24 04:11:30] - vali_results: {'mae': 0.3574059307575226, 'mape': 2.5977108478546143, 'mse': 0.28987494111061096, 'rmse': 0.5384003520011902}
[2025-01-24 04:13:05] - Epoch: 24 cost time: 2449.2887785434723
[2025-01-24 04:13:05] - Traininng loss : 0.5261819290039235
[2025-01-24 04:13:15] - vali_results: {'mae': 0.35040828585624695, 'mape': 2.662593364715576, 'mse': 0.2821008861064911, 'rmse': 0.5311316847801208}
[2025-01-24 04:14:51] - Epoch: 25 cost time: 2555.379036426544
[2025-01-24 04:14:51] - Traininng loss : 0.5246622848555558
[2025-01-24 04:15:01] - vali_results: {'mae': 0.36479562520980835, 'mape': 2.6813719272613525, 'mse': 0.2942050099372864, 'rmse': 0.5424066781997681}
[2025-01-24 04:16:32] - Epoch: 26 cost time: 2657.0653541088104
[2025-01-24 04:16:32] - Traininng loss : 0.5233377618673153
[2025-01-24 04:16:42] - vali_results: {'mae': 0.35369762778282166, 'mape': 2.852978467941284, 'mse': 0.2800721228122711, 'rmse': 0.5292184352874756}
[2025-01-24 04:16:42] - loss no decreased for 5 epochs,  early stopping ....
[2025-01-24 04:16:47] - test_results: {'mae': 0.3108466863632202, 'mape': 2.857724905014038, 'mse': 0.2018669992685318, 'rmse': 0.44929611682891846}
