[2025-01-31 08:32:35] - run : 0 in seed: 3
[2025-01-31 08:32:35] - +---------------------------------------------------------------------------------------------------+------------+
|                                              Modules                                              | Parameters |
+---------------------------------------------------------------------------------------------------+------------+
|                  fm.blocks1.SCINet_Tree.workingblock.interact.level.phi.1.weight                  |   515205   |
|                   fm.blocks1.SCINet_Tree.workingblock.interact.level.phi.1.bias                   |    321     |
|                  fm.blocks1.SCINet_Tree.workingblock.interact.level.phi.4.weight                  |   309123   |
|                   fm.blocks1.SCINet_Tree.workingblock.interact.level.phi.4.bias                   |    321     |
|                  fm.blocks1.SCINet_Tree.workingblock.interact.level.psi.1.weight                  |   515205   |
|                   fm.blocks1.SCINet_Tree.workingblock.interact.level.psi.1.bias                   |    321     |
|                  fm.blocks1.SCINet_Tree.workingblock.interact.level.psi.4.weight                  |   309123   |
|                   fm.blocks1.SCINet_Tree.workingblock.interact.level.psi.4.bias                   |    321     |
|                   fm.blocks1.SCINet_Tree.workingblock.interact.level.P.1.weight                   |   515205   |
|                    fm.blocks1.SCINet_Tree.workingblock.interact.level.P.1.bias                    |    321     |
|                   fm.blocks1.SCINet_Tree.workingblock.interact.level.P.4.weight                   |   309123   |
|                    fm.blocks1.SCINet_Tree.workingblock.interact.level.P.4.bias                    |    321     |
|                   fm.blocks1.SCINet_Tree.workingblock.interact.level.U.1.weight                   |   515205   |
|                    fm.blocks1.SCINet_Tree.workingblock.interact.level.U.1.bias                    |    321     |
|                   fm.blocks1.SCINet_Tree.workingblock.interact.level.U.4.weight                   |   309123   |
|                    fm.blocks1.SCINet_Tree.workingblock.interact.level.U.4.bias                    |    321     |
|          fm.blocks1.SCINet_Tree.SCINet_Tree_odd.workingblock.interact.level.phi.1.weight          |   515205   |
|           fm.blocks1.SCINet_Tree.SCINet_Tree_odd.workingblock.interact.level.phi.1.bias           |    321     |
|          fm.blocks1.SCINet_Tree.SCINet_Tree_odd.workingblock.interact.level.phi.4.weight          |   309123   |
|           fm.blocks1.SCINet_Tree.SCINet_Tree_odd.workingblock.interact.level.phi.4.bias           |    321     |
|          fm.blocks1.SCINet_Tree.SCINet_Tree_odd.workingblock.interact.level.psi.1.weight          |   515205   |
|           fm.blocks1.SCINet_Tree.SCINet_Tree_odd.workingblock.interact.level.psi.1.bias           |    321     |
|          fm.blocks1.SCINet_Tree.SCINet_Tree_odd.workingblock.interact.level.psi.4.weight          |   309123   |
|           fm.blocks1.SCINet_Tree.SCINet_Tree_odd.workingblock.interact.level.psi.4.bias           |    321     |
|           fm.blocks1.SCINet_Tree.SCINet_Tree_odd.workingblock.interact.level.P.1.weight           |   515205   |
|            fm.blocks1.SCINet_Tree.SCINet_Tree_odd.workingblock.interact.level.P.1.bias            |    321     |
|           fm.blocks1.SCINet_Tree.SCINet_Tree_odd.workingblock.interact.level.P.4.weight           |   309123   |
|            fm.blocks1.SCINet_Tree.SCINet_Tree_odd.workingblock.interact.level.P.4.bias            |    321     |
|           fm.blocks1.SCINet_Tree.SCINet_Tree_odd.workingblock.interact.level.U.1.weight           |   515205   |
|            fm.blocks1.SCINet_Tree.SCINet_Tree_odd.workingblock.interact.level.U.1.bias            |    321     |
|           fm.blocks1.SCINet_Tree.SCINet_Tree_odd.workingblock.interact.level.U.4.weight           |   309123   |
|            fm.blocks1.SCINet_Tree.SCINet_Tree_odd.workingblock.interact.level.U.4.bias            |    321     |
|  fm.blocks1.SCINet_Tree.SCINet_Tree_odd.SCINet_Tree_odd.workingblock.interact.level.phi.1.weight  |   515205   |
|   fm.blocks1.SCINet_Tree.SCINet_Tree_odd.SCINet_Tree_odd.workingblock.interact.level.phi.1.bias   |    321     |
|  fm.blocks1.SCINet_Tree.SCINet_Tree_odd.SCINet_Tree_odd.workingblock.interact.level.phi.4.weight  |   309123   |
|   fm.blocks1.SCINet_Tree.SCINet_Tree_odd.SCINet_Tree_odd.workingblock.interact.level.phi.4.bias   |    321     |
|  fm.blocks1.SCINet_Tree.SCINet_Tree_odd.SCINet_Tree_odd.workingblock.interact.level.psi.1.weight  |   515205   |
|   fm.blocks1.SCINet_Tree.SCINet_Tree_odd.SCINet_Tree_odd.workingblock.interact.level.psi.1.bias   |    321     |
|  fm.blocks1.SCINet_Tree.SCINet_Tree_odd.SCINet_Tree_odd.workingblock.interact.level.psi.4.weight  |   309123   |
|   fm.blocks1.SCINet_Tree.SCINet_Tree_odd.SCINet_Tree_odd.workingblock.interact.level.psi.4.bias   |    321     |
|   fm.blocks1.SCINet_Tree.SCINet_Tree_odd.SCINet_Tree_odd.workingblock.interact.level.P.1.weight   |   515205   |
|    fm.blocks1.SCINet_Tree.SCINet_Tree_odd.SCINet_Tree_odd.workingblock.interact.level.P.1.bias    |    321     |
|   fm.blocks1.SCINet_Tree.SCINet_Tree_odd.SCINet_Tree_odd.workingblock.interact.level.P.4.weight   |   309123   |
|    fm.blocks1.SCINet_Tree.SCINet_Tree_odd.SCINet_Tree_odd.workingblock.interact.level.P.4.bias    |    321     |
|   fm.blocks1.SCINet_Tree.SCINet_Tree_odd.SCINet_Tree_odd.workingblock.interact.level.U.1.weight   |   515205   |
|    fm.blocks1.SCINet_Tree.SCINet_Tree_odd.SCINet_Tree_odd.workingblock.interact.level.U.1.bias    |    321     |
|   fm.blocks1.SCINet_Tree.SCINet_Tree_odd.SCINet_Tree_odd.workingblock.interact.level.U.4.weight   |   309123   |
|    fm.blocks1.SCINet_Tree.SCINet_Tree_odd.SCINet_Tree_odd.workingblock.interact.level.U.4.bias    |    321     |
|  fm.blocks1.SCINet_Tree.SCINet_Tree_odd.SCINet_Tree_even.workingblock.interact.level.phi.1.weight |   515205   |
|   fm.blocks1.SCINet_Tree.SCINet_Tree_odd.SCINet_Tree_even.workingblock.interact.level.phi.1.bias  |    321     |
|  fm.blocks1.SCINet_Tree.SCINet_Tree_odd.SCINet_Tree_even.workingblock.interact.level.phi.4.weight |   309123   |
|   fm.blocks1.SCINet_Tree.SCINet_Tree_odd.SCINet_Tree_even.workingblock.interact.level.phi.4.bias  |    321     |
|  fm.blocks1.SCINet_Tree.SCINet_Tree_odd.SCINet_Tree_even.workingblock.interact.level.psi.1.weight |   515205   |
|   fm.blocks1.SCINet_Tree.SCINet_Tree_odd.SCINet_Tree_even.workingblock.interact.level.psi.1.bias  |    321     |
|  fm.blocks1.SCINet_Tree.SCINet_Tree_odd.SCINet_Tree_even.workingblock.interact.level.psi.4.weight |   309123   |
|   fm.blocks1.SCINet_Tree.SCINet_Tree_odd.SCINet_Tree_even.workingblock.interact.level.psi.4.bias  |    321     |
|   fm.blocks1.SCINet_Tree.SCINet_Tree_odd.SCINet_Tree_even.workingblock.interact.level.P.1.weight  |   515205   |
|    fm.blocks1.SCINet_Tree.SCINet_Tree_odd.SCINet_Tree_even.workingblock.interact.level.P.1.bias   |    321     |
|   fm.blocks1.SCINet_Tree.SCINet_Tree_odd.SCINet_Tree_even.workingblock.interact.level.P.4.weight  |   309123   |
|    fm.blocks1.SCINet_Tree.SCINet_Tree_odd.SCINet_Tree_even.workingblock.interact.level.P.4.bias   |    321     |
|   fm.blocks1.SCINet_Tree.SCINet_Tree_odd.SCINet_Tree_even.workingblock.interact.level.U.1.weight  |   515205   |
|    fm.blocks1.SCINet_Tree.SCINet_Tree_odd.SCINet_Tree_even.workingblock.interact.level.U.1.bias   |    321     |
|   fm.blocks1.SCINet_Tree.SCINet_Tree_odd.SCINet_Tree_even.workingblock.interact.level.U.4.weight  |   309123   |
|    fm.blocks1.SCINet_Tree.SCINet_Tree_odd.SCINet_Tree_even.workingblock.interact.level.U.4.bias   |    321     |
|          fm.blocks1.SCINet_Tree.SCINet_Tree_even.workingblock.interact.level.phi.1.weight         |   515205   |
|           fm.blocks1.SCINet_Tree.SCINet_Tree_even.workingblock.interact.level.phi.1.bias          |    321     |
|          fm.blocks1.SCINet_Tree.SCINet_Tree_even.workingblock.interact.level.phi.4.weight         |   309123   |
|           fm.blocks1.SCINet_Tree.SCINet_Tree_even.workingblock.interact.level.phi.4.bias          |    321     |
|          fm.blocks1.SCINet_Tree.SCINet_Tree_even.workingblock.interact.level.psi.1.weight         |   515205   |
|           fm.blocks1.SCINet_Tree.SCINet_Tree_even.workingblock.interact.level.psi.1.bias          |    321     |
|          fm.blocks1.SCINet_Tree.SCINet_Tree_even.workingblock.interact.level.psi.4.weight         |   309123   |
|           fm.blocks1.SCINet_Tree.SCINet_Tree_even.workingblock.interact.level.psi.4.bias          |    321     |
|           fm.blocks1.SCINet_Tree.SCINet_Tree_even.workingblock.interact.level.P.1.weight          |   515205   |
|            fm.blocks1.SCINet_Tree.SCINet_Tree_even.workingblock.interact.level.P.1.bias           |    321     |
|           fm.blocks1.SCINet_Tree.SCINet_Tree_even.workingblock.interact.level.P.4.weight          |   309123   |
|            fm.blocks1.SCINet_Tree.SCINet_Tree_even.workingblock.interact.level.P.4.bias           |    321     |
|           fm.blocks1.SCINet_Tree.SCINet_Tree_even.workingblock.interact.level.U.1.weight          |   515205   |
|            fm.blocks1.SCINet_Tree.SCINet_Tree_even.workingblock.interact.level.U.1.bias           |    321     |
|           fm.blocks1.SCINet_Tree.SCINet_Tree_even.workingblock.interact.level.U.4.weight          |   309123   |
|            fm.blocks1.SCINet_Tree.SCINet_Tree_even.workingblock.interact.level.U.4.bias           |    321     |
|  fm.blocks1.SCINet_Tree.SCINet_Tree_even.SCINet_Tree_odd.workingblock.interact.level.phi.1.weight |   515205   |
|   fm.blocks1.SCINet_Tree.SCINet_Tree_even.SCINet_Tree_odd.workingblock.interact.level.phi.1.bias  |    321     |
|  fm.blocks1.SCINet_Tree.SCINet_Tree_even.SCINet_Tree_odd.workingblock.interact.level.phi.4.weight |   309123   |
|   fm.blocks1.SCINet_Tree.SCINet_Tree_even.SCINet_Tree_odd.workingblock.interact.level.phi.4.bias  |    321     |
|  fm.blocks1.SCINet_Tree.SCINet_Tree_even.SCINet_Tree_odd.workingblock.interact.level.psi.1.weight |   515205   |
|   fm.blocks1.SCINet_Tree.SCINet_Tree_even.SCINet_Tree_odd.workingblock.interact.level.psi.1.bias  |    321     |
|  fm.blocks1.SCINet_Tree.SCINet_Tree_even.SCINet_Tree_odd.workingblock.interact.level.psi.4.weight |   309123   |
|   fm.blocks1.SCINet_Tree.SCINet_Tree_even.SCINet_Tree_odd.workingblock.interact.level.psi.4.bias  |    321     |
|   fm.blocks1.SCINet_Tree.SCINet_Tree_even.SCINet_Tree_odd.workingblock.interact.level.P.1.weight  |   515205   |
|    fm.blocks1.SCINet_Tree.SCINet_Tree_even.SCINet_Tree_odd.workingblock.interact.level.P.1.bias   |    321     |
|   fm.blocks1.SCINet_Tree.SCINet_Tree_even.SCINet_Tree_odd.workingblock.interact.level.P.4.weight  |   309123   |
|    fm.blocks1.SCINet_Tree.SCINet_Tree_even.SCINet_Tree_odd.workingblock.interact.level.P.4.bias   |    321     |
|   fm.blocks1.SCINet_Tree.SCINet_Tree_even.SCINet_Tree_odd.workingblock.interact.level.U.1.weight  |   515205   |
|    fm.blocks1.SCINet_Tree.SCINet_Tree_even.SCINet_Tree_odd.workingblock.interact.level.U.1.bias   |    321     |
|   fm.blocks1.SCINet_Tree.SCINet_Tree_even.SCINet_Tree_odd.workingblock.interact.level.U.4.weight  |   309123   |
|    fm.blocks1.SCINet_Tree.SCINet_Tree_even.SCINet_Tree_odd.workingblock.interact.level.U.4.bias   |    321     |
| fm.blocks1.SCINet_Tree.SCINet_Tree_even.SCINet_Tree_even.workingblock.interact.level.phi.1.weight |   515205   |
|  fm.blocks1.SCINet_Tree.SCINet_Tree_even.SCINet_Tree_even.workingblock.interact.level.phi.1.bias  |    321     |
| fm.blocks1.SCINet_Tree.SCINet_Tree_even.SCINet_Tree_even.workingblock.interact.level.phi.4.weight |   309123   |
|  fm.blocks1.SCINet_Tree.SCINet_Tree_even.SCINet_Tree_even.workingblock.interact.level.phi.4.bias  |    321     |
| fm.blocks1.SCINet_Tree.SCINet_Tree_even.SCINet_Tree_even.workingblock.interact.level.psi.1.weight |   515205   |
|  fm.blocks1.SCINet_Tree.SCINet_Tree_even.SCINet_Tree_even.workingblock.interact.level.psi.1.bias  |    321     |
| fm.blocks1.SCINet_Tree.SCINet_Tree_even.SCINet_Tree_even.workingblock.interact.level.psi.4.weight |   309123   |
|  fm.blocks1.SCINet_Tree.SCINet_Tree_even.SCINet_Tree_even.workingblock.interact.level.psi.4.bias  |    321     |
|  fm.blocks1.SCINet_Tree.SCINet_Tree_even.SCINet_Tree_even.workingblock.interact.level.P.1.weight  |   515205   |
|   fm.blocks1.SCINet_Tree.SCINet_Tree_even.SCINet_Tree_even.workingblock.interact.level.P.1.bias   |    321     |
|  fm.blocks1.SCINet_Tree.SCINet_Tree_even.SCINet_Tree_even.workingblock.interact.level.P.4.weight  |   309123   |
|   fm.blocks1.SCINet_Tree.SCINet_Tree_even.SCINet_Tree_even.workingblock.interact.level.P.4.bias   |    321     |
|  fm.blocks1.SCINet_Tree.SCINet_Tree_even.SCINet_Tree_even.workingblock.interact.level.U.1.weight  |   515205   |
|   fm.blocks1.SCINet_Tree.SCINet_Tree_even.SCINet_Tree_even.workingblock.interact.level.U.1.bias   |    321     |
|  fm.blocks1.SCINet_Tree.SCINet_Tree_even.SCINet_Tree_even.workingblock.interact.level.U.4.weight  |   309123   |
|   fm.blocks1.SCINet_Tree.SCINet_Tree_even.SCINet_Tree_even.workingblock.interact.level.U.4.bias   |    321     |
|                                       fm.projection1.weight                                       |   32256    |
|                                             nm.weight                                             |    642     |
|                                       nm.model.input.weight                                       |    4096    |
|                                        nm.model.input.bias                                        |    512     |
|                                     nm.model.input_raw.weight                                     |   49152    |
|                                      nm.model.input_raw.bias                                      |    512     |
|                                       nm.model.output.weight                                      |   28672    |
|                                        nm.model.output.bias                                       |     28     |
|                                     nm.model_std.input.weight                                     |    4096    |
|                                      nm.model_std.input.bias                                      |    512     |
|                                   nm.model_std.input_raw.weight                                   |   49152    |
|                                    nm.model_std.input_raw.bias                                    |    512     |
|                                     nm.model_std.output.weight                                    |   28672    |
|                                      nm.model_std.output.bias                                     |     28     |
+---------------------------------------------------------------------------------------------------+------------+
[2025-01-31 08:32:35] - Total Trainable Params: 23298002
[2025-01-31 08:32:35] - model parameters: 23298002
[2025-01-31 08:33:39] - Epoch: 1 cost time: 63.83299016952515
[2025-01-31 08:33:39] - Traininng loss : 0.4814118748776005
[2025-01-31 08:33:47] - vali_results: {'mae': 0.3107411861419678, 'mape': 2.790783166885376, 'mse': 0.21436190605163574, 'rmse': 0.4629923403263092}
[2025-01-31 08:34:51] - Epoch: 2 cost time: 136.1601037979126
[2025-01-31 08:34:51] - Traininng loss : 0.38835940136179803
[2025-01-31 08:34:59] - vali_results: {'mae': 0.29639366269111633, 'mape': 2.6688451766967773, 'mse': 0.19934654235839844, 'rmse': 0.44648241996765137}
[2025-01-31 08:36:06] - Epoch: 3 cost time: 210.34640884399414
[2025-01-31 08:36:06] - Traininng loss : 0.37333169876468564
[2025-01-31 08:36:13] - vali_results: {'mae': 0.28867006301879883, 'mape': 2.569382905960083, 'mse': 0.19021505117416382, 'rmse': 0.43613651394844055}
[2025-01-31 08:37:20] - Epoch: 4 cost time: 284.4938106536865
[2025-01-31 08:37:20] - Traininng loss : 0.360675685717542
[2025-01-31 08:37:27] - vali_results: {'mae': 0.2932237684726715, 'mape': 2.6728055477142334, 'mse': 0.18876269459724426, 'rmse': 0.4344682991504669}
[2025-01-31 08:38:34] - Epoch: 5 cost time: 358.34310841560364
[2025-01-31 08:38:34] - Traininng loss : 0.35218011744293876
[2025-01-31 08:38:41] - vali_results: {'mae': 0.29225823283195496, 'mape': 2.6886236667633057, 'mse': 0.18362662196159363, 'rmse': 0.42851677536964417}
[2025-01-31 08:39:49] - Epoch: 6 cost time: 433.248423576355
[2025-01-31 08:39:49] - Traininng loss : 0.3470638466475273
[2025-01-31 08:39:56] - vali_results: {'mae': 0.2922023832798004, 'mape': 2.7046170234680176, 'mse': 0.18268270790576935, 'rmse': 0.4274139702320099}
[2025-01-31 08:41:02] - Epoch: 7 cost time: 507.1642270088196
[2025-01-31 08:41:02] - Traininng loss : 0.3450186385696893
[2025-01-31 08:41:10] - vali_results: {'mae': 0.28940293192863464, 'mape': 2.6436574459075928, 'mse': 0.18075861036777496, 'rmse': 0.4251571595668793}
[2025-01-31 08:42:17] - Epoch: 8 cost time: 581.6776533126831
[2025-01-31 08:42:17] - Traininng loss : 0.3440985357209881
[2025-01-31 08:42:25] - vali_results: {'mae': 0.28815314173698425, 'mape': 2.6364786624908447, 'mse': 0.18029284477233887, 'rmse': 0.4246090352535248}
[2025-01-31 08:43:30] - Epoch: 9 cost time: 655.230288028717
[2025-01-31 08:43:30] - Traininng loss : 0.3429460441196516
[2025-01-31 08:43:38] - vali_results: {'mae': 0.29620203375816345, 'mape': 2.776724338531494, 'mse': 0.18506233394145966, 'rmse': 0.43018871545791626}
[2025-01-31 08:44:43] - Epoch: 10 cost time: 728.0462594032288
[2025-01-31 08:44:43] - Traininng loss : 0.3423147641148856
[2025-01-31 08:44:51] - vali_results: {'mae': 0.2938414514064789, 'mape': 2.759807586669922, 'mse': 0.18312254548072815, 'rmse': 0.42792820930480957}
[2025-01-31 08:45:56] - Epoch: 11 cost time: 800.7506394386292
[2025-01-31 08:45:56] - Traininng loss : 0.3412385195281582
[2025-01-31 08:46:04] - vali_results: {'mae': 0.293689489364624, 'mape': 2.7063496112823486, 'mse': 0.1839539110660553, 'rmse': 0.42889848351478577}
[2025-01-31 08:47:08] - Epoch: 12 cost time: 872.7207467556
[2025-01-31 08:47:08] - Traininng loss : 0.340738743649683
[2025-01-31 08:47:16] - vali_results: {'mae': 0.29258111119270325, 'mape': 2.6941077709198, 'mse': 0.18290428817272186, 'rmse': 0.4276731014251709}
[2025-01-31 08:48:21] - Epoch: 13 cost time: 946.0787727832794
[2025-01-31 08:48:21] - Traininng loss : 0.3399597290253724
[2025-01-31 08:48:29] - vali_results: {'mae': 0.2898678481578827, 'mape': 2.6547770500183105, 'mse': 0.18135684728622437, 'rmse': 0.42586013674736023}
[2025-01-31 08:48:30] - loss no decreased for 5 epochs,  early stopping ....
[2025-01-31 08:48:34] - test_results: {'mae': 0.2867850363254547, 'mape': 3.252023935317993, 'mse': 0.17556530237197876, 'rmse': 0.4190051257610321}
