[2025-01-24 04:16:56] - run : 0 in seed: 3
[2025-01-24 04:16:56] - +---------------------------------------------------------------------------------------------------+------------+
|                                              Modules                                              | Parameters |
+---------------------------------------------------------------------------------------------------+------------+
|                  fm.blocks1.SCINet_Tree.workingblock.interact.level.phi.1.weight                  |    720     |
|                   fm.blocks1.SCINet_Tree.workingblock.interact.level.phi.1.bias                   |     12     |
|                  fm.blocks1.SCINet_Tree.workingblock.interact.level.phi.4.weight                  |    432     |
|                   fm.blocks1.SCINet_Tree.workingblock.interact.level.phi.4.bias                   |     12     |
|                  fm.blocks1.SCINet_Tree.workingblock.interact.level.psi.1.weight                  |    720     |
|                   fm.blocks1.SCINet_Tree.workingblock.interact.level.psi.1.bias                   |     12     |
|                  fm.blocks1.SCINet_Tree.workingblock.interact.level.psi.4.weight                  |    432     |
|                   fm.blocks1.SCINet_Tree.workingblock.interact.level.psi.4.bias                   |     12     |
|                   fm.blocks1.SCINet_Tree.workingblock.interact.level.P.1.weight                   |    720     |
|                    fm.blocks1.SCINet_Tree.workingblock.interact.level.P.1.bias                    |     12     |
|                   fm.blocks1.SCINet_Tree.workingblock.interact.level.P.4.weight                   |    432     |
|                    fm.blocks1.SCINet_Tree.workingblock.interact.level.P.4.bias                    |     12     |
|                   fm.blocks1.SCINet_Tree.workingblock.interact.level.U.1.weight                   |    720     |
|                    fm.blocks1.SCINet_Tree.workingblock.interact.level.U.1.bias                    |     12     |
|                   fm.blocks1.SCINet_Tree.workingblock.interact.level.U.4.weight                   |    432     |
|                    fm.blocks1.SCINet_Tree.workingblock.interact.level.U.4.bias                    |     12     |
|          fm.blocks1.SCINet_Tree.SCINet_Tree_odd.workingblock.interact.level.phi.1.weight          |    720     |
|           fm.blocks1.SCINet_Tree.SCINet_Tree_odd.workingblock.interact.level.phi.1.bias           |     12     |
|          fm.blocks1.SCINet_Tree.SCINet_Tree_odd.workingblock.interact.level.phi.4.weight          |    432     |
|           fm.blocks1.SCINet_Tree.SCINet_Tree_odd.workingblock.interact.level.phi.4.bias           |     12     |
|          fm.blocks1.SCINet_Tree.SCINet_Tree_odd.workingblock.interact.level.psi.1.weight          |    720     |
|           fm.blocks1.SCINet_Tree.SCINet_Tree_odd.workingblock.interact.level.psi.1.bias           |     12     |
|          fm.blocks1.SCINet_Tree.SCINet_Tree_odd.workingblock.interact.level.psi.4.weight          |    432     |
|           fm.blocks1.SCINet_Tree.SCINet_Tree_odd.workingblock.interact.level.psi.4.bias           |     12     |
|           fm.blocks1.SCINet_Tree.SCINet_Tree_odd.workingblock.interact.level.P.1.weight           |    720     |
|            fm.blocks1.SCINet_Tree.SCINet_Tree_odd.workingblock.interact.level.P.1.bias            |     12     |
|           fm.blocks1.SCINet_Tree.SCINet_Tree_odd.workingblock.interact.level.P.4.weight           |    432     |
|            fm.blocks1.SCINet_Tree.SCINet_Tree_odd.workingblock.interact.level.P.4.bias            |     12     |
|           fm.blocks1.SCINet_Tree.SCINet_Tree_odd.workingblock.interact.level.U.1.weight           |    720     |
|            fm.blocks1.SCINet_Tree.SCINet_Tree_odd.workingblock.interact.level.U.1.bias            |     12     |
|           fm.blocks1.SCINet_Tree.SCINet_Tree_odd.workingblock.interact.level.U.4.weight           |    432     |
|            fm.blocks1.SCINet_Tree.SCINet_Tree_odd.workingblock.interact.level.U.4.bias            |     12     |
|  fm.blocks1.SCINet_Tree.SCINet_Tree_odd.SCINet_Tree_odd.workingblock.interact.level.phi.1.weight  |    720     |
|   fm.blocks1.SCINet_Tree.SCINet_Tree_odd.SCINet_Tree_odd.workingblock.interact.level.phi.1.bias   |     12     |
|  fm.blocks1.SCINet_Tree.SCINet_Tree_odd.SCINet_Tree_odd.workingblock.interact.level.phi.4.weight  |    432     |
|   fm.blocks1.SCINet_Tree.SCINet_Tree_odd.SCINet_Tree_odd.workingblock.interact.level.phi.4.bias   |     12     |
|  fm.blocks1.SCINet_Tree.SCINet_Tree_odd.SCINet_Tree_odd.workingblock.interact.level.psi.1.weight  |    720     |
|   fm.blocks1.SCINet_Tree.SCINet_Tree_odd.SCINet_Tree_odd.workingblock.interact.level.psi.1.bias   |     12     |
|  fm.blocks1.SCINet_Tree.SCINet_Tree_odd.SCINet_Tree_odd.workingblock.interact.level.psi.4.weight  |    432     |
|   fm.blocks1.SCINet_Tree.SCINet_Tree_odd.SCINet_Tree_odd.workingblock.interact.level.psi.4.bias   |     12     |
|   fm.blocks1.SCINet_Tree.SCINet_Tree_odd.SCINet_Tree_odd.workingblock.interact.level.P.1.weight   |    720     |
|    fm.blocks1.SCINet_Tree.SCINet_Tree_odd.SCINet_Tree_odd.workingblock.interact.level.P.1.bias    |     12     |
|   fm.blocks1.SCINet_Tree.SCINet_Tree_odd.SCINet_Tree_odd.workingblock.interact.level.P.4.weight   |    432     |
|    fm.blocks1.SCINet_Tree.SCINet_Tree_odd.SCINet_Tree_odd.workingblock.interact.level.P.4.bias    |     12     |
|   fm.blocks1.SCINet_Tree.SCINet_Tree_odd.SCINet_Tree_odd.workingblock.interact.level.U.1.weight   |    720     |
|    fm.blocks1.SCINet_Tree.SCINet_Tree_odd.SCINet_Tree_odd.workingblock.interact.level.U.1.bias    |     12     |
|   fm.blocks1.SCINet_Tree.SCINet_Tree_odd.SCINet_Tree_odd.workingblock.interact.level.U.4.weight   |    432     |
|    fm.blocks1.SCINet_Tree.SCINet_Tree_odd.SCINet_Tree_odd.workingblock.interact.level.U.4.bias    |     12     |
|  fm.blocks1.SCINet_Tree.SCINet_Tree_odd.SCINet_Tree_even.workingblock.interact.level.phi.1.weight |    720     |
|   fm.blocks1.SCINet_Tree.SCINet_Tree_odd.SCINet_Tree_even.workingblock.interact.level.phi.1.bias  |     12     |
|  fm.blocks1.SCINet_Tree.SCINet_Tree_odd.SCINet_Tree_even.workingblock.interact.level.phi.4.weight |    432     |
|   fm.blocks1.SCINet_Tree.SCINet_Tree_odd.SCINet_Tree_even.workingblock.interact.level.phi.4.bias  |     12     |
|  fm.blocks1.SCINet_Tree.SCINet_Tree_odd.SCINet_Tree_even.workingblock.interact.level.psi.1.weight |    720     |
|   fm.blocks1.SCINet_Tree.SCINet_Tree_odd.SCINet_Tree_even.workingblock.interact.level.psi.1.bias  |     12     |
|  fm.blocks1.SCINet_Tree.SCINet_Tree_odd.SCINet_Tree_even.workingblock.interact.level.psi.4.weight |    432     |
|   fm.blocks1.SCINet_Tree.SCINet_Tree_odd.SCINet_Tree_even.workingblock.interact.level.psi.4.bias  |     12     |
|   fm.blocks1.SCINet_Tree.SCINet_Tree_odd.SCINet_Tree_even.workingblock.interact.level.P.1.weight  |    720     |
|    fm.blocks1.SCINet_Tree.SCINet_Tree_odd.SCINet_Tree_even.workingblock.interact.level.P.1.bias   |     12     |
|   fm.blocks1.SCINet_Tree.SCINet_Tree_odd.SCINet_Tree_even.workingblock.interact.level.P.4.weight  |    432     |
|    fm.blocks1.SCINet_Tree.SCINet_Tree_odd.SCINet_Tree_even.workingblock.interact.level.P.4.bias   |     12     |
|   fm.blocks1.SCINet_Tree.SCINet_Tree_odd.SCINet_Tree_even.workingblock.interact.level.U.1.weight  |    720     |
|    fm.blocks1.SCINet_Tree.SCINet_Tree_odd.SCINet_Tree_even.workingblock.interact.level.U.1.bias   |     12     |
|   fm.blocks1.SCINet_Tree.SCINet_Tree_odd.SCINet_Tree_even.workingblock.interact.level.U.4.weight  |    432     |
|    fm.blocks1.SCINet_Tree.SCINet_Tree_odd.SCINet_Tree_even.workingblock.interact.level.U.4.bias   |     12     |
|          fm.blocks1.SCINet_Tree.SCINet_Tree_even.workingblock.interact.level.phi.1.weight         |    720     |
|           fm.blocks1.SCINet_Tree.SCINet_Tree_even.workingblock.interact.level.phi.1.bias          |     12     |
|          fm.blocks1.SCINet_Tree.SCINet_Tree_even.workingblock.interact.level.phi.4.weight         |    432     |
|           fm.blocks1.SCINet_Tree.SCINet_Tree_even.workingblock.interact.level.phi.4.bias          |     12     |
|          fm.blocks1.SCINet_Tree.SCINet_Tree_even.workingblock.interact.level.psi.1.weight         |    720     |
|           fm.blocks1.SCINet_Tree.SCINet_Tree_even.workingblock.interact.level.psi.1.bias          |     12     |
|          fm.blocks1.SCINet_Tree.SCINet_Tree_even.workingblock.interact.level.psi.4.weight         |    432     |
|           fm.blocks1.SCINet_Tree.SCINet_Tree_even.workingblock.interact.level.psi.4.bias          |     12     |
|           fm.blocks1.SCINet_Tree.SCINet_Tree_even.workingblock.interact.level.P.1.weight          |    720     |
|            fm.blocks1.SCINet_Tree.SCINet_Tree_even.workingblock.interact.level.P.1.bias           |     12     |
|           fm.blocks1.SCINet_Tree.SCINet_Tree_even.workingblock.interact.level.P.4.weight          |    432     |
|            fm.blocks1.SCINet_Tree.SCINet_Tree_even.workingblock.interact.level.P.4.bias           |     12     |
|           fm.blocks1.SCINet_Tree.SCINet_Tree_even.workingblock.interact.level.U.1.weight          |    720     |
|            fm.blocks1.SCINet_Tree.SCINet_Tree_even.workingblock.interact.level.U.1.bias           |     12     |
|           fm.blocks1.SCINet_Tree.SCINet_Tree_even.workingblock.interact.level.U.4.weight          |    432     |
|            fm.blocks1.SCINet_Tree.SCINet_Tree_even.workingblock.interact.level.U.4.bias           |     12     |
|  fm.blocks1.SCINet_Tree.SCINet_Tree_even.SCINet_Tree_odd.workingblock.interact.level.phi.1.weight |    720     |
|   fm.blocks1.SCINet_Tree.SCINet_Tree_even.SCINet_Tree_odd.workingblock.interact.level.phi.1.bias  |     12     |
|  fm.blocks1.SCINet_Tree.SCINet_Tree_even.SCINet_Tree_odd.workingblock.interact.level.phi.4.weight |    432     |
|   fm.blocks1.SCINet_Tree.SCINet_Tree_even.SCINet_Tree_odd.workingblock.interact.level.phi.4.bias  |     12     |
|  fm.blocks1.SCINet_Tree.SCINet_Tree_even.SCINet_Tree_odd.workingblock.interact.level.psi.1.weight |    720     |
|   fm.blocks1.SCINet_Tree.SCINet_Tree_even.SCINet_Tree_odd.workingblock.interact.level.psi.1.bias  |     12     |
|  fm.blocks1.SCINet_Tree.SCINet_Tree_even.SCINet_Tree_odd.workingblock.interact.level.psi.4.weight |    432     |
|   fm.blocks1.SCINet_Tree.SCINet_Tree_even.SCINet_Tree_odd.workingblock.interact.level.psi.4.bias  |     12     |
|   fm.blocks1.SCINet_Tree.SCINet_Tree_even.SCINet_Tree_odd.workingblock.interact.level.P.1.weight  |    720     |
|    fm.blocks1.SCINet_Tree.SCINet_Tree_even.SCINet_Tree_odd.workingblock.interact.level.P.1.bias   |     12     |
|   fm.blocks1.SCINet_Tree.SCINet_Tree_even.SCINet_Tree_odd.workingblock.interact.level.P.4.weight  |    432     |
|    fm.blocks1.SCINet_Tree.SCINet_Tree_even.SCINet_Tree_odd.workingblock.interact.level.P.4.bias   |     12     |
|   fm.blocks1.SCINet_Tree.SCINet_Tree_even.SCINet_Tree_odd.workingblock.interact.level.U.1.weight  |    720     |
|    fm.blocks1.SCINet_Tree.SCINet_Tree_even.SCINet_Tree_odd.workingblock.interact.level.U.1.bias   |     12     |
|   fm.blocks1.SCINet_Tree.SCINet_Tree_even.SCINet_Tree_odd.workingblock.interact.level.U.4.weight  |    432     |
|    fm.blocks1.SCINet_Tree.SCINet_Tree_even.SCINet_Tree_odd.workingblock.interact.level.U.4.bias   |     12     |
| fm.blocks1.SCINet_Tree.SCINet_Tree_even.SCINet_Tree_even.workingblock.interact.level.phi.1.weight |    720     |
|  fm.blocks1.SCINet_Tree.SCINet_Tree_even.SCINet_Tree_even.workingblock.interact.level.phi.1.bias  |     12     |
| fm.blocks1.SCINet_Tree.SCINet_Tree_even.SCINet_Tree_even.workingblock.interact.level.phi.4.weight |    432     |
|  fm.blocks1.SCINet_Tree.SCINet_Tree_even.SCINet_Tree_even.workingblock.interact.level.phi.4.bias  |     12     |
| fm.blocks1.SCINet_Tree.SCINet_Tree_even.SCINet_Tree_even.workingblock.interact.level.psi.1.weight |    720     |
|  fm.blocks1.SCINet_Tree.SCINet_Tree_even.SCINet_Tree_even.workingblock.interact.level.psi.1.bias  |     12     |
| fm.blocks1.SCINet_Tree.SCINet_Tree_even.SCINet_Tree_even.workingblock.interact.level.psi.4.weight |    432     |
|  fm.blocks1.SCINet_Tree.SCINet_Tree_even.SCINet_Tree_even.workingblock.interact.level.psi.4.bias  |     12     |
|  fm.blocks1.SCINet_Tree.SCINet_Tree_even.SCINet_Tree_even.workingblock.interact.level.P.1.weight  |    720     |
|   fm.blocks1.SCINet_Tree.SCINet_Tree_even.SCINet_Tree_even.workingblock.interact.level.P.1.bias   |     12     |
|  fm.blocks1.SCINet_Tree.SCINet_Tree_even.SCINet_Tree_even.workingblock.interact.level.P.4.weight  |    432     |
|   fm.blocks1.SCINet_Tree.SCINet_Tree_even.SCINet_Tree_even.workingblock.interact.level.P.4.bias   |     12     |
|  fm.blocks1.SCINet_Tree.SCINet_Tree_even.SCINet_Tree_even.workingblock.interact.level.U.1.weight  |    720     |
|   fm.blocks1.SCINet_Tree.SCINet_Tree_even.SCINet_Tree_even.workingblock.interact.level.U.1.bias   |     12     |
|  fm.blocks1.SCINet_Tree.SCINet_Tree_even.SCINet_Tree_even.workingblock.interact.level.U.4.weight  |    432     |
|   fm.blocks1.SCINet_Tree.SCINet_Tree_even.SCINet_Tree_even.workingblock.interact.level.U.4.bias   |     12     |
|                                       fm.projection1.weight                                       |    9216    |
|                                        nm.mean_layer.weight                                       |    9216    |
|                                      nm.scaling_layer.weight                                      |    9216    |
|                                       nm.gating_layer.weight                                      |    9216    |
|                                        nm.gating_layer.bias                                       |     96     |
+---------------------------------------------------------------------------------------------------+------------+
[2025-01-24 04:16:56] - Total Trainable Params: 69888
[2025-01-24 04:16:56] - model parameters: 69888
[2025-01-24 04:18:29] - Epoch: 1 cost time: 93.32259130477905
[2025-01-24 04:18:29] - Traininng loss : 0.33399373594307363
[2025-01-24 04:18:39] - vali_results: {'mae': 0.34185343980789185, 'mape': 2.636627197265625, 'mse': 0.2714282274246216, 'rmse': 0.5209877490997314}
[2025-01-24 04:20:12] - Epoch: 2 cost time: 196.27036118507385
[2025-01-24 04:20:12] - Traininng loss : 0.20967584553741872
[2025-01-24 04:20:22] - vali_results: {'mae': 0.318223237991333, 'mape': 2.621615409851074, 'mse': 0.24356254935264587, 'rmse': 0.4935205578804016}
[2025-01-24 04:21:58] - Epoch: 3 cost time: 302.65847659111023
[2025-01-24 04:21:58] - Traininng loss : 0.19431452504674296
[2025-01-24 04:22:09] - vali_results: {'mae': 0.3073470890522003, 'mape': 2.5880117416381836, 'mse': 0.22207781672477722, 'rmse': 0.47125133872032166}
[2025-01-24 04:23:44] - Epoch: 4 cost time: 408.3384675979614
[2025-01-24 04:23:44] - Traininng loss : 0.19018335009091777
[2025-01-24 04:23:54] - vali_results: {'mae': 0.29808667302131653, 'mape': 2.392237424850464, 'mse': 0.21629492938518524, 'rmse': 0.46507519483566284}
[2025-01-24 04:25:28] - Epoch: 5 cost time: 512.131716966629
[2025-01-24 04:25:28] - Traininng loss : 0.1802250093255276
[2025-01-24 04:25:38] - vali_results: {'mae': 0.29589128494262695, 'mape': 2.6109421253204346, 'mse': 0.21200914680957794, 'rmse': 0.46044450998306274}
[2025-01-24 04:27:12] - Epoch: 6 cost time: 616.6300280094147
[2025-01-24 04:27:12] - Traininng loss : 0.17780192579541887
[2025-01-24 04:27:22] - vali_results: {'mae': 0.29430335760116577, 'mape': 2.4357736110687256, 'mse': 0.2130194753408432, 'rmse': 0.4615403413772583}
[2025-01-24 04:28:55] - Epoch: 7 cost time: 719.8410668373108
[2025-01-24 04:28:55] - Traininng loss : 0.1753335926037534
[2025-01-24 04:29:05] - vali_results: {'mae': 0.28793570399284363, 'mape': 2.549102783203125, 'mse': 0.20611737668514252, 'rmse': 0.4540015161037445}
[2025-01-24 04:30:39] - Epoch: 8 cost time: 823.4598252773285
[2025-01-24 04:30:39] - Traininng loss : 0.2311150094452209
[2025-01-24 04:30:49] - vali_results: {'mae': 0.29016122221946716, 'mape': 2.372224807739258, 'mse': 0.20984257757663727, 'rmse': 0.4580857753753662}
[2025-01-24 04:32:23] - Epoch: 9 cost time: 926.9602980613708
[2025-01-24 04:32:23] - Traininng loss : 0.171445549878859
[2025-01-24 04:32:33] - vali_results: {'mae': 0.2952539026737213, 'mape': 2.1613242626190186, 'mse': 0.2234349399805069, 'rmse': 0.47268906235694885}
[2025-01-24 04:34:07] - Epoch: 10 cost time: 1031.516168832779
[2025-01-24 04:34:07] - Traininng loss : 0.17107717665402514
[2025-01-24 04:34:17] - vali_results: {'mae': 0.2873288691043854, 'mape': 2.2542929649353027, 'mse': 0.21011003851890564, 'rmse': 0.4583776295185089}
[2025-01-24 04:35:52] - Epoch: 11 cost time: 1136.7335681915283
[2025-01-24 04:35:52] - Traininng loss : 0.17503748173104192
[2025-01-24 04:36:02] - vali_results: {'mae': 0.28322580456733704, 'mape': 2.2586967945098877, 'mse': 0.20638561248779297, 'rmse': 0.4542968273162842}
[2025-01-24 04:37:38] - Epoch: 12 cost time: 1242.4564273357391
[2025-01-24 04:37:38] - Traininng loss : 0.16834079305592337
[2025-01-24 04:37:48] - vali_results: {'mae': 0.2817296087741852, 'mape': 2.2836856842041016, 'mse': 0.20478476583957672, 'rmse': 0.45253151655197144}
[2025-01-24 04:39:26] - Epoch: 13 cost time: 1350.8332350254059
[2025-01-24 04:39:26] - Traininng loss : 0.16816149705782868
[2025-01-24 04:39:37] - vali_results: {'mae': 0.2833236753940582, 'mape': 2.3403208255767822, 'mse': 0.20526067912578583, 'rmse': 0.45305705070495605}
[2025-01-24 04:41:11] - Epoch: 14 cost time: 1454.9653007984161
[2025-01-24 04:41:11] - Traininng loss : 0.16625440602463887
[2025-01-24 04:41:21] - vali_results: {'mae': 0.2813097834587097, 'mape': 2.3228209018707275, 'mse': 0.20179793238639832, 'rmse': 0.4492192566394806}
[2025-01-24 04:42:54] - Epoch: 15 cost time: 1558.6860115528107
[2025-01-24 04:42:54] - Traininng loss : 0.1653528957830784
[2025-01-24 04:43:04] - vali_results: {'mae': 0.2812940180301666, 'mape': 2.4305739402770996, 'mse': 0.26324355602264404, 'rmse': 0.513072669506073}
[2025-01-24 04:44:34] - Epoch: 16 cost time: 1658.577385187149
[2025-01-24 04:44:34] - Traininng loss : 0.16484767108931578
[2025-01-24 04:44:44] - vali_results: {'mae': 0.28582191467285156, 'mape': 2.370314598083496, 'mse': 0.2064489871263504, 'rmse': 0.4543665647506714}
[2025-01-24 04:46:19] - Epoch: 17 cost time: 1762.9364821910858
[2025-01-24 04:46:19] - Traininng loss : 0.16426550372874826
[2025-01-24 04:46:28] - vali_results: {'mae': 0.2854445278644562, 'mape': 2.4755566120147705, 'mse': 0.20581690967082977, 'rmse': 0.453670471906662}
[2025-01-24 04:48:02] - Epoch: 18 cost time: 1866.796156167984
[2025-01-24 04:48:02] - Traininng loss : 0.1636048123128432
[2025-01-24 04:48:12] - vali_results: {'mae': 0.2824600338935852, 'mape': 2.434263229370117, 'mse': 0.3372110426425934, 'rmse': 0.5806987285614014}
[2025-01-24 04:49:45] - Epoch: 19 cost time: 1969.2260251045227
[2025-01-24 04:49:45] - Traininng loss : 0.1628899210601821
[2025-01-24 04:49:55] - vali_results: {'mae': 0.28080984950065613, 'mape': 2.393937587738037, 'mse': 0.38592004776000977, 'rmse': 0.6212246417999268}
[2025-01-24 04:49:55] - loss no decreased for 5 epochs,  early stopping ....
[2025-01-24 04:50:00] - test_results: {'mae': 0.25222083926200867, 'mape': 2.0826377868652344, 'mse': 0.15145836770534515, 'rmse': 0.38917651772499084}
