[2025-01-24 02:04:00] - run : 0 in seed: 3
[2025-01-24 02:04:00] - +---------------------------------------------------------------------------------------------------+------------+
|                                              Modules                                              | Parameters |
+---------------------------------------------------------------------------------------------------+------------+
|                  fm.blocks1.SCINet_Tree.workingblock.interact.level.phi.1.weight                  |   24500    |
|                   fm.blocks1.SCINet_Tree.workingblock.interact.level.phi.1.bias                   |     70     |
|                  fm.blocks1.SCINet_Tree.workingblock.interact.level.phi.4.weight                  |   14700    |
|                   fm.blocks1.SCINet_Tree.workingblock.interact.level.phi.4.bias                   |     70     |
|                  fm.blocks1.SCINet_Tree.workingblock.interact.level.psi.1.weight                  |   24500    |
|                   fm.blocks1.SCINet_Tree.workingblock.interact.level.psi.1.bias                   |     70     |
|                  fm.blocks1.SCINet_Tree.workingblock.interact.level.psi.4.weight                  |   14700    |
|                   fm.blocks1.SCINet_Tree.workingblock.interact.level.psi.4.bias                   |     70     |
|                   fm.blocks1.SCINet_Tree.workingblock.interact.level.P.1.weight                   |   24500    |
|                    fm.blocks1.SCINet_Tree.workingblock.interact.level.P.1.bias                    |     70     |
|                   fm.blocks1.SCINet_Tree.workingblock.interact.level.P.4.weight                   |   14700    |
|                    fm.blocks1.SCINet_Tree.workingblock.interact.level.P.4.bias                    |     70     |
|                   fm.blocks1.SCINet_Tree.workingblock.interact.level.U.1.weight                   |   24500    |
|                    fm.blocks1.SCINet_Tree.workingblock.interact.level.U.1.bias                    |     70     |
|                   fm.blocks1.SCINet_Tree.workingblock.interact.level.U.4.weight                   |   14700    |
|                    fm.blocks1.SCINet_Tree.workingblock.interact.level.U.4.bias                    |     70     |
|          fm.blocks1.SCINet_Tree.SCINet_Tree_odd.workingblock.interact.level.phi.1.weight          |   24500    |
|           fm.blocks1.SCINet_Tree.SCINet_Tree_odd.workingblock.interact.level.phi.1.bias           |     70     |
|          fm.blocks1.SCINet_Tree.SCINet_Tree_odd.workingblock.interact.level.phi.4.weight          |   14700    |
|           fm.blocks1.SCINet_Tree.SCINet_Tree_odd.workingblock.interact.level.phi.4.bias           |     70     |
|          fm.blocks1.SCINet_Tree.SCINet_Tree_odd.workingblock.interact.level.psi.1.weight          |   24500    |
|           fm.blocks1.SCINet_Tree.SCINet_Tree_odd.workingblock.interact.level.psi.1.bias           |     70     |
|          fm.blocks1.SCINet_Tree.SCINet_Tree_odd.workingblock.interact.level.psi.4.weight          |   14700    |
|           fm.blocks1.SCINet_Tree.SCINet_Tree_odd.workingblock.interact.level.psi.4.bias           |     70     |
|           fm.blocks1.SCINet_Tree.SCINet_Tree_odd.workingblock.interact.level.P.1.weight           |   24500    |
|            fm.blocks1.SCINet_Tree.SCINet_Tree_odd.workingblock.interact.level.P.1.bias            |     70     |
|           fm.blocks1.SCINet_Tree.SCINet_Tree_odd.workingblock.interact.level.P.4.weight           |   14700    |
|            fm.blocks1.SCINet_Tree.SCINet_Tree_odd.workingblock.interact.level.P.4.bias            |     70     |
|           fm.blocks1.SCINet_Tree.SCINet_Tree_odd.workingblock.interact.level.U.1.weight           |   24500    |
|            fm.blocks1.SCINet_Tree.SCINet_Tree_odd.workingblock.interact.level.U.1.bias            |     70     |
|           fm.blocks1.SCINet_Tree.SCINet_Tree_odd.workingblock.interact.level.U.4.weight           |   14700    |
|            fm.blocks1.SCINet_Tree.SCINet_Tree_odd.workingblock.interact.level.U.4.bias            |     70     |
|  fm.blocks1.SCINet_Tree.SCINet_Tree_odd.SCINet_Tree_odd.workingblock.interact.level.phi.1.weight  |   24500    |
|   fm.blocks1.SCINet_Tree.SCINet_Tree_odd.SCINet_Tree_odd.workingblock.interact.level.phi.1.bias   |     70     |
|  fm.blocks1.SCINet_Tree.SCINet_Tree_odd.SCINet_Tree_odd.workingblock.interact.level.phi.4.weight  |   14700    |
|   fm.blocks1.SCINet_Tree.SCINet_Tree_odd.SCINet_Tree_odd.workingblock.interact.level.phi.4.bias   |     70     |
|  fm.blocks1.SCINet_Tree.SCINet_Tree_odd.SCINet_Tree_odd.workingblock.interact.level.psi.1.weight  |   24500    |
|   fm.blocks1.SCINet_Tree.SCINet_Tree_odd.SCINet_Tree_odd.workingblock.interact.level.psi.1.bias   |     70     |
|  fm.blocks1.SCINet_Tree.SCINet_Tree_odd.SCINet_Tree_odd.workingblock.interact.level.psi.4.weight  |   14700    |
|   fm.blocks1.SCINet_Tree.SCINet_Tree_odd.SCINet_Tree_odd.workingblock.interact.level.psi.4.bias   |     70     |
|   fm.blocks1.SCINet_Tree.SCINet_Tree_odd.SCINet_Tree_odd.workingblock.interact.level.P.1.weight   |   24500    |
|    fm.blocks1.SCINet_Tree.SCINet_Tree_odd.SCINet_Tree_odd.workingblock.interact.level.P.1.bias    |     70     |
|   fm.blocks1.SCINet_Tree.SCINet_Tree_odd.SCINet_Tree_odd.workingblock.interact.level.P.4.weight   |   14700    |
|    fm.blocks1.SCINet_Tree.SCINet_Tree_odd.SCINet_Tree_odd.workingblock.interact.level.P.4.bias    |     70     |
|   fm.blocks1.SCINet_Tree.SCINet_Tree_odd.SCINet_Tree_odd.workingblock.interact.level.U.1.weight   |   24500    |
|    fm.blocks1.SCINet_Tree.SCINet_Tree_odd.SCINet_Tree_odd.workingblock.interact.level.U.1.bias    |     70     |
|   fm.blocks1.SCINet_Tree.SCINet_Tree_odd.SCINet_Tree_odd.workingblock.interact.level.U.4.weight   |   14700    |
|    fm.blocks1.SCINet_Tree.SCINet_Tree_odd.SCINet_Tree_odd.workingblock.interact.level.U.4.bias    |     70     |
|  fm.blocks1.SCINet_Tree.SCINet_Tree_odd.SCINet_Tree_even.workingblock.interact.level.phi.1.weight |   24500    |
|   fm.blocks1.SCINet_Tree.SCINet_Tree_odd.SCINet_Tree_even.workingblock.interact.level.phi.1.bias  |     70     |
|  fm.blocks1.SCINet_Tree.SCINet_Tree_odd.SCINet_Tree_even.workingblock.interact.level.phi.4.weight |   14700    |
|   fm.blocks1.SCINet_Tree.SCINet_Tree_odd.SCINet_Tree_even.workingblock.interact.level.phi.4.bias  |     70     |
|  fm.blocks1.SCINet_Tree.SCINet_Tree_odd.SCINet_Tree_even.workingblock.interact.level.psi.1.weight |   24500    |
|   fm.blocks1.SCINet_Tree.SCINet_Tree_odd.SCINet_Tree_even.workingblock.interact.level.psi.1.bias  |     70     |
|  fm.blocks1.SCINet_Tree.SCINet_Tree_odd.SCINet_Tree_even.workingblock.interact.level.psi.4.weight |   14700    |
|   fm.blocks1.SCINet_Tree.SCINet_Tree_odd.SCINet_Tree_even.workingblock.interact.level.psi.4.bias  |     70     |
|   fm.blocks1.SCINet_Tree.SCINet_Tree_odd.SCINet_Tree_even.workingblock.interact.level.P.1.weight  |   24500    |
|    fm.blocks1.SCINet_Tree.SCINet_Tree_odd.SCINet_Tree_even.workingblock.interact.level.P.1.bias   |     70     |
|   fm.blocks1.SCINet_Tree.SCINet_Tree_odd.SCINet_Tree_even.workingblock.interact.level.P.4.weight  |   14700    |
|    fm.blocks1.SCINet_Tree.SCINet_Tree_odd.SCINet_Tree_even.workingblock.interact.level.P.4.bias   |     70     |
|   fm.blocks1.SCINet_Tree.SCINet_Tree_odd.SCINet_Tree_even.workingblock.interact.level.U.1.weight  |   24500    |
|    fm.blocks1.SCINet_Tree.SCINet_Tree_odd.SCINet_Tree_even.workingblock.interact.level.U.1.bias   |     70     |
|   fm.blocks1.SCINet_Tree.SCINet_Tree_odd.SCINet_Tree_even.workingblock.interact.level.U.4.weight  |   14700    |
|    fm.blocks1.SCINet_Tree.SCINet_Tree_odd.SCINet_Tree_even.workingblock.interact.level.U.4.bias   |     70     |
|          fm.blocks1.SCINet_Tree.SCINet_Tree_even.workingblock.interact.level.phi.1.weight         |   24500    |
|           fm.blocks1.SCINet_Tree.SCINet_Tree_even.workingblock.interact.level.phi.1.bias          |     70     |
|          fm.blocks1.SCINet_Tree.SCINet_Tree_even.workingblock.interact.level.phi.4.weight         |   14700    |
|           fm.blocks1.SCINet_Tree.SCINet_Tree_even.workingblock.interact.level.phi.4.bias          |     70     |
|          fm.blocks1.SCINet_Tree.SCINet_Tree_even.workingblock.interact.level.psi.1.weight         |   24500    |
|           fm.blocks1.SCINet_Tree.SCINet_Tree_even.workingblock.interact.level.psi.1.bias          |     70     |
|          fm.blocks1.SCINet_Tree.SCINet_Tree_even.workingblock.interact.level.psi.4.weight         |   14700    |
|           fm.blocks1.SCINet_Tree.SCINet_Tree_even.workingblock.interact.level.psi.4.bias          |     70     |
|           fm.blocks1.SCINet_Tree.SCINet_Tree_even.workingblock.interact.level.P.1.weight          |   24500    |
|            fm.blocks1.SCINet_Tree.SCINet_Tree_even.workingblock.interact.level.P.1.bias           |     70     |
|           fm.blocks1.SCINet_Tree.SCINet_Tree_even.workingblock.interact.level.P.4.weight          |   14700    |
|            fm.blocks1.SCINet_Tree.SCINet_Tree_even.workingblock.interact.level.P.4.bias           |     70     |
|           fm.blocks1.SCINet_Tree.SCINet_Tree_even.workingblock.interact.level.U.1.weight          |   24500    |
|            fm.blocks1.SCINet_Tree.SCINet_Tree_even.workingblock.interact.level.U.1.bias           |     70     |
|           fm.blocks1.SCINet_Tree.SCINet_Tree_even.workingblock.interact.level.U.4.weight          |   14700    |
|            fm.blocks1.SCINet_Tree.SCINet_Tree_even.workingblock.interact.level.U.4.bias           |     70     |
|  fm.blocks1.SCINet_Tree.SCINet_Tree_even.SCINet_Tree_odd.workingblock.interact.level.phi.1.weight |   24500    |
|   fm.blocks1.SCINet_Tree.SCINet_Tree_even.SCINet_Tree_odd.workingblock.interact.level.phi.1.bias  |     70     |
|  fm.blocks1.SCINet_Tree.SCINet_Tree_even.SCINet_Tree_odd.workingblock.interact.level.phi.4.weight |   14700    |
|   fm.blocks1.SCINet_Tree.SCINet_Tree_even.SCINet_Tree_odd.workingblock.interact.level.phi.4.bias  |     70     |
|  fm.blocks1.SCINet_Tree.SCINet_Tree_even.SCINet_Tree_odd.workingblock.interact.level.psi.1.weight |   24500    |
|   fm.blocks1.SCINet_Tree.SCINet_Tree_even.SCINet_Tree_odd.workingblock.interact.level.psi.1.bias  |     70     |
|  fm.blocks1.SCINet_Tree.SCINet_Tree_even.SCINet_Tree_odd.workingblock.interact.level.psi.4.weight |   14700    |
|   fm.blocks1.SCINet_Tree.SCINet_Tree_even.SCINet_Tree_odd.workingblock.interact.level.psi.4.bias  |     70     |
|   fm.blocks1.SCINet_Tree.SCINet_Tree_even.SCINet_Tree_odd.workingblock.interact.level.P.1.weight  |   24500    |
|    fm.blocks1.SCINet_Tree.SCINet_Tree_even.SCINet_Tree_odd.workingblock.interact.level.P.1.bias   |     70     |
|   fm.blocks1.SCINet_Tree.SCINet_Tree_even.SCINet_Tree_odd.workingblock.interact.level.P.4.weight  |   14700    |
|    fm.blocks1.SCINet_Tree.SCINet_Tree_even.SCINet_Tree_odd.workingblock.interact.level.P.4.bias   |     70     |
|   fm.blocks1.SCINet_Tree.SCINet_Tree_even.SCINet_Tree_odd.workingblock.interact.level.U.1.weight  |   24500    |
|    fm.blocks1.SCINet_Tree.SCINet_Tree_even.SCINet_Tree_odd.workingblock.interact.level.U.1.bias   |     70     |
|   fm.blocks1.SCINet_Tree.SCINet_Tree_even.SCINet_Tree_odd.workingblock.interact.level.U.4.weight  |   14700    |
|    fm.blocks1.SCINet_Tree.SCINet_Tree_even.SCINet_Tree_odd.workingblock.interact.level.U.4.bias   |     70     |
| fm.blocks1.SCINet_Tree.SCINet_Tree_even.SCINet_Tree_even.workingblock.interact.level.phi.1.weight |   24500    |
|  fm.blocks1.SCINet_Tree.SCINet_Tree_even.SCINet_Tree_even.workingblock.interact.level.phi.1.bias  |     70     |
| fm.blocks1.SCINet_Tree.SCINet_Tree_even.SCINet_Tree_even.workingblock.interact.level.phi.4.weight |   14700    |
|  fm.blocks1.SCINet_Tree.SCINet_Tree_even.SCINet_Tree_even.workingblock.interact.level.phi.4.bias  |     70     |
| fm.blocks1.SCINet_Tree.SCINet_Tree_even.SCINet_Tree_even.workingblock.interact.level.psi.1.weight |   24500    |
|  fm.blocks1.SCINet_Tree.SCINet_Tree_even.SCINet_Tree_even.workingblock.interact.level.psi.1.bias  |     70     |
| fm.blocks1.SCINet_Tree.SCINet_Tree_even.SCINet_Tree_even.workingblock.interact.level.psi.4.weight |   14700    |
|  fm.blocks1.SCINet_Tree.SCINet_Tree_even.SCINet_Tree_even.workingblock.interact.level.psi.4.bias  |     70     |
|  fm.blocks1.SCINet_Tree.SCINet_Tree_even.SCINet_Tree_even.workingblock.interact.level.P.1.weight  |   24500    |
|   fm.blocks1.SCINet_Tree.SCINet_Tree_even.SCINet_Tree_even.workingblock.interact.level.P.1.bias   |     70     |
|  fm.blocks1.SCINet_Tree.SCINet_Tree_even.SCINet_Tree_even.workingblock.interact.level.P.4.weight  |   14700    |
|   fm.blocks1.SCINet_Tree.SCINet_Tree_even.SCINet_Tree_even.workingblock.interact.level.P.4.bias   |     70     |
|  fm.blocks1.SCINet_Tree.SCINet_Tree_even.SCINet_Tree_even.workingblock.interact.level.U.1.weight  |   24500    |
|   fm.blocks1.SCINet_Tree.SCINet_Tree_even.SCINet_Tree_even.workingblock.interact.level.U.1.bias   |     70     |
|  fm.blocks1.SCINet_Tree.SCINet_Tree_even.SCINet_Tree_even.workingblock.interact.level.U.4.weight  |   14700    |
|   fm.blocks1.SCINet_Tree.SCINet_Tree_even.SCINet_Tree_even.workingblock.interact.level.U.4.bias   |     70     |
|                                       fm.projection1.weight                                       |    9216    |
|                                        nm.mean_layer.weight                                       |    9216    |
|                                      nm.scaling_layer.weight                                      |    9216    |
|                                       nm.gating_layer.weight                                      |    9216    |
|                                        nm.gating_layer.bias                                       |     96     |
+---------------------------------------------------------------------------------------------------+------------+
[2025-01-24 02:04:00] - Total Trainable Params: 1138480
[2025-01-24 02:04:00] - model parameters: 1138480
[2025-01-24 02:04:04] - Epoch: 1 cost time: 3.5990474224090576
[2025-01-24 02:04:04] - Traininng loss : 0.9950177732266878
[2025-01-24 02:04:04] - vali_results: {'mae': 0.7401935458183289, 'mape': 3.09965443611145, 'mse': 1.0719552040100098, 'rmse': 1.0353527069091797}
[2025-01-24 02:04:07] - Epoch: 2 cost time: 7.111033916473389
[2025-01-24 02:04:07] - Traininng loss : 0.8634718656539917
[2025-01-24 02:04:08] - vali_results: {'mae': 0.7233712077140808, 'mape': 2.440486431121826, 'mse': 1.0438483953475952, 'rmse': 1.0216889381408691}
[2025-01-24 02:04:11] - Epoch: 3 cost time: 10.58756709098816
[2025-01-24 02:04:11] - Traininng loss : 0.8437985730798621
[2025-01-24 02:04:11] - vali_results: {'mae': 0.7120251059532166, 'mape': 2.2237768173217773, 'mse': 1.025252342224121, 'rmse': 1.012547492980957}
[2025-01-24 02:04:14] - Epoch: 4 cost time: 14.136163234710693
[2025-01-24 02:04:14] - Traininng loss : 0.830933972408897
[2025-01-24 02:04:15] - vali_results: {'mae': 0.7058442831039429, 'mape': 2.064976215362549, 'mse': 1.012381911277771, 'rmse': 1.0061719417572021}
[2025-01-24 02:04:18] - Epoch: 5 cost time: 17.830030918121338
[2025-01-24 02:04:18] - Traininng loss : 0.8303490704611728
[2025-01-24 02:04:19] - vali_results: {'mae': 0.7052962779998779, 'mape': 2.0246167182922363, 'mse': 1.0098575353622437, 'rmse': 1.0049166679382324}
[2025-01-24 02:04:22] - Epoch: 6 cost time: 21.472370624542236
[2025-01-24 02:04:22] - Traininng loss : 0.822989368125012
[2025-01-24 02:04:22] - vali_results: {'mae': 0.7068836688995361, 'mape': 2.074324369430542, 'mse': 1.011610507965088, 'rmse': 1.0057884454727173}
[2025-01-24 02:04:25] - Epoch: 7 cost time: 25.053608894348145
[2025-01-24 02:04:25] - Traininng loss : 0.8133334250826585
[2025-01-24 02:04:26] - vali_results: {'mae': 0.7048912644386292, 'mape': 2.1330158710479736, 'mse': 1.0081493854522705, 'rmse': 1.0040664672851562}
[2025-01-24 02:04:29] - Epoch: 8 cost time: 28.71894121170044
[2025-01-24 02:04:29] - Traininng loss : 0.8111695568812521
[2025-01-24 02:04:30] - vali_results: {'mae': 0.7020211815834045, 'mape': 2.1805999279022217, 'mse': 1.0044718980789185, 'rmse': 1.0022335052490234}
[2025-01-24 02:04:33] - Epoch: 9 cost time: 32.20674753189087
[2025-01-24 02:04:33] - Traininng loss : 0.8086525939012829
[2025-01-24 02:04:33] - vali_results: {'mae': 0.702723503112793, 'mape': 2.246765375137329, 'mse': 1.0064786672592163, 'rmse': 1.0032341480255127}
[2025-01-24 02:04:37] - Epoch: 10 cost time: 36.220691204071045
[2025-01-24 02:04:37] - Traininng loss : 0.806822309368535
[2025-01-24 02:04:37] - vali_results: {'mae': 0.7009127736091614, 'mape': 2.2679293155670166, 'mse': 1.004250168800354, 'rmse': 1.0021228790283203}
[2025-01-24 02:04:40] - Epoch: 11 cost time: 39.808852672576904
[2025-01-24 02:04:40] - Traininng loss : 0.8027189264172002
[2025-01-24 02:04:41] - vali_results: {'mae': 0.7006394267082214, 'mape': 2.297860860824585, 'mse': 1.0044840574264526, 'rmse': 1.002239465713501}
[2025-01-24 02:04:44] - Epoch: 12 cost time: 43.25202941894531
[2025-01-24 02:04:44] - Traininng loss : 0.8044778108596802
[2025-01-24 02:04:44] - vali_results: {'mae': 0.699640691280365, 'mape': 2.3305835723876953, 'mse': 1.003362774848938, 'rmse': 1.0016800165176392}
[2025-01-24 02:04:47] - Epoch: 13 cost time: 46.96366596221924
[2025-01-24 02:04:47] - Traininng loss : 0.802341734108172
[2025-01-24 02:04:48] - vali_results: {'mae': 0.6990328431129456, 'mape': 2.385988473892212, 'mse': 1.0035395622253418, 'rmse': 1.0017682313919067}
[2025-01-24 02:04:51] - Epoch: 14 cost time: 50.54658341407776
[2025-01-24 02:04:51] - Traininng loss : 0.8012701853325492
[2025-01-24 02:04:51] - vali_results: {'mae': 0.6983350515365601, 'mape': 2.387333869934082, 'mse': 1.002833366394043, 'rmse': 1.001415729522705}
[2025-01-24 02:04:54] - Epoch: 15 cost time: 54.02393102645874
[2025-01-24 02:04:54] - Traininng loss : 0.8008325962643874
[2025-01-24 02:04:55] - vali_results: {'mae': 0.6981820464134216, 'mape': 2.3896100521087646, 'mse': 1.00227689743042, 'rmse': 1.0011378526687622}
[2025-01-24 02:04:58] - Epoch: 16 cost time: 57.428298473358154
[2025-01-24 02:04:58] - Traininng loss : 0.7983258884204062
[2025-01-24 02:04:58] - vali_results: {'mae': 0.6966933608055115, 'mape': 2.375831127166748, 'mse': 1.000040888786316, 'rmse': 1.0000203847885132}
[2025-01-24 02:05:01] - Epoch: 17 cost time: 60.996299743652344
[2025-01-24 02:05:01] - Traininng loss : 0.7994827361483323
[2025-01-24 02:05:02] - vali_results: {'mae': 0.6958633661270142, 'mape': 2.3439910411834717, 'mse': 0.998725414276123, 'rmse': 0.9993625283241272}
[2025-01-24 02:05:05] - Epoch: 18 cost time: 64.47517442703247
[2025-01-24 02:05:05] - Traininng loss : 0.7971326097061759
[2025-01-24 02:05:05] - vali_results: {'mae': 0.6946350336074829, 'mape': 2.3493034839630127, 'mse': 0.9974660277366638, 'rmse': 0.9987322092056274}
[2025-01-24 02:05:08] - Epoch: 19 cost time: 67.91627383232117
[2025-01-24 02:05:08] - Traininng loss : 0.7982086821606285
[2025-01-24 02:05:09] - vali_results: {'mae': 0.695949137210846, 'mape': 2.409069538116455, 'mse': 0.9991971850395203, 'rmse': 0.999598503112793}
[2025-01-24 02:05:12] - Epoch: 20 cost time: 71.3561840057373
[2025-01-24 02:05:12] - Traininng loss : 0.7999766563114367
[2025-01-24 02:05:12] - vali_results: {'mae': 0.6951078176498413, 'mape': 2.3871519565582275, 'mse': 0.9998173117637634, 'rmse': 0.9999086260795593}
[2025-01-24 02:05:15] - Epoch: 21 cost time: 74.97753429412842
[2025-01-24 02:05:15] - Traininng loss : 0.7974603678050795
[2025-01-24 02:05:16] - vali_results: {'mae': 0.6941841244697571, 'mape': 2.373551607131958, 'mse': 0.9976654052734375, 'rmse': 0.9988320469856262}
[2025-01-24 02:05:19] - Epoch: 22 cost time: 78.40319347381592
[2025-01-24 02:05:19] - Traininng loss : 0.7962862755122938
[2025-01-24 02:05:19] - vali_results: {'mae': 0.6944409608840942, 'mape': 2.3469810485839844, 'mse': 0.9982092380523682, 'rmse': 0.9991042017936707}
[2025-01-24 02:05:22] - Epoch: 23 cost time: 81.81328248977661
[2025-01-24 02:05:22] - Traininng loss : 0.7958183727766338
[2025-01-24 02:05:23] - vali_results: {'mae': 0.6937896609306335, 'mape': 2.3846263885498047, 'mse': 0.9979097843170166, 'rmse': 0.9989543557167053}
[2025-01-24 02:05:23] - loss no decreased for 5 epochs,  early stopping ....
[2025-01-24 02:05:23] - test_results: {'mae': 0.5950474143028259, 'mape': 3.3684239387512207, 'mse': 0.8240578770637512, 'rmse': 0.9077763557434082}
