[2025-01-24 02:13:54] - run : 0 in seed: 3
[2025-01-24 02:13:54] - +---------------------------------------------------------------------------------------------------+------------+
|                                              Modules                                              | Parameters |
+---------------------------------------------------------------------------------------------------+------------+
|                  fm.blocks1.SCINet_Tree.workingblock.interact.level.phi.1.weight                  |    720     |
|                   fm.blocks1.SCINet_Tree.workingblock.interact.level.phi.1.bias                   |     12     |
|                  fm.blocks1.SCINet_Tree.workingblock.interact.level.phi.4.weight                  |    432     |
|                   fm.blocks1.SCINet_Tree.workingblock.interact.level.phi.4.bias                   |     12     |
|                  fm.blocks1.SCINet_Tree.workingblock.interact.level.psi.1.weight                  |    720     |
|                   fm.blocks1.SCINet_Tree.workingblock.interact.level.psi.1.bias                   |     12     |
|                  fm.blocks1.SCINet_Tree.workingblock.interact.level.psi.4.weight                  |    432     |
|                   fm.blocks1.SCINet_Tree.workingblock.interact.level.psi.4.bias                   |     12     |
|                   fm.blocks1.SCINet_Tree.workingblock.interact.level.P.1.weight                   |    720     |
|                    fm.blocks1.SCINet_Tree.workingblock.interact.level.P.1.bias                    |     12     |
|                   fm.blocks1.SCINet_Tree.workingblock.interact.level.P.4.weight                   |    432     |
|                    fm.blocks1.SCINet_Tree.workingblock.interact.level.P.4.bias                    |     12     |
|                   fm.blocks1.SCINet_Tree.workingblock.interact.level.U.1.weight                   |    720     |
|                    fm.blocks1.SCINet_Tree.workingblock.interact.level.U.1.bias                    |     12     |
|                   fm.blocks1.SCINet_Tree.workingblock.interact.level.U.4.weight                   |    432     |
|                    fm.blocks1.SCINet_Tree.workingblock.interact.level.U.4.bias                    |     12     |
|          fm.blocks1.SCINet_Tree.SCINet_Tree_odd.workingblock.interact.level.phi.1.weight          |    720     |
|           fm.blocks1.SCINet_Tree.SCINet_Tree_odd.workingblock.interact.level.phi.1.bias           |     12     |
|          fm.blocks1.SCINet_Tree.SCINet_Tree_odd.workingblock.interact.level.phi.4.weight          |    432     |
|           fm.blocks1.SCINet_Tree.SCINet_Tree_odd.workingblock.interact.level.phi.4.bias           |     12     |
|          fm.blocks1.SCINet_Tree.SCINet_Tree_odd.workingblock.interact.level.psi.1.weight          |    720     |
|           fm.blocks1.SCINet_Tree.SCINet_Tree_odd.workingblock.interact.level.psi.1.bias           |     12     |
|          fm.blocks1.SCINet_Tree.SCINet_Tree_odd.workingblock.interact.level.psi.4.weight          |    432     |
|           fm.blocks1.SCINet_Tree.SCINet_Tree_odd.workingblock.interact.level.psi.4.bias           |     12     |
|           fm.blocks1.SCINet_Tree.SCINet_Tree_odd.workingblock.interact.level.P.1.weight           |    720     |
|            fm.blocks1.SCINet_Tree.SCINet_Tree_odd.workingblock.interact.level.P.1.bias            |     12     |
|           fm.blocks1.SCINet_Tree.SCINet_Tree_odd.workingblock.interact.level.P.4.weight           |    432     |
|            fm.blocks1.SCINet_Tree.SCINet_Tree_odd.workingblock.interact.level.P.4.bias            |     12     |
|           fm.blocks1.SCINet_Tree.SCINet_Tree_odd.workingblock.interact.level.U.1.weight           |    720     |
|            fm.blocks1.SCINet_Tree.SCINet_Tree_odd.workingblock.interact.level.U.1.bias            |     12     |
|           fm.blocks1.SCINet_Tree.SCINet_Tree_odd.workingblock.interact.level.U.4.weight           |    432     |
|            fm.blocks1.SCINet_Tree.SCINet_Tree_odd.workingblock.interact.level.U.4.bias            |     12     |
|  fm.blocks1.SCINet_Tree.SCINet_Tree_odd.SCINet_Tree_odd.workingblock.interact.level.phi.1.weight  |    720     |
|   fm.blocks1.SCINet_Tree.SCINet_Tree_odd.SCINet_Tree_odd.workingblock.interact.level.phi.1.bias   |     12     |
|  fm.blocks1.SCINet_Tree.SCINet_Tree_odd.SCINet_Tree_odd.workingblock.interact.level.phi.4.weight  |    432     |
|   fm.blocks1.SCINet_Tree.SCINet_Tree_odd.SCINet_Tree_odd.workingblock.interact.level.phi.4.bias   |     12     |
|  fm.blocks1.SCINet_Tree.SCINet_Tree_odd.SCINet_Tree_odd.workingblock.interact.level.psi.1.weight  |    720     |
|   fm.blocks1.SCINet_Tree.SCINet_Tree_odd.SCINet_Tree_odd.workingblock.interact.level.psi.1.bias   |     12     |
|  fm.blocks1.SCINet_Tree.SCINet_Tree_odd.SCINet_Tree_odd.workingblock.interact.level.psi.4.weight  |    432     |
|   fm.blocks1.SCINet_Tree.SCINet_Tree_odd.SCINet_Tree_odd.workingblock.interact.level.psi.4.bias   |     12     |
|   fm.blocks1.SCINet_Tree.SCINet_Tree_odd.SCINet_Tree_odd.workingblock.interact.level.P.1.weight   |    720     |
|    fm.blocks1.SCINet_Tree.SCINet_Tree_odd.SCINet_Tree_odd.workingblock.interact.level.P.1.bias    |     12     |
|   fm.blocks1.SCINet_Tree.SCINet_Tree_odd.SCINet_Tree_odd.workingblock.interact.level.P.4.weight   |    432     |
|    fm.blocks1.SCINet_Tree.SCINet_Tree_odd.SCINet_Tree_odd.workingblock.interact.level.P.4.bias    |     12     |
|   fm.blocks1.SCINet_Tree.SCINet_Tree_odd.SCINet_Tree_odd.workingblock.interact.level.U.1.weight   |    720     |
|    fm.blocks1.SCINet_Tree.SCINet_Tree_odd.SCINet_Tree_odd.workingblock.interact.level.U.1.bias    |     12     |
|   fm.blocks1.SCINet_Tree.SCINet_Tree_odd.SCINet_Tree_odd.workingblock.interact.level.U.4.weight   |    432     |
|    fm.blocks1.SCINet_Tree.SCINet_Tree_odd.SCINet_Tree_odd.workingblock.interact.level.U.4.bias    |     12     |
|  fm.blocks1.SCINet_Tree.SCINet_Tree_odd.SCINet_Tree_even.workingblock.interact.level.phi.1.weight |    720     |
|   fm.blocks1.SCINet_Tree.SCINet_Tree_odd.SCINet_Tree_even.workingblock.interact.level.phi.1.bias  |     12     |
|  fm.blocks1.SCINet_Tree.SCINet_Tree_odd.SCINet_Tree_even.workingblock.interact.level.phi.4.weight |    432     |
|   fm.blocks1.SCINet_Tree.SCINet_Tree_odd.SCINet_Tree_even.workingblock.interact.level.phi.4.bias  |     12     |
|  fm.blocks1.SCINet_Tree.SCINet_Tree_odd.SCINet_Tree_even.workingblock.interact.level.psi.1.weight |    720     |
|   fm.blocks1.SCINet_Tree.SCINet_Tree_odd.SCINet_Tree_even.workingblock.interact.level.psi.1.bias  |     12     |
|  fm.blocks1.SCINet_Tree.SCINet_Tree_odd.SCINet_Tree_even.workingblock.interact.level.psi.4.weight |    432     |
|   fm.blocks1.SCINet_Tree.SCINet_Tree_odd.SCINet_Tree_even.workingblock.interact.level.psi.4.bias  |     12     |
|   fm.blocks1.SCINet_Tree.SCINet_Tree_odd.SCINet_Tree_even.workingblock.interact.level.P.1.weight  |    720     |
|    fm.blocks1.SCINet_Tree.SCINet_Tree_odd.SCINet_Tree_even.workingblock.interact.level.P.1.bias   |     12     |
|   fm.blocks1.SCINet_Tree.SCINet_Tree_odd.SCINet_Tree_even.workingblock.interact.level.P.4.weight  |    432     |
|    fm.blocks1.SCINet_Tree.SCINet_Tree_odd.SCINet_Tree_even.workingblock.interact.level.P.4.bias   |     12     |
|   fm.blocks1.SCINet_Tree.SCINet_Tree_odd.SCINet_Tree_even.workingblock.interact.level.U.1.weight  |    720     |
|    fm.blocks1.SCINet_Tree.SCINet_Tree_odd.SCINet_Tree_even.workingblock.interact.level.U.1.bias   |     12     |
|   fm.blocks1.SCINet_Tree.SCINet_Tree_odd.SCINet_Tree_even.workingblock.interact.level.U.4.weight  |    432     |
|    fm.blocks1.SCINet_Tree.SCINet_Tree_odd.SCINet_Tree_even.workingblock.interact.level.U.4.bias   |     12     |
|          fm.blocks1.SCINet_Tree.SCINet_Tree_even.workingblock.interact.level.phi.1.weight         |    720     |
|           fm.blocks1.SCINet_Tree.SCINet_Tree_even.workingblock.interact.level.phi.1.bias          |     12     |
|          fm.blocks1.SCINet_Tree.SCINet_Tree_even.workingblock.interact.level.phi.4.weight         |    432     |
|           fm.blocks1.SCINet_Tree.SCINet_Tree_even.workingblock.interact.level.phi.4.bias          |     12     |
|          fm.blocks1.SCINet_Tree.SCINet_Tree_even.workingblock.interact.level.psi.1.weight         |    720     |
|           fm.blocks1.SCINet_Tree.SCINet_Tree_even.workingblock.interact.level.psi.1.bias          |     12     |
|          fm.blocks1.SCINet_Tree.SCINet_Tree_even.workingblock.interact.level.psi.4.weight         |    432     |
|           fm.blocks1.SCINet_Tree.SCINet_Tree_even.workingblock.interact.level.psi.4.bias          |     12     |
|           fm.blocks1.SCINet_Tree.SCINet_Tree_even.workingblock.interact.level.P.1.weight          |    720     |
|            fm.blocks1.SCINet_Tree.SCINet_Tree_even.workingblock.interact.level.P.1.bias           |     12     |
|           fm.blocks1.SCINet_Tree.SCINet_Tree_even.workingblock.interact.level.P.4.weight          |    432     |
|            fm.blocks1.SCINet_Tree.SCINet_Tree_even.workingblock.interact.level.P.4.bias           |     12     |
|           fm.blocks1.SCINet_Tree.SCINet_Tree_even.workingblock.interact.level.U.1.weight          |    720     |
|            fm.blocks1.SCINet_Tree.SCINet_Tree_even.workingblock.interact.level.U.1.bias           |     12     |
|           fm.blocks1.SCINet_Tree.SCINet_Tree_even.workingblock.interact.level.U.4.weight          |    432     |
|            fm.blocks1.SCINet_Tree.SCINet_Tree_even.workingblock.interact.level.U.4.bias           |     12     |
|  fm.blocks1.SCINet_Tree.SCINet_Tree_even.SCINet_Tree_odd.workingblock.interact.level.phi.1.weight |    720     |
|   fm.blocks1.SCINet_Tree.SCINet_Tree_even.SCINet_Tree_odd.workingblock.interact.level.phi.1.bias  |     12     |
|  fm.blocks1.SCINet_Tree.SCINet_Tree_even.SCINet_Tree_odd.workingblock.interact.level.phi.4.weight |    432     |
|   fm.blocks1.SCINet_Tree.SCINet_Tree_even.SCINet_Tree_odd.workingblock.interact.level.phi.4.bias  |     12     |
|  fm.blocks1.SCINet_Tree.SCINet_Tree_even.SCINet_Tree_odd.workingblock.interact.level.psi.1.weight |    720     |
|   fm.blocks1.SCINet_Tree.SCINet_Tree_even.SCINet_Tree_odd.workingblock.interact.level.psi.1.bias  |     12     |
|  fm.blocks1.SCINet_Tree.SCINet_Tree_even.SCINet_Tree_odd.workingblock.interact.level.psi.4.weight |    432     |
|   fm.blocks1.SCINet_Tree.SCINet_Tree_even.SCINet_Tree_odd.workingblock.interact.level.psi.4.bias  |     12     |
|   fm.blocks1.SCINet_Tree.SCINet_Tree_even.SCINet_Tree_odd.workingblock.interact.level.P.1.weight  |    720     |
|    fm.blocks1.SCINet_Tree.SCINet_Tree_even.SCINet_Tree_odd.workingblock.interact.level.P.1.bias   |     12     |
|   fm.blocks1.SCINet_Tree.SCINet_Tree_even.SCINet_Tree_odd.workingblock.interact.level.P.4.weight  |    432     |
|    fm.blocks1.SCINet_Tree.SCINet_Tree_even.SCINet_Tree_odd.workingblock.interact.level.P.4.bias   |     12     |
|   fm.blocks1.SCINet_Tree.SCINet_Tree_even.SCINet_Tree_odd.workingblock.interact.level.U.1.weight  |    720     |
|    fm.blocks1.SCINet_Tree.SCINet_Tree_even.SCINet_Tree_odd.workingblock.interact.level.U.1.bias   |     12     |
|   fm.blocks1.SCINet_Tree.SCINet_Tree_even.SCINet_Tree_odd.workingblock.interact.level.U.4.weight  |    432     |
|    fm.blocks1.SCINet_Tree.SCINet_Tree_even.SCINet_Tree_odd.workingblock.interact.level.U.4.bias   |     12     |
| fm.blocks1.SCINet_Tree.SCINet_Tree_even.SCINet_Tree_even.workingblock.interact.level.phi.1.weight |    720     |
|  fm.blocks1.SCINet_Tree.SCINet_Tree_even.SCINet_Tree_even.workingblock.interact.level.phi.1.bias  |     12     |
| fm.blocks1.SCINet_Tree.SCINet_Tree_even.SCINet_Tree_even.workingblock.interact.level.phi.4.weight |    432     |
|  fm.blocks1.SCINet_Tree.SCINet_Tree_even.SCINet_Tree_even.workingblock.interact.level.phi.4.bias  |     12     |
| fm.blocks1.SCINet_Tree.SCINet_Tree_even.SCINet_Tree_even.workingblock.interact.level.psi.1.weight |    720     |
|  fm.blocks1.SCINet_Tree.SCINet_Tree_even.SCINet_Tree_even.workingblock.interact.level.psi.1.bias  |     12     |
| fm.blocks1.SCINet_Tree.SCINet_Tree_even.SCINet_Tree_even.workingblock.interact.level.psi.4.weight |    432     |
|  fm.blocks1.SCINet_Tree.SCINet_Tree_even.SCINet_Tree_even.workingblock.interact.level.psi.4.bias  |     12     |
|  fm.blocks1.SCINet_Tree.SCINet_Tree_even.SCINet_Tree_even.workingblock.interact.level.P.1.weight  |    720     |
|   fm.blocks1.SCINet_Tree.SCINet_Tree_even.SCINet_Tree_even.workingblock.interact.level.P.1.bias   |     12     |
|  fm.blocks1.SCINet_Tree.SCINet_Tree_even.SCINet_Tree_even.workingblock.interact.level.P.4.weight  |    432     |
|   fm.blocks1.SCINet_Tree.SCINet_Tree_even.SCINet_Tree_even.workingblock.interact.level.P.4.bias   |     12     |
|  fm.blocks1.SCINet_Tree.SCINet_Tree_even.SCINet_Tree_even.workingblock.interact.level.U.1.weight  |    720     |
|   fm.blocks1.SCINet_Tree.SCINet_Tree_even.SCINet_Tree_even.workingblock.interact.level.U.1.bias   |     12     |
|  fm.blocks1.SCINet_Tree.SCINet_Tree_even.SCINet_Tree_even.workingblock.interact.level.U.4.weight  |    432     |
|   fm.blocks1.SCINet_Tree.SCINet_Tree_even.SCINet_Tree_even.workingblock.interact.level.U.4.bias   |     12     |
|                                       fm.projection1.weight                                       |    9216    |
|                                              nm.gamma                                             |     12     |
|                                              nm.beta                                              |     12     |
+---------------------------------------------------------------------------------------------------+------------+
[2025-01-24 02:13:54] - Total Trainable Params: 42168
[2025-01-24 02:13:54] - model parameters: 42168
[2025-01-24 02:15:21] - Epoch: 1 cost time: 87.07550954818726
[2025-01-24 02:15:21] - Traininng loss : 0.6517116110351749
[2025-01-24 02:15:31] - vali_results: {'mae': 0.4563559293746948, 'mape': 2.7825262546539307, 'mse': 0.43858543038368225, 'rmse': 0.6622578501701355}
[2025-01-24 02:17:01] - Epoch: 2 cost time: 186.60333514213562
[2025-01-24 02:17:01] - Traininng loss : 0.3452065305490243
[2025-01-24 02:17:11] - vali_results: {'mae': 0.3965100944042206, 'mape': 2.4931094646453857, 'mse': 0.34624430537223816, 'rmse': 0.5884252786636353}
[2025-01-24 02:18:43] - Epoch: 3 cost time: 288.86392974853516
[2025-01-24 02:18:43] - Traininng loss : 0.3001130341027016
[2025-01-24 02:18:53] - vali_results: {'mae': 0.38524872064590454, 'mape': 2.4270236492156982, 'mse': 0.33018314838409424, 'rmse': 0.5746156573295593}
[2025-01-24 02:20:26] - Epoch: 4 cost time: 391.35979676246643
[2025-01-24 02:20:26] - Traininng loss : 0.28142117917313614
[2025-01-24 02:20:35] - vali_results: {'mae': 0.37429171800613403, 'mape': 2.324397563934326, 'mse': 0.31641989946365356, 'rmse': 0.5625121593475342}
[2025-01-24 02:22:11] - Epoch: 5 cost time: 496.3271327018738
[2025-01-24 02:22:11] - Traininng loss : 0.2707336383654659
[2025-01-24 02:22:21] - vali_results: {'mae': 0.3681192100048065, 'mape': 2.3979408740997314, 'mse': 0.3087649941444397, 'rmse': 0.5556662678718567}
[2025-01-24 02:23:54] - Epoch: 6 cost time: 599.8763041496277
[2025-01-24 02:23:54] - Traininng loss : 0.2643256534983341
[2025-01-24 02:24:04] - vali_results: {'mae': 0.36837029457092285, 'mape': 2.3380894660949707, 'mse': 0.30694228410720825, 'rmse': 0.5540237426757812}
[2025-01-24 02:25:36] - Epoch: 7 cost time: 701.6997127532959
[2025-01-24 02:25:36] - Traininng loss : 0.2591924290123739
[2025-01-24 02:25:46] - vali_results: {'mae': 0.35895663499832153, 'mape': 2.279757261276245, 'mse': 0.2991935610771179, 'rmse': 0.5469858646392822}
[2025-01-24 02:27:13] - Epoch: 8 cost time: 798.7475452423096
[2025-01-24 02:27:13] - Traininng loss : 0.2554819498407213
[2025-01-24 02:27:23] - vali_results: {'mae': 0.36738577485084534, 'mape': 2.3271498680114746, 'mse': 0.3059195876121521, 'rmse': 0.5530999898910522}
[2025-01-24 02:28:53] - Epoch: 9 cost time: 898.9970774650574
[2025-01-24 02:28:53] - Traininng loss : 0.2526249200217706
[2025-01-24 02:29:03] - vali_results: {'mae': 0.36505892872810364, 'mape': 2.287297010421753, 'mse': 0.30544185638427734, 'rmse': 0.5526679158210754}
[2025-01-24 02:30:36] - Epoch: 10 cost time: 1001.6694519519806
[2025-01-24 02:30:36] - Traininng loss : 0.2503936904377507
[2025-01-24 02:30:46] - vali_results: {'mae': 0.3603705167770386, 'mape': 2.3024115562438965, 'mse': 0.3011322021484375, 'rmse': 0.5487551093101501}
[2025-01-24 02:32:18] - Epoch: 11 cost time: 1103.2841427326202
[2025-01-24 02:32:18] - Traininng loss : 0.2485772376109783
[2025-01-24 02:32:27] - vali_results: {'mae': 0.3678984045982361, 'mape': 2.3299667835235596, 'mse': 0.307958722114563, 'rmse': 0.5549402832984924}
[2025-01-24 02:33:58] - Epoch: 12 cost time: 1203.756807565689
[2025-01-24 02:33:58] - Traininng loss : 0.24661596266174676
[2025-01-24 02:34:08] - vali_results: {'mae': 0.3581077754497528, 'mape': 2.3034796714782715, 'mse': 0.29650723934173584, 'rmse': 0.5445247888565063}
[2025-01-24 02:35:41] - Epoch: 13 cost time: 1306.3811347484589
[2025-01-24 02:35:41] - Traininng loss : 0.2450334514442243
[2025-01-24 02:35:51] - vali_results: {'mae': 0.3607223927974701, 'mape': 2.3174946308135986, 'mse': 0.30043667554855347, 'rmse': 0.5481210350990295}
[2025-01-24 02:37:23] - Epoch: 14 cost time: 1408.3266878128052
[2025-01-24 02:37:23] - Traininng loss : 0.24410958408861233
[2025-01-24 02:37:32] - vali_results: {'mae': 0.35818228125572205, 'mape': 2.277189254760742, 'mse': 0.2973349690437317, 'rmse': 0.5452843308448792}
[2025-01-24 02:39:32] - Epoch: 15 cost time: 1537.8222670555115
[2025-01-24 02:39:32] - Traininng loss : 0.24303598532775292
[2025-01-24 02:39:42] - vali_results: {'mae': 0.35902759432792664, 'mape': 2.2853381633758545, 'mse': 0.2990265190601349, 'rmse': 0.5468331575393677}
[2025-01-24 02:41:15] - Epoch: 16 cost time: 1640.7516741752625
[2025-01-24 02:41:15] - Traininng loss : 0.2413854051241301
[2025-01-24 02:41:25] - vali_results: {'mae': 0.35563722252845764, 'mape': 2.4029576778411865, 'mse': 0.29401999711990356, 'rmse': 0.5422360897064209}
[2025-01-24 02:42:58] - Epoch: 17 cost time: 1744.1933121681213
[2025-01-24 02:42:58] - Traininng loss : 0.24057486562576508
[2025-01-24 02:43:08] - vali_results: {'mae': 0.35735195875167847, 'mape': 2.337317705154419, 'mse': 0.2957405149936676, 'rmse': 0.543820321559906}
[2025-01-24 02:44:40] - Epoch: 18 cost time: 1846.251306772232
[2025-01-24 02:44:40] - Traininng loss : 0.24003333652153946
[2025-01-24 02:44:50] - vali_results: {'mae': 0.35681623220443726, 'mape': 2.368650436401367, 'mse': 0.29311466217041016, 'rmse': 0.541400671005249}
[2025-01-24 02:46:21] - Epoch: 19 cost time: 1946.566832780838
[2025-01-24 02:46:21] - Traininng loss : 0.23927384771798788
[2025-01-24 02:46:31] - vali_results: {'mae': 0.3533661663532257, 'mape': 2.2249791622161865, 'mse': 0.2917381227016449, 'rmse': 0.5401278734207153}
[2025-01-24 02:48:01] - Epoch: 20 cost time: 2047.2114040851593
[2025-01-24 02:48:01] - Traininng loss : 0.23785345129724733
[2025-01-24 02:48:11] - vali_results: {'mae': 0.35071542859077454, 'mape': 2.26057767868042, 'mse': 0.2897160053253174, 'rmse': 0.5382527112960815}
[2025-01-24 02:49:44] - Epoch: 21 cost time: 2149.7793321609497
[2025-01-24 02:49:44] - Traininng loss : 0.23766420399560068
[2025-01-24 02:49:54] - vali_results: {'mae': 0.35360878705978394, 'mape': 2.403834104537964, 'mse': 0.2911764681339264, 'rmse': 0.5396077036857605}
[2025-01-24 02:51:25] - Epoch: 22 cost time: 2251.039701461792
[2025-01-24 02:51:25] - Traininng loss : 0.23739175232953594
[2025-01-24 02:51:35] - vali_results: {'mae': 0.3593192994594574, 'mape': 2.3834829330444336, 'mse': 0.29877471923828125, 'rmse': 0.5466029047966003}
[2025-01-24 02:53:08] - Epoch: 23 cost time: 2354.133161306381
[2025-01-24 02:53:08] - Traininng loss : 0.2362968335586383
[2025-01-24 02:53:18] - vali_results: {'mae': 0.3513507843017578, 'mape': 2.2596139907836914, 'mse': 0.29143646359443665, 'rmse': 0.5398485660552979}
[2025-01-24 02:54:49] - Epoch: 24 cost time: 2454.9242005348206
[2025-01-24 02:54:49] - Traininng loss : 0.23563822502256337
[2025-01-24 02:54:59] - vali_results: {'mae': 0.35218703746795654, 'mape': 2.2694528102874756, 'mse': 0.2910480499267578, 'rmse': 0.539488673210144}
[2025-01-24 02:56:31] - Epoch: 25 cost time: 2556.9562826156616
[2025-01-24 02:56:31] - Traininng loss : 0.2350779877121287
[2025-01-24 02:56:41] - vali_results: {'mae': 0.36740031838417053, 'mape': 2.347433090209961, 'mse': 0.30635470151901245, 'rmse': 0.5534932017326355}
[2025-01-24 02:56:41] - loss no decreased for 5 epochs,  early stopping ....
[2025-01-24 02:56:46] - test_results: {'mae': 0.2956604063510895, 'mape': 2.244230270385742, 'mse': 0.19638413190841675, 'rmse': 0.4431524872779846}
