[2025-01-24 04:50:09] - run : 0 in seed: 3
[2025-01-24 04:50:09] - +---------------------------------------------------------------------------------------------------+------------+
|                                              Modules                                              | Parameters |
+---------------------------------------------------------------------------------------------------+------------+
|                  fm.blocks1.SCINet_Tree.workingblock.interact.level.phi.1.weight                  |    720     |
|                   fm.blocks1.SCINet_Tree.workingblock.interact.level.phi.1.bias                   |     12     |
|                  fm.blocks1.SCINet_Tree.workingblock.interact.level.phi.4.weight                  |    432     |
|                   fm.blocks1.SCINet_Tree.workingblock.interact.level.phi.4.bias                   |     12     |
|                  fm.blocks1.SCINet_Tree.workingblock.interact.level.psi.1.weight                  |    720     |
|                   fm.blocks1.SCINet_Tree.workingblock.interact.level.psi.1.bias                   |     12     |
|                  fm.blocks1.SCINet_Tree.workingblock.interact.level.psi.4.weight                  |    432     |
|                   fm.blocks1.SCINet_Tree.workingblock.interact.level.psi.4.bias                   |     12     |
|                   fm.blocks1.SCINet_Tree.workingblock.interact.level.P.1.weight                   |    720     |
|                    fm.blocks1.SCINet_Tree.workingblock.interact.level.P.1.bias                    |     12     |
|                   fm.blocks1.SCINet_Tree.workingblock.interact.level.P.4.weight                   |    432     |
|                    fm.blocks1.SCINet_Tree.workingblock.interact.level.P.4.bias                    |     12     |
|                   fm.blocks1.SCINet_Tree.workingblock.interact.level.U.1.weight                   |    720     |
|                    fm.blocks1.SCINet_Tree.workingblock.interact.level.U.1.bias                    |     12     |
|                   fm.blocks1.SCINet_Tree.workingblock.interact.level.U.4.weight                   |    432     |
|                    fm.blocks1.SCINet_Tree.workingblock.interact.level.U.4.bias                    |     12     |
|          fm.blocks1.SCINet_Tree.SCINet_Tree_odd.workingblock.interact.level.phi.1.weight          |    720     |
|           fm.blocks1.SCINet_Tree.SCINet_Tree_odd.workingblock.interact.level.phi.1.bias           |     12     |
|          fm.blocks1.SCINet_Tree.SCINet_Tree_odd.workingblock.interact.level.phi.4.weight          |    432     |
|           fm.blocks1.SCINet_Tree.SCINet_Tree_odd.workingblock.interact.level.phi.4.bias           |     12     |
|          fm.blocks1.SCINet_Tree.SCINet_Tree_odd.workingblock.interact.level.psi.1.weight          |    720     |
|           fm.blocks1.SCINet_Tree.SCINet_Tree_odd.workingblock.interact.level.psi.1.bias           |     12     |
|          fm.blocks1.SCINet_Tree.SCINet_Tree_odd.workingblock.interact.level.psi.4.weight          |    432     |
|           fm.blocks1.SCINet_Tree.SCINet_Tree_odd.workingblock.interact.level.psi.4.bias           |     12     |
|           fm.blocks1.SCINet_Tree.SCINet_Tree_odd.workingblock.interact.level.P.1.weight           |    720     |
|            fm.blocks1.SCINet_Tree.SCINet_Tree_odd.workingblock.interact.level.P.1.bias            |     12     |
|           fm.blocks1.SCINet_Tree.SCINet_Tree_odd.workingblock.interact.level.P.4.weight           |    432     |
|            fm.blocks1.SCINet_Tree.SCINet_Tree_odd.workingblock.interact.level.P.4.bias            |     12     |
|           fm.blocks1.SCINet_Tree.SCINet_Tree_odd.workingblock.interact.level.U.1.weight           |    720     |
|            fm.blocks1.SCINet_Tree.SCINet_Tree_odd.workingblock.interact.level.U.1.bias            |     12     |
|           fm.blocks1.SCINet_Tree.SCINet_Tree_odd.workingblock.interact.level.U.4.weight           |    432     |
|            fm.blocks1.SCINet_Tree.SCINet_Tree_odd.workingblock.interact.level.U.4.bias            |     12     |
|  fm.blocks1.SCINet_Tree.SCINet_Tree_odd.SCINet_Tree_odd.workingblock.interact.level.phi.1.weight  |    720     |
|   fm.blocks1.SCINet_Tree.SCINet_Tree_odd.SCINet_Tree_odd.workingblock.interact.level.phi.1.bias   |     12     |
|  fm.blocks1.SCINet_Tree.SCINet_Tree_odd.SCINet_Tree_odd.workingblock.interact.level.phi.4.weight  |    432     |
|   fm.blocks1.SCINet_Tree.SCINet_Tree_odd.SCINet_Tree_odd.workingblock.interact.level.phi.4.bias   |     12     |
|  fm.blocks1.SCINet_Tree.SCINet_Tree_odd.SCINet_Tree_odd.workingblock.interact.level.psi.1.weight  |    720     |
|   fm.blocks1.SCINet_Tree.SCINet_Tree_odd.SCINet_Tree_odd.workingblock.interact.level.psi.1.bias   |     12     |
|  fm.blocks1.SCINet_Tree.SCINet_Tree_odd.SCINet_Tree_odd.workingblock.interact.level.psi.4.weight  |    432     |
|   fm.blocks1.SCINet_Tree.SCINet_Tree_odd.SCINet_Tree_odd.workingblock.interact.level.psi.4.bias   |     12     |
|   fm.blocks1.SCINet_Tree.SCINet_Tree_odd.SCINet_Tree_odd.workingblock.interact.level.P.1.weight   |    720     |
|    fm.blocks1.SCINet_Tree.SCINet_Tree_odd.SCINet_Tree_odd.workingblock.interact.level.P.1.bias    |     12     |
|   fm.blocks1.SCINet_Tree.SCINet_Tree_odd.SCINet_Tree_odd.workingblock.interact.level.P.4.weight   |    432     |
|    fm.blocks1.SCINet_Tree.SCINet_Tree_odd.SCINet_Tree_odd.workingblock.interact.level.P.4.bias    |     12     |
|   fm.blocks1.SCINet_Tree.SCINet_Tree_odd.SCINet_Tree_odd.workingblock.interact.level.U.1.weight   |    720     |
|    fm.blocks1.SCINet_Tree.SCINet_Tree_odd.SCINet_Tree_odd.workingblock.interact.level.U.1.bias    |     12     |
|   fm.blocks1.SCINet_Tree.SCINet_Tree_odd.SCINet_Tree_odd.workingblock.interact.level.U.4.weight   |    432     |
|    fm.blocks1.SCINet_Tree.SCINet_Tree_odd.SCINet_Tree_odd.workingblock.interact.level.U.4.bias    |     12     |
|  fm.blocks1.SCINet_Tree.SCINet_Tree_odd.SCINet_Tree_even.workingblock.interact.level.phi.1.weight |    720     |
|   fm.blocks1.SCINet_Tree.SCINet_Tree_odd.SCINet_Tree_even.workingblock.interact.level.phi.1.bias  |     12     |
|  fm.blocks1.SCINet_Tree.SCINet_Tree_odd.SCINet_Tree_even.workingblock.interact.level.phi.4.weight |    432     |
|   fm.blocks1.SCINet_Tree.SCINet_Tree_odd.SCINet_Tree_even.workingblock.interact.level.phi.4.bias  |     12     |
|  fm.blocks1.SCINet_Tree.SCINet_Tree_odd.SCINet_Tree_even.workingblock.interact.level.psi.1.weight |    720     |
|   fm.blocks1.SCINet_Tree.SCINet_Tree_odd.SCINet_Tree_even.workingblock.interact.level.psi.1.bias  |     12     |
|  fm.blocks1.SCINet_Tree.SCINet_Tree_odd.SCINet_Tree_even.workingblock.interact.level.psi.4.weight |    432     |
|   fm.blocks1.SCINet_Tree.SCINet_Tree_odd.SCINet_Tree_even.workingblock.interact.level.psi.4.bias  |     12     |
|   fm.blocks1.SCINet_Tree.SCINet_Tree_odd.SCINet_Tree_even.workingblock.interact.level.P.1.weight  |    720     |
|    fm.blocks1.SCINet_Tree.SCINet_Tree_odd.SCINet_Tree_even.workingblock.interact.level.P.1.bias   |     12     |
|   fm.blocks1.SCINet_Tree.SCINet_Tree_odd.SCINet_Tree_even.workingblock.interact.level.P.4.weight  |    432     |
|    fm.blocks1.SCINet_Tree.SCINet_Tree_odd.SCINet_Tree_even.workingblock.interact.level.P.4.bias   |     12     |
|   fm.blocks1.SCINet_Tree.SCINet_Tree_odd.SCINet_Tree_even.workingblock.interact.level.U.1.weight  |    720     |
|    fm.blocks1.SCINet_Tree.SCINet_Tree_odd.SCINet_Tree_even.workingblock.interact.level.U.1.bias   |     12     |
|   fm.blocks1.SCINet_Tree.SCINet_Tree_odd.SCINet_Tree_even.workingblock.interact.level.U.4.weight  |    432     |
|    fm.blocks1.SCINet_Tree.SCINet_Tree_odd.SCINet_Tree_even.workingblock.interact.level.U.4.bias   |     12     |
|          fm.blocks1.SCINet_Tree.SCINet_Tree_even.workingblock.interact.level.phi.1.weight         |    720     |
|           fm.blocks1.SCINet_Tree.SCINet_Tree_even.workingblock.interact.level.phi.1.bias          |     12     |
|          fm.blocks1.SCINet_Tree.SCINet_Tree_even.workingblock.interact.level.phi.4.weight         |    432     |
|           fm.blocks1.SCINet_Tree.SCINet_Tree_even.workingblock.interact.level.phi.4.bias          |     12     |
|          fm.blocks1.SCINet_Tree.SCINet_Tree_even.workingblock.interact.level.psi.1.weight         |    720     |
|           fm.blocks1.SCINet_Tree.SCINet_Tree_even.workingblock.interact.level.psi.1.bias          |     12     |
|          fm.blocks1.SCINet_Tree.SCINet_Tree_even.workingblock.interact.level.psi.4.weight         |    432     |
|           fm.blocks1.SCINet_Tree.SCINet_Tree_even.workingblock.interact.level.psi.4.bias          |     12     |
|           fm.blocks1.SCINet_Tree.SCINet_Tree_even.workingblock.interact.level.P.1.weight          |    720     |
|            fm.blocks1.SCINet_Tree.SCINet_Tree_even.workingblock.interact.level.P.1.bias           |     12     |
|           fm.blocks1.SCINet_Tree.SCINet_Tree_even.workingblock.interact.level.P.4.weight          |    432     |
|            fm.blocks1.SCINet_Tree.SCINet_Tree_even.workingblock.interact.level.P.4.bias           |     12     |
|           fm.blocks1.SCINet_Tree.SCINet_Tree_even.workingblock.interact.level.U.1.weight          |    720     |
|            fm.blocks1.SCINet_Tree.SCINet_Tree_even.workingblock.interact.level.U.1.bias           |     12     |
|           fm.blocks1.SCINet_Tree.SCINet_Tree_even.workingblock.interact.level.U.4.weight          |    432     |
|            fm.blocks1.SCINet_Tree.SCINet_Tree_even.workingblock.interact.level.U.4.bias           |     12     |
|  fm.blocks1.SCINet_Tree.SCINet_Tree_even.SCINet_Tree_odd.workingblock.interact.level.phi.1.weight |    720     |
|   fm.blocks1.SCINet_Tree.SCINet_Tree_even.SCINet_Tree_odd.workingblock.interact.level.phi.1.bias  |     12     |
|  fm.blocks1.SCINet_Tree.SCINet_Tree_even.SCINet_Tree_odd.workingblock.interact.level.phi.4.weight |    432     |
|   fm.blocks1.SCINet_Tree.SCINet_Tree_even.SCINet_Tree_odd.workingblock.interact.level.phi.4.bias  |     12     |
|  fm.blocks1.SCINet_Tree.SCINet_Tree_even.SCINet_Tree_odd.workingblock.interact.level.psi.1.weight |    720     |
|   fm.blocks1.SCINet_Tree.SCINet_Tree_even.SCINet_Tree_odd.workingblock.interact.level.psi.1.bias  |     12     |
|  fm.blocks1.SCINet_Tree.SCINet_Tree_even.SCINet_Tree_odd.workingblock.interact.level.psi.4.weight |    432     |
|   fm.blocks1.SCINet_Tree.SCINet_Tree_even.SCINet_Tree_odd.workingblock.interact.level.psi.4.bias  |     12     |
|   fm.blocks1.SCINet_Tree.SCINet_Tree_even.SCINet_Tree_odd.workingblock.interact.level.P.1.weight  |    720     |
|    fm.blocks1.SCINet_Tree.SCINet_Tree_even.SCINet_Tree_odd.workingblock.interact.level.P.1.bias   |     12     |
|   fm.blocks1.SCINet_Tree.SCINet_Tree_even.SCINet_Tree_odd.workingblock.interact.level.P.4.weight  |    432     |
|    fm.blocks1.SCINet_Tree.SCINet_Tree_even.SCINet_Tree_odd.workingblock.interact.level.P.4.bias   |     12     |
|   fm.blocks1.SCINet_Tree.SCINet_Tree_even.SCINet_Tree_odd.workingblock.interact.level.U.1.weight  |    720     |
|    fm.blocks1.SCINet_Tree.SCINet_Tree_even.SCINet_Tree_odd.workingblock.interact.level.U.1.bias   |     12     |
|   fm.blocks1.SCINet_Tree.SCINet_Tree_even.SCINet_Tree_odd.workingblock.interact.level.U.4.weight  |    432     |
|    fm.blocks1.SCINet_Tree.SCINet_Tree_even.SCINet_Tree_odd.workingblock.interact.level.U.4.bias   |     12     |
| fm.blocks1.SCINet_Tree.SCINet_Tree_even.SCINet_Tree_even.workingblock.interact.level.phi.1.weight |    720     |
|  fm.blocks1.SCINet_Tree.SCINet_Tree_even.SCINet_Tree_even.workingblock.interact.level.phi.1.bias  |     12     |
| fm.blocks1.SCINet_Tree.SCINet_Tree_even.SCINet_Tree_even.workingblock.interact.level.phi.4.weight |    432     |
|  fm.blocks1.SCINet_Tree.SCINet_Tree_even.SCINet_Tree_even.workingblock.interact.level.phi.4.bias  |     12     |
| fm.blocks1.SCINet_Tree.SCINet_Tree_even.SCINet_Tree_even.workingblock.interact.level.psi.1.weight |    720     |
|  fm.blocks1.SCINet_Tree.SCINet_Tree_even.SCINet_Tree_even.workingblock.interact.level.psi.1.bias  |     12     |
| fm.blocks1.SCINet_Tree.SCINet_Tree_even.SCINet_Tree_even.workingblock.interact.level.psi.4.weight |    432     |
|  fm.blocks1.SCINet_Tree.SCINet_Tree_even.SCINet_Tree_even.workingblock.interact.level.psi.4.bias  |     12     |
|  fm.blocks1.SCINet_Tree.SCINet_Tree_even.SCINet_Tree_even.workingblock.interact.level.P.1.weight  |    720     |
|   fm.blocks1.SCINet_Tree.SCINet_Tree_even.SCINet_Tree_even.workingblock.interact.level.P.1.bias   |     12     |
|  fm.blocks1.SCINet_Tree.SCINet_Tree_even.SCINet_Tree_even.workingblock.interact.level.P.4.weight  |    432     |
|   fm.blocks1.SCINet_Tree.SCINet_Tree_even.SCINet_Tree_even.workingblock.interact.level.P.4.bias   |     12     |
|  fm.blocks1.SCINet_Tree.SCINet_Tree_even.SCINet_Tree_even.workingblock.interact.level.U.1.weight  |    720     |
|   fm.blocks1.SCINet_Tree.SCINet_Tree_even.SCINet_Tree_even.workingblock.interact.level.U.1.bias   |     12     |
|  fm.blocks1.SCINet_Tree.SCINet_Tree_even.SCINet_Tree_even.workingblock.interact.level.U.4.weight  |    432     |
|   fm.blocks1.SCINet_Tree.SCINet_Tree_even.SCINet_Tree_even.workingblock.interact.level.U.4.bias   |     12     |
|                                       fm.projection1.weight                                       |    9216    |
|                                             nm.weight                                             |     96     |
|                                              nm.bias                                              |     96     |
+---------------------------------------------------------------------------------------------------+------------+
[2025-01-24 04:50:09] - Total Trainable Params: 42336
[2025-01-24 04:50:09] - model parameters: 42336
[2025-01-24 04:51:37] - Epoch: 1 cost time: 88.25433588027954
[2025-01-24 04:51:37] - Traininng loss : 0.7325488510660659
[2025-01-24 04:51:46] - vali_results: {'mae': 0.8045535087585449, 'mape': 1.7784792184829712, 'mse': 0.9926440119743347, 'rmse': 0.9963152408599854}
[2025-01-24 04:53:14] - Epoch: 2 cost time: 185.69789290428162
[2025-01-24 04:53:14] - Traininng loss : 0.35236354865749975
[2025-01-24 04:53:24] - vali_results: {'mae': 0.820696234703064, 'mape': 1.3521908521652222, 'mse': 0.9976032376289368, 'rmse': 0.9988008737564087}
[2025-01-24 04:54:53] - Epoch: 3 cost time: 284.57281279563904
[2025-01-24 04:54:53] - Traininng loss : 0.2951062931714201
[2025-01-24 04:55:03] - vali_results: {'mae': 0.8139287233352661, 'mape': 1.253173589706421, 'mse': 0.9782218337059021, 'rmse': 0.9890509843826294}
[2025-01-24 04:56:31] - Epoch: 4 cost time: 382.59558367729187
[2025-01-24 04:56:31] - Traininng loss : 0.27075373064306446
[2025-01-24 04:56:41] - vali_results: {'mae': 0.8065313100814819, 'mape': 1.2046985626220703, 'mse': 0.9636483192443848, 'rmse': 0.9816558957099915}
[2025-01-24 04:59:57] - Epoch: 5 cost time: 588.6352832317352
[2025-01-24 04:59:57] - Traininng loss : 0.26147797933422534
[2025-01-24 05:00:07] - vali_results: {'mae': 0.7994642853736877, 'mape': 1.2841796875, 'mse': 0.9475143551826477, 'rmse': 0.9734035134315491}
[2025-01-24 05:03:54] - Epoch: 6 cost time: 824.9040491580963
[2025-01-24 05:03:54] - Traininng loss : 0.2563401007562652
[2025-01-24 05:04:03] - vali_results: {'mae': 0.7978420257568359, 'mape': 1.303896427154541, 'mse': 0.9447653293609619, 'rmse': 0.9719904065132141}
[2025-01-24 05:05:36] - Epoch: 7 cost time: 927.4641282558441
[2025-01-24 05:05:36] - Traininng loss : 0.2518978162927735
[2025-01-24 05:05:46] - vali_results: {'mae': 0.7945387363433838, 'mape': 1.2896034717559814, 'mse': 0.937141478061676, 'rmse': 0.9680606722831726}
[2025-01-24 05:07:15] - Epoch: 8 cost time: 1025.973295211792
[2025-01-24 05:07:15] - Traininng loss : 0.24875173125051914
[2025-01-24 05:07:24] - vali_results: {'mae': 0.7925577163696289, 'mape': 1.3261979818344116, 'mse': 0.9323716759681702, 'rmse': 0.9655939340591431}
[2025-01-24 05:08:55] - Epoch: 9 cost time: 1126.0288655757904
[2025-01-24 05:08:55] - Traininng loss : 0.24565679573250893
[2025-01-24 05:09:05] - vali_results: {'mae': 0.7905429005622864, 'mape': 1.3376864194869995, 'mse': 0.9281408190727234, 'rmse': 0.963400661945343}
[2025-01-24 05:10:36] - Epoch: 10 cost time: 1227.0864698886871
[2025-01-24 05:10:36] - Traininng loss : 0.24376110510718554
[2025-01-24 05:10:46] - vali_results: {'mae': 0.7904330492019653, 'mape': 1.3243590593338013, 'mse': 0.9281370639801025, 'rmse': 0.9633986949920654}
[2025-01-24 05:12:15] - Epoch: 11 cost time: 1326.535472869873
[2025-01-24 05:12:15] - Traininng loss : 0.2418966042592113
[2025-01-24 05:12:25] - vali_results: {'mae': 0.7895651459693909, 'mape': 1.3016194105148315, 'mse': 0.9267920255661011, 'rmse': 0.962700366973877}
[2025-01-24 05:13:58] - Epoch: 12 cost time: 1429.2289156913757
[2025-01-24 05:13:58] - Traininng loss : 0.23999339669270622
[2025-01-24 05:14:08] - vali_results: {'mae': 0.78898686170578, 'mape': 1.2983431816101074, 'mse': 0.9258787035942078, 'rmse': 0.9622259140014648}
[2025-01-24 05:15:41] - Epoch: 13 cost time: 1531.7462043762207
[2025-01-24 05:15:41] - Traininng loss : 0.23727692906793796
[2025-01-24 05:15:50] - vali_results: {'mae': 0.7923060059547424, 'mape': 1.3260422945022583, 'mse': 0.9300673007965088, 'rmse': 0.9643999934196472}
[2025-01-24 05:17:17] - Epoch: 14 cost time: 1628.401422739029
[2025-01-24 05:17:17] - Traininng loss : 0.23648532255923838
[2025-01-24 05:17:27] - vali_results: {'mae': 0.7902033925056458, 'mape': 1.2996777296066284, 'mse': 0.9272733330726624, 'rmse': 0.9629503488540649}
[2025-01-24 05:20:06] - Epoch: 15 cost time: 1796.962872505188
[2025-01-24 05:20:06] - Traininng loss : 0.23562757252974617
[2025-01-24 05:20:15] - vali_results: {'mae': 0.7894494533538818, 'mape': 1.2815003395080566, 'mse': 0.9252766966819763, 'rmse': 0.9619130492210388}
[2025-01-24 05:24:02] - Epoch: 16 cost time: 2033.528792142868
[2025-01-24 05:24:02] - Traininng loss : 0.23328293394997604
[2025-01-24 05:24:12] - vali_results: {'mae': 0.7902377247810364, 'mape': 1.2824840545654297, 'mse': 0.9262369275093079, 'rmse': 0.9624120593070984}
[2025-01-24 05:27:59] - Epoch: 17 cost time: 2270.2120661735535
[2025-01-24 05:27:59] - Traininng loss : 0.23260894089489054
[2025-01-24 05:28:08] - vali_results: {'mae': 0.794170081615448, 'mape': 1.2721798419952393, 'mse': 0.9347740411758423, 'rmse': 0.9668371081352234}
[2025-01-24 05:31:56] - Epoch: 18 cost time: 2506.758312225342
[2025-01-24 05:31:56] - Traininng loss : 0.23154573777788565
[2025-01-24 05:32:05] - vali_results: {'mae': 0.7932918071746826, 'mape': 1.2987463474273682, 'mse': 0.9322493076324463, 'rmse': 0.9655305743217468}
[2025-01-24 05:35:52] - Epoch: 19 cost time: 2743.265640974045
[2025-01-24 05:35:52] - Traininng loss : 0.2309097477479985
[2025-01-24 05:36:01] - vali_results: {'mae': 0.7959538102149963, 'mape': 1.3211369514465332, 'mse': 0.9379480481147766, 'rmse': 0.968477189540863}
[2025-01-24 05:38:07] - Epoch: 20 cost time: 2878.507735490799
[2025-01-24 05:38:07] - Traininng loss : 0.22909978948589554
[2025-01-24 05:38:17] - vali_results: {'mae': 0.7972797751426697, 'mape': 1.3015066385269165, 'mse': 0.9408777356147766, 'rmse': 0.9699885249137878}
[2025-01-24 05:38:17] - loss no decreased for 5 epochs,  early stopping ....
[2025-01-24 05:38:22] - test_results: {'mae': 0.7147275805473328, 'mape': 1.2965704202651978, 'mse': 0.7093954682350159, 'rmse': 0.8422561883926392}
