[2025-01-31 08:12:05] - run : 0 in seed: 3
[2025-01-31 08:12:05] - +---------------------------------------------------------------------------------------------------+------------+
|                                              Modules                                              | Parameters |
+---------------------------------------------------------------------------------------------------+------------+
|                  fm.blocks1.SCINet_Tree.workingblock.interact.level.phi.1.weight                  |   515205   |
|                   fm.blocks1.SCINet_Tree.workingblock.interact.level.phi.1.bias                   |    321     |
|                  fm.blocks1.SCINet_Tree.workingblock.interact.level.phi.4.weight                  |   309123   |
|                   fm.blocks1.SCINet_Tree.workingblock.interact.level.phi.4.bias                   |    321     |
|                  fm.blocks1.SCINet_Tree.workingblock.interact.level.psi.1.weight                  |   515205   |
|                   fm.blocks1.SCINet_Tree.workingblock.interact.level.psi.1.bias                   |    321     |
|                  fm.blocks1.SCINet_Tree.workingblock.interact.level.psi.4.weight                  |   309123   |
|                   fm.blocks1.SCINet_Tree.workingblock.interact.level.psi.4.bias                   |    321     |
|                   fm.blocks1.SCINet_Tree.workingblock.interact.level.P.1.weight                   |   515205   |
|                    fm.blocks1.SCINet_Tree.workingblock.interact.level.P.1.bias                    |    321     |
|                   fm.blocks1.SCINet_Tree.workingblock.interact.level.P.4.weight                   |   309123   |
|                    fm.blocks1.SCINet_Tree.workingblock.interact.level.P.4.bias                    |    321     |
|                   fm.blocks1.SCINet_Tree.workingblock.interact.level.U.1.weight                   |   515205   |
|                    fm.blocks1.SCINet_Tree.workingblock.interact.level.U.1.bias                    |    321     |
|                   fm.blocks1.SCINet_Tree.workingblock.interact.level.U.4.weight                   |   309123   |
|                    fm.blocks1.SCINet_Tree.workingblock.interact.level.U.4.bias                    |    321     |
|          fm.blocks1.SCINet_Tree.SCINet_Tree_odd.workingblock.interact.level.phi.1.weight          |   515205   |
|           fm.blocks1.SCINet_Tree.SCINet_Tree_odd.workingblock.interact.level.phi.1.bias           |    321     |
|          fm.blocks1.SCINet_Tree.SCINet_Tree_odd.workingblock.interact.level.phi.4.weight          |   309123   |
|           fm.blocks1.SCINet_Tree.SCINet_Tree_odd.workingblock.interact.level.phi.4.bias           |    321     |
|          fm.blocks1.SCINet_Tree.SCINet_Tree_odd.workingblock.interact.level.psi.1.weight          |   515205   |
|           fm.blocks1.SCINet_Tree.SCINet_Tree_odd.workingblock.interact.level.psi.1.bias           |    321     |
|          fm.blocks1.SCINet_Tree.SCINet_Tree_odd.workingblock.interact.level.psi.4.weight          |   309123   |
|           fm.blocks1.SCINet_Tree.SCINet_Tree_odd.workingblock.interact.level.psi.4.bias           |    321     |
|           fm.blocks1.SCINet_Tree.SCINet_Tree_odd.workingblock.interact.level.P.1.weight           |   515205   |
|            fm.blocks1.SCINet_Tree.SCINet_Tree_odd.workingblock.interact.level.P.1.bias            |    321     |
|           fm.blocks1.SCINet_Tree.SCINet_Tree_odd.workingblock.interact.level.P.4.weight           |   309123   |
|            fm.blocks1.SCINet_Tree.SCINet_Tree_odd.workingblock.interact.level.P.4.bias            |    321     |
|           fm.blocks1.SCINet_Tree.SCINet_Tree_odd.workingblock.interact.level.U.1.weight           |   515205   |
|            fm.blocks1.SCINet_Tree.SCINet_Tree_odd.workingblock.interact.level.U.1.bias            |    321     |
|           fm.blocks1.SCINet_Tree.SCINet_Tree_odd.workingblock.interact.level.U.4.weight           |   309123   |
|            fm.blocks1.SCINet_Tree.SCINet_Tree_odd.workingblock.interact.level.U.4.bias            |    321     |
|  fm.blocks1.SCINet_Tree.SCINet_Tree_odd.SCINet_Tree_odd.workingblock.interact.level.phi.1.weight  |   515205   |
|   fm.blocks1.SCINet_Tree.SCINet_Tree_odd.SCINet_Tree_odd.workingblock.interact.level.phi.1.bias   |    321     |
|  fm.blocks1.SCINet_Tree.SCINet_Tree_odd.SCINet_Tree_odd.workingblock.interact.level.phi.4.weight  |   309123   |
|   fm.blocks1.SCINet_Tree.SCINet_Tree_odd.SCINet_Tree_odd.workingblock.interact.level.phi.4.bias   |    321     |
|  fm.blocks1.SCINet_Tree.SCINet_Tree_odd.SCINet_Tree_odd.workingblock.interact.level.psi.1.weight  |   515205   |
|   fm.blocks1.SCINet_Tree.SCINet_Tree_odd.SCINet_Tree_odd.workingblock.interact.level.psi.1.bias   |    321     |
|  fm.blocks1.SCINet_Tree.SCINet_Tree_odd.SCINet_Tree_odd.workingblock.interact.level.psi.4.weight  |   309123   |
|   fm.blocks1.SCINet_Tree.SCINet_Tree_odd.SCINet_Tree_odd.workingblock.interact.level.psi.4.bias   |    321     |
|   fm.blocks1.SCINet_Tree.SCINet_Tree_odd.SCINet_Tree_odd.workingblock.interact.level.P.1.weight   |   515205   |
|    fm.blocks1.SCINet_Tree.SCINet_Tree_odd.SCINet_Tree_odd.workingblock.interact.level.P.1.bias    |    321     |
|   fm.blocks1.SCINet_Tree.SCINet_Tree_odd.SCINet_Tree_odd.workingblock.interact.level.P.4.weight   |   309123   |
|    fm.blocks1.SCINet_Tree.SCINet_Tree_odd.SCINet_Tree_odd.workingblock.interact.level.P.4.bias    |    321     |
|   fm.blocks1.SCINet_Tree.SCINet_Tree_odd.SCINet_Tree_odd.workingblock.interact.level.U.1.weight   |   515205   |
|    fm.blocks1.SCINet_Tree.SCINet_Tree_odd.SCINet_Tree_odd.workingblock.interact.level.U.1.bias    |    321     |
|   fm.blocks1.SCINet_Tree.SCINet_Tree_odd.SCINet_Tree_odd.workingblock.interact.level.U.4.weight   |   309123   |
|    fm.blocks1.SCINet_Tree.SCINet_Tree_odd.SCINet_Tree_odd.workingblock.interact.level.U.4.bias    |    321     |
|  fm.blocks1.SCINet_Tree.SCINet_Tree_odd.SCINet_Tree_even.workingblock.interact.level.phi.1.weight |   515205   |
|   fm.blocks1.SCINet_Tree.SCINet_Tree_odd.SCINet_Tree_even.workingblock.interact.level.phi.1.bias  |    321     |
|  fm.blocks1.SCINet_Tree.SCINet_Tree_odd.SCINet_Tree_even.workingblock.interact.level.phi.4.weight |   309123   |
|   fm.blocks1.SCINet_Tree.SCINet_Tree_odd.SCINet_Tree_even.workingblock.interact.level.phi.4.bias  |    321     |
|  fm.blocks1.SCINet_Tree.SCINet_Tree_odd.SCINet_Tree_even.workingblock.interact.level.psi.1.weight |   515205   |
|   fm.blocks1.SCINet_Tree.SCINet_Tree_odd.SCINet_Tree_even.workingblock.interact.level.psi.1.bias  |    321     |
|  fm.blocks1.SCINet_Tree.SCINet_Tree_odd.SCINet_Tree_even.workingblock.interact.level.psi.4.weight |   309123   |
|   fm.blocks1.SCINet_Tree.SCINet_Tree_odd.SCINet_Tree_even.workingblock.interact.level.psi.4.bias  |    321     |
|   fm.blocks1.SCINet_Tree.SCINet_Tree_odd.SCINet_Tree_even.workingblock.interact.level.P.1.weight  |   515205   |
|    fm.blocks1.SCINet_Tree.SCINet_Tree_odd.SCINet_Tree_even.workingblock.interact.level.P.1.bias   |    321     |
|   fm.blocks1.SCINet_Tree.SCINet_Tree_odd.SCINet_Tree_even.workingblock.interact.level.P.4.weight  |   309123   |
|    fm.blocks1.SCINet_Tree.SCINet_Tree_odd.SCINet_Tree_even.workingblock.interact.level.P.4.bias   |    321     |
|   fm.blocks1.SCINet_Tree.SCINet_Tree_odd.SCINet_Tree_even.workingblock.interact.level.U.1.weight  |   515205   |
|    fm.blocks1.SCINet_Tree.SCINet_Tree_odd.SCINet_Tree_even.workingblock.interact.level.U.1.bias   |    321     |
|   fm.blocks1.SCINet_Tree.SCINet_Tree_odd.SCINet_Tree_even.workingblock.interact.level.U.4.weight  |   309123   |
|    fm.blocks1.SCINet_Tree.SCINet_Tree_odd.SCINet_Tree_even.workingblock.interact.level.U.4.bias   |    321     |
|          fm.blocks1.SCINet_Tree.SCINet_Tree_even.workingblock.interact.level.phi.1.weight         |   515205   |
|           fm.blocks1.SCINet_Tree.SCINet_Tree_even.workingblock.interact.level.phi.1.bias          |    321     |
|          fm.blocks1.SCINet_Tree.SCINet_Tree_even.workingblock.interact.level.phi.4.weight         |   309123   |
|           fm.blocks1.SCINet_Tree.SCINet_Tree_even.workingblock.interact.level.phi.4.bias          |    321     |
|          fm.blocks1.SCINet_Tree.SCINet_Tree_even.workingblock.interact.level.psi.1.weight         |   515205   |
|           fm.blocks1.SCINet_Tree.SCINet_Tree_even.workingblock.interact.level.psi.1.bias          |    321     |
|          fm.blocks1.SCINet_Tree.SCINet_Tree_even.workingblock.interact.level.psi.4.weight         |   309123   |
|           fm.blocks1.SCINet_Tree.SCINet_Tree_even.workingblock.interact.level.psi.4.bias          |    321     |
|           fm.blocks1.SCINet_Tree.SCINet_Tree_even.workingblock.interact.level.P.1.weight          |   515205   |
|            fm.blocks1.SCINet_Tree.SCINet_Tree_even.workingblock.interact.level.P.1.bias           |    321     |
|           fm.blocks1.SCINet_Tree.SCINet_Tree_even.workingblock.interact.level.P.4.weight          |   309123   |
|            fm.blocks1.SCINet_Tree.SCINet_Tree_even.workingblock.interact.level.P.4.bias           |    321     |
|           fm.blocks1.SCINet_Tree.SCINet_Tree_even.workingblock.interact.level.U.1.weight          |   515205   |
|            fm.blocks1.SCINet_Tree.SCINet_Tree_even.workingblock.interact.level.U.1.bias           |    321     |
|           fm.blocks1.SCINet_Tree.SCINet_Tree_even.workingblock.interact.level.U.4.weight          |   309123   |
|            fm.blocks1.SCINet_Tree.SCINet_Tree_even.workingblock.interact.level.U.4.bias           |    321     |
|  fm.blocks1.SCINet_Tree.SCINet_Tree_even.SCINet_Tree_odd.workingblock.interact.level.phi.1.weight |   515205   |
|   fm.blocks1.SCINet_Tree.SCINet_Tree_even.SCINet_Tree_odd.workingblock.interact.level.phi.1.bias  |    321     |
|  fm.blocks1.SCINet_Tree.SCINet_Tree_even.SCINet_Tree_odd.workingblock.interact.level.phi.4.weight |   309123   |
|   fm.blocks1.SCINet_Tree.SCINet_Tree_even.SCINet_Tree_odd.workingblock.interact.level.phi.4.bias  |    321     |
|  fm.blocks1.SCINet_Tree.SCINet_Tree_even.SCINet_Tree_odd.workingblock.interact.level.psi.1.weight |   515205   |
|   fm.blocks1.SCINet_Tree.SCINet_Tree_even.SCINet_Tree_odd.workingblock.interact.level.psi.1.bias  |    321     |
|  fm.blocks1.SCINet_Tree.SCINet_Tree_even.SCINet_Tree_odd.workingblock.interact.level.psi.4.weight |   309123   |
|   fm.blocks1.SCINet_Tree.SCINet_Tree_even.SCINet_Tree_odd.workingblock.interact.level.psi.4.bias  |    321     |
|   fm.blocks1.SCINet_Tree.SCINet_Tree_even.SCINet_Tree_odd.workingblock.interact.level.P.1.weight  |   515205   |
|    fm.blocks1.SCINet_Tree.SCINet_Tree_even.SCINet_Tree_odd.workingblock.interact.level.P.1.bias   |    321     |
|   fm.blocks1.SCINet_Tree.SCINet_Tree_even.SCINet_Tree_odd.workingblock.interact.level.P.4.weight  |   309123   |
|    fm.blocks1.SCINet_Tree.SCINet_Tree_even.SCINet_Tree_odd.workingblock.interact.level.P.4.bias   |    321     |
|   fm.blocks1.SCINet_Tree.SCINet_Tree_even.SCINet_Tree_odd.workingblock.interact.level.U.1.weight  |   515205   |
|    fm.blocks1.SCINet_Tree.SCINet_Tree_even.SCINet_Tree_odd.workingblock.interact.level.U.1.bias   |    321     |
|   fm.blocks1.SCINet_Tree.SCINet_Tree_even.SCINet_Tree_odd.workingblock.interact.level.U.4.weight  |   309123   |
|    fm.blocks1.SCINet_Tree.SCINet_Tree_even.SCINet_Tree_odd.workingblock.interact.level.U.4.bias   |    321     |
| fm.blocks1.SCINet_Tree.SCINet_Tree_even.SCINet_Tree_even.workingblock.interact.level.phi.1.weight |   515205   |
|  fm.blocks1.SCINet_Tree.SCINet_Tree_even.SCINet_Tree_even.workingblock.interact.level.phi.1.bias  |    321     |
| fm.blocks1.SCINet_Tree.SCINet_Tree_even.SCINet_Tree_even.workingblock.interact.level.phi.4.weight |   309123   |
|  fm.blocks1.SCINet_Tree.SCINet_Tree_even.SCINet_Tree_even.workingblock.interact.level.phi.4.bias  |    321     |
| fm.blocks1.SCINet_Tree.SCINet_Tree_even.SCINet_Tree_even.workingblock.interact.level.psi.1.weight |   515205   |
|  fm.blocks1.SCINet_Tree.SCINet_Tree_even.SCINet_Tree_even.workingblock.interact.level.psi.1.bias  |    321     |
| fm.blocks1.SCINet_Tree.SCINet_Tree_even.SCINet_Tree_even.workingblock.interact.level.psi.4.weight |   309123   |
|  fm.blocks1.SCINet_Tree.SCINet_Tree_even.SCINet_Tree_even.workingblock.interact.level.psi.4.bias  |    321     |
|  fm.blocks1.SCINet_Tree.SCINet_Tree_even.SCINet_Tree_even.workingblock.interact.level.P.1.weight  |   515205   |
|   fm.blocks1.SCINet_Tree.SCINet_Tree_even.SCINet_Tree_even.workingblock.interact.level.P.1.bias   |    321     |
|  fm.blocks1.SCINet_Tree.SCINet_Tree_even.SCINet_Tree_even.workingblock.interact.level.P.4.weight  |   309123   |
|   fm.blocks1.SCINet_Tree.SCINet_Tree_even.SCINet_Tree_even.workingblock.interact.level.P.4.bias   |    321     |
|  fm.blocks1.SCINet_Tree.SCINet_Tree_even.SCINet_Tree_even.workingblock.interact.level.U.1.weight  |   515205   |
|   fm.blocks1.SCINet_Tree.SCINet_Tree_even.SCINet_Tree_even.workingblock.interact.level.U.1.bias   |    321     |
|  fm.blocks1.SCINet_Tree.SCINet_Tree_even.SCINet_Tree_even.workingblock.interact.level.U.4.weight  |   309123   |
|   fm.blocks1.SCINet_Tree.SCINet_Tree_even.SCINet_Tree_even.workingblock.interact.level.U.4.bias   |    321     |
|                                       fm.projection1.weight                                       |   32256    |
|                                              nm.gamma                                             |    321     |
|                                              nm.beta                                              |    321     |
+---------------------------------------------------------------------------------------------------+------------+
[2025-01-31 08:12:05] - Total Trainable Params: 23132058
[2025-01-31 08:12:05] - model parameters: 23132058
[2025-01-31 08:13:08] - Epoch: 1 cost time: 62.36196994781494
[2025-01-31 08:13:08] - Traininng loss : 0.3804834980080136
[2025-01-31 08:13:15] - vali_results: {'mae': 0.33375537395477295, 'mape': 3.0448789596557617, 'mse': 0.23775219917297363, 'rmse': 0.48759838938713074}
[2025-01-31 08:14:18] - Epoch: 2 cost time: 132.70096135139465
[2025-01-31 08:14:18] - Traininng loss : 0.23166614662179744
[2025-01-31 08:14:26] - vali_results: {'mae': 0.299775093793869, 'mape': 2.7323808670043945, 'mse': 0.20255155861377716, 'rmse': 0.4500572979450226}
[2025-01-31 08:15:30] - Epoch: 3 cost time: 204.2056667804718
[2025-01-31 08:15:30] - Traininng loss : 0.20996812680650012
[2025-01-31 08:15:38] - vali_results: {'mae': 0.2861241102218628, 'mape': 2.5704824924468994, 'mse': 0.1901828795671463, 'rmse': 0.4360996186733246}
[2025-01-31 08:16:42] - Epoch: 4 cost time: 276.2627823352814
[2025-01-31 08:16:42] - Traininng loss : 0.19435850342609703
[2025-01-31 08:16:50] - vali_results: {'mae': 0.29313042759895325, 'mape': 2.7977707386016846, 'mse': 0.1944764405488968, 'rmse': 0.44099482893943787}
[2025-01-31 08:17:53] - Epoch: 5 cost time: 347.3816978931427
[2025-01-31 08:17:53] - Traininng loss : 0.17708549224290984
[2025-01-31 08:18:00] - vali_results: {'mae': 0.28189322352409363, 'mape': 2.5952844619750977, 'mse': 0.18312029540538788, 'rmse': 0.42792558670043945}
[2025-01-31 08:19:05] - Epoch: 6 cost time: 419.1454510688782
[2025-01-31 08:19:05] - Traininng loss : 0.16812283662396393
[2025-01-31 08:19:12] - vali_results: {'mae': 0.2841358184814453, 'mape': 2.6953697204589844, 'mse': 0.18544349074363708, 'rmse': 0.43063148856163025}
[2025-01-31 08:20:17] - Epoch: 7 cost time: 491.2698001861572
[2025-01-31 08:20:17] - Traininng loss : 0.16327375226597768
[2025-01-31 08:20:24] - vali_results: {'mae': 0.27957791090011597, 'mape': 2.5956666469573975, 'mse': 0.1807022988796234, 'rmse': 0.4250909388065338}
[2025-01-31 08:21:28] - Epoch: 8 cost time: 562.1501171588898
[2025-01-31 08:21:28] - Traininng loss : 0.16042379268653875
[2025-01-31 08:21:35] - vali_results: {'mae': 0.2794102430343628, 'mape': 2.55435848236084, 'mse': 0.17871925234794617, 'rmse': 0.4227519929409027}
[2025-01-31 08:22:39] - Epoch: 9 cost time: 633.5482001304626
[2025-01-31 08:22:39] - Traininng loss : 0.15822707312811313
[2025-01-31 08:22:47] - vali_results: {'mae': 0.2833114266395569, 'mape': 2.6270053386688232, 'mse': 0.18286265432834625, 'rmse': 0.4276244342327118}
[2025-01-31 08:23:50] - Epoch: 10 cost time: 705.0771210193634
[2025-01-31 08:23:50] - Traininng loss : 0.1566006475230977
[2025-01-31 08:23:58] - vali_results: {'mae': 0.2834492325782776, 'mape': 2.66342830657959, 'mse': 0.1836937665939331, 'rmse': 0.42859509587287903}
[2025-01-31 08:25:02] - Epoch: 11 cost time: 776.3934774398804
[2025-01-31 08:25:02] - Traininng loss : 0.1551990023817456
[2025-01-31 08:25:09] - vali_results: {'mae': 0.2848874032497406, 'mape': 2.675835132598877, 'mse': 0.18609759211540222, 'rmse': 0.43139031529426575}
[2025-01-31 08:26:14] - Epoch: 12 cost time: 848.219654083252
[2025-01-31 08:26:14] - Traininng loss : 0.1540310726736364
[2025-01-31 08:26:21] - vali_results: {'mae': 0.27864018082618713, 'mape': 2.469395637512207, 'mse': 0.17866824567317963, 'rmse': 0.42269167304039}
[2025-01-31 08:27:27] - Epoch: 13 cost time: 921.5021271705627
[2025-01-31 08:27:27] - Traininng loss : 0.15311834881632352
[2025-01-31 08:27:34] - vali_results: {'mae': 0.28221309185028076, 'mape': 2.6687674522399902, 'mse': 0.18239712715148926, 'rmse': 0.4270797669887543}
[2025-01-31 08:28:38] - Epoch: 14 cost time: 992.4804744720459
[2025-01-31 08:28:38] - Traininng loss : 0.15229954689847192
[2025-01-31 08:28:46] - vali_results: {'mae': 0.28075075149536133, 'mape': 2.558293581008911, 'mse': 0.1802440881729126, 'rmse': 0.4245516359806061}
[2025-01-31 08:29:50] - Epoch: 15 cost time: 1064.5381186008453
[2025-01-31 08:29:50] - Traininng loss : 0.15162234665872362
[2025-01-31 08:29:58] - vali_results: {'mae': 0.2798520624637604, 'mape': 2.6080985069274902, 'mse': 0.17880822718143463, 'rmse': 0.42285722494125366}
[2025-01-31 08:31:02] - Epoch: 16 cost time: 1136.5001239776611
[2025-01-31 08:31:02] - Traininng loss : 0.1508387812409961
[2025-01-31 08:31:09] - vali_results: {'mae': 0.28046417236328125, 'mape': 2.4657413959503174, 'mse': 0.17924581468105316, 'rmse': 0.42337432503700256}
[2025-01-31 08:32:14] - Epoch: 17 cost time: 1208.1134314537048
[2025-01-31 08:32:14] - Traininng loss : 0.15021165516028626
[2025-01-31 08:32:21] - vali_results: {'mae': 0.27874991297721863, 'mape': 2.496192455291748, 'mse': 0.17897942662239075, 'rmse': 0.4230596125125885}
[2025-01-31 08:32:22] - loss no decreased for 5 epochs,  early stopping ....
[2025-01-31 08:32:26] - test_results: {'mae': 0.26823532581329346, 'mape': 2.9844131469726562, 'mse': 0.16209781169891357, 'rmse': 0.40261372923851013}
