[2025-01-31 16:59:02] - run : 0 in seed: 3
[2025-01-31 16:59:02] - +---------------------------------------------------------------------------------------------------+------------+
|                                              Modules                                              | Parameters |
+---------------------------------------------------------------------------------------------------+------------+
|                  fm.blocks1.SCINet_Tree.workingblock.interact.level.phi.1.weight                  |   515205   |
|                   fm.blocks1.SCINet_Tree.workingblock.interact.level.phi.1.bias                   |    321     |
|                  fm.blocks1.SCINet_Tree.workingblock.interact.level.phi.4.weight                  |   309123   |
|                   fm.blocks1.SCINet_Tree.workingblock.interact.level.phi.4.bias                   |    321     |
|                  fm.blocks1.SCINet_Tree.workingblock.interact.level.psi.1.weight                  |   515205   |
|                   fm.blocks1.SCINet_Tree.workingblock.interact.level.psi.1.bias                   |    321     |
|                  fm.blocks1.SCINet_Tree.workingblock.interact.level.psi.4.weight                  |   309123   |
|                   fm.blocks1.SCINet_Tree.workingblock.interact.level.psi.4.bias                   |    321     |
|                   fm.blocks1.SCINet_Tree.workingblock.interact.level.P.1.weight                   |   515205   |
|                    fm.blocks1.SCINet_Tree.workingblock.interact.level.P.1.bias                    |    321     |
|                   fm.blocks1.SCINet_Tree.workingblock.interact.level.P.4.weight                   |   309123   |
|                    fm.blocks1.SCINet_Tree.workingblock.interact.level.P.4.bias                    |    321     |
|                   fm.blocks1.SCINet_Tree.workingblock.interact.level.U.1.weight                   |   515205   |
|                    fm.blocks1.SCINet_Tree.workingblock.interact.level.U.1.bias                    |    321     |
|                   fm.blocks1.SCINet_Tree.workingblock.interact.level.U.4.weight                   |   309123   |
|                    fm.blocks1.SCINet_Tree.workingblock.interact.level.U.4.bias                    |    321     |
|          fm.blocks1.SCINet_Tree.SCINet_Tree_odd.workingblock.interact.level.phi.1.weight          |   515205   |
|           fm.blocks1.SCINet_Tree.SCINet_Tree_odd.workingblock.interact.level.phi.1.bias           |    321     |
|          fm.blocks1.SCINet_Tree.SCINet_Tree_odd.workingblock.interact.level.phi.4.weight          |   309123   |
|           fm.blocks1.SCINet_Tree.SCINet_Tree_odd.workingblock.interact.level.phi.4.bias           |    321     |
|          fm.blocks1.SCINet_Tree.SCINet_Tree_odd.workingblock.interact.level.psi.1.weight          |   515205   |
|           fm.blocks1.SCINet_Tree.SCINet_Tree_odd.workingblock.interact.level.psi.1.bias           |    321     |
|          fm.blocks1.SCINet_Tree.SCINet_Tree_odd.workingblock.interact.level.psi.4.weight          |   309123   |
|           fm.blocks1.SCINet_Tree.SCINet_Tree_odd.workingblock.interact.level.psi.4.bias           |    321     |
|           fm.blocks1.SCINet_Tree.SCINet_Tree_odd.workingblock.interact.level.P.1.weight           |   515205   |
|            fm.blocks1.SCINet_Tree.SCINet_Tree_odd.workingblock.interact.level.P.1.bias            |    321     |
|           fm.blocks1.SCINet_Tree.SCINet_Tree_odd.workingblock.interact.level.P.4.weight           |   309123   |
|            fm.blocks1.SCINet_Tree.SCINet_Tree_odd.workingblock.interact.level.P.4.bias            |    321     |
|           fm.blocks1.SCINet_Tree.SCINet_Tree_odd.workingblock.interact.level.U.1.weight           |   515205   |
|            fm.blocks1.SCINet_Tree.SCINet_Tree_odd.workingblock.interact.level.U.1.bias            |    321     |
|           fm.blocks1.SCINet_Tree.SCINet_Tree_odd.workingblock.interact.level.U.4.weight           |   309123   |
|            fm.blocks1.SCINet_Tree.SCINet_Tree_odd.workingblock.interact.level.U.4.bias            |    321     |
|  fm.blocks1.SCINet_Tree.SCINet_Tree_odd.SCINet_Tree_odd.workingblock.interact.level.phi.1.weight  |   515205   |
|   fm.blocks1.SCINet_Tree.SCINet_Tree_odd.SCINet_Tree_odd.workingblock.interact.level.phi.1.bias   |    321     |
|  fm.blocks1.SCINet_Tree.SCINet_Tree_odd.SCINet_Tree_odd.workingblock.interact.level.phi.4.weight  |   309123   |
|   fm.blocks1.SCINet_Tree.SCINet_Tree_odd.SCINet_Tree_odd.workingblock.interact.level.phi.4.bias   |    321     |
|  fm.blocks1.SCINet_Tree.SCINet_Tree_odd.SCINet_Tree_odd.workingblock.interact.level.psi.1.weight  |   515205   |
|   fm.blocks1.SCINet_Tree.SCINet_Tree_odd.SCINet_Tree_odd.workingblock.interact.level.psi.1.bias   |    321     |
|  fm.blocks1.SCINet_Tree.SCINet_Tree_odd.SCINet_Tree_odd.workingblock.interact.level.psi.4.weight  |   309123   |
|   fm.blocks1.SCINet_Tree.SCINet_Tree_odd.SCINet_Tree_odd.workingblock.interact.level.psi.4.bias   |    321     |
|   fm.blocks1.SCINet_Tree.SCINet_Tree_odd.SCINet_Tree_odd.workingblock.interact.level.P.1.weight   |   515205   |
|    fm.blocks1.SCINet_Tree.SCINet_Tree_odd.SCINet_Tree_odd.workingblock.interact.level.P.1.bias    |    321     |
|   fm.blocks1.SCINet_Tree.SCINet_Tree_odd.SCINet_Tree_odd.workingblock.interact.level.P.4.weight   |   309123   |
|    fm.blocks1.SCINet_Tree.SCINet_Tree_odd.SCINet_Tree_odd.workingblock.interact.level.P.4.bias    |    321     |
|   fm.blocks1.SCINet_Tree.SCINet_Tree_odd.SCINet_Tree_odd.workingblock.interact.level.U.1.weight   |   515205   |
|    fm.blocks1.SCINet_Tree.SCINet_Tree_odd.SCINet_Tree_odd.workingblock.interact.level.U.1.bias    |    321     |
|   fm.blocks1.SCINet_Tree.SCINet_Tree_odd.SCINet_Tree_odd.workingblock.interact.level.U.4.weight   |   309123   |
|    fm.blocks1.SCINet_Tree.SCINet_Tree_odd.SCINet_Tree_odd.workingblock.interact.level.U.4.bias    |    321     |
|  fm.blocks1.SCINet_Tree.SCINet_Tree_odd.SCINet_Tree_even.workingblock.interact.level.phi.1.weight |   515205   |
|   fm.blocks1.SCINet_Tree.SCINet_Tree_odd.SCINet_Tree_even.workingblock.interact.level.phi.1.bias  |    321     |
|  fm.blocks1.SCINet_Tree.SCINet_Tree_odd.SCINet_Tree_even.workingblock.interact.level.phi.4.weight |   309123   |
|   fm.blocks1.SCINet_Tree.SCINet_Tree_odd.SCINet_Tree_even.workingblock.interact.level.phi.4.bias  |    321     |
|  fm.blocks1.SCINet_Tree.SCINet_Tree_odd.SCINet_Tree_even.workingblock.interact.level.psi.1.weight |   515205   |
|   fm.blocks1.SCINet_Tree.SCINet_Tree_odd.SCINet_Tree_even.workingblock.interact.level.psi.1.bias  |    321     |
|  fm.blocks1.SCINet_Tree.SCINet_Tree_odd.SCINet_Tree_even.workingblock.interact.level.psi.4.weight |   309123   |
|   fm.blocks1.SCINet_Tree.SCINet_Tree_odd.SCINet_Tree_even.workingblock.interact.level.psi.4.bias  |    321     |
|   fm.blocks1.SCINet_Tree.SCINet_Tree_odd.SCINet_Tree_even.workingblock.interact.level.P.1.weight  |   515205   |
|    fm.blocks1.SCINet_Tree.SCINet_Tree_odd.SCINet_Tree_even.workingblock.interact.level.P.1.bias   |    321     |
|   fm.blocks1.SCINet_Tree.SCINet_Tree_odd.SCINet_Tree_even.workingblock.interact.level.P.4.weight  |   309123   |
|    fm.blocks1.SCINet_Tree.SCINet_Tree_odd.SCINet_Tree_even.workingblock.interact.level.P.4.bias   |    321     |
|   fm.blocks1.SCINet_Tree.SCINet_Tree_odd.SCINet_Tree_even.workingblock.interact.level.U.1.weight  |   515205   |
|    fm.blocks1.SCINet_Tree.SCINet_Tree_odd.SCINet_Tree_even.workingblock.interact.level.U.1.bias   |    321     |
|   fm.blocks1.SCINet_Tree.SCINet_Tree_odd.SCINet_Tree_even.workingblock.interact.level.U.4.weight  |   309123   |
|    fm.blocks1.SCINet_Tree.SCINet_Tree_odd.SCINet_Tree_even.workingblock.interact.level.U.4.bias   |    321     |
|          fm.blocks1.SCINet_Tree.SCINet_Tree_even.workingblock.interact.level.phi.1.weight         |   515205   |
|           fm.blocks1.SCINet_Tree.SCINet_Tree_even.workingblock.interact.level.phi.1.bias          |    321     |
|          fm.blocks1.SCINet_Tree.SCINet_Tree_even.workingblock.interact.level.phi.4.weight         |   309123   |
|           fm.blocks1.SCINet_Tree.SCINet_Tree_even.workingblock.interact.level.phi.4.bias          |    321     |
|          fm.blocks1.SCINet_Tree.SCINet_Tree_even.workingblock.interact.level.psi.1.weight         |   515205   |
|           fm.blocks1.SCINet_Tree.SCINet_Tree_even.workingblock.interact.level.psi.1.bias          |    321     |
|          fm.blocks1.SCINet_Tree.SCINet_Tree_even.workingblock.interact.level.psi.4.weight         |   309123   |
|           fm.blocks1.SCINet_Tree.SCINet_Tree_even.workingblock.interact.level.psi.4.bias          |    321     |
|           fm.blocks1.SCINet_Tree.SCINet_Tree_even.workingblock.interact.level.P.1.weight          |   515205   |
|            fm.blocks1.SCINet_Tree.SCINet_Tree_even.workingblock.interact.level.P.1.bias           |    321     |
|           fm.blocks1.SCINet_Tree.SCINet_Tree_even.workingblock.interact.level.P.4.weight          |   309123   |
|            fm.blocks1.SCINet_Tree.SCINet_Tree_even.workingblock.interact.level.P.4.bias           |    321     |
|           fm.blocks1.SCINet_Tree.SCINet_Tree_even.workingblock.interact.level.U.1.weight          |   515205   |
|            fm.blocks1.SCINet_Tree.SCINet_Tree_even.workingblock.interact.level.U.1.bias           |    321     |
|           fm.blocks1.SCINet_Tree.SCINet_Tree_even.workingblock.interact.level.U.4.weight          |   309123   |
|            fm.blocks1.SCINet_Tree.SCINet_Tree_even.workingblock.interact.level.U.4.bias           |    321     |
|  fm.blocks1.SCINet_Tree.SCINet_Tree_even.SCINet_Tree_odd.workingblock.interact.level.phi.1.weight |   515205   |
|   fm.blocks1.SCINet_Tree.SCINet_Tree_even.SCINet_Tree_odd.workingblock.interact.level.phi.1.bias  |    321     |
|  fm.blocks1.SCINet_Tree.SCINet_Tree_even.SCINet_Tree_odd.workingblock.interact.level.phi.4.weight |   309123   |
|   fm.blocks1.SCINet_Tree.SCINet_Tree_even.SCINet_Tree_odd.workingblock.interact.level.phi.4.bias  |    321     |
|  fm.blocks1.SCINet_Tree.SCINet_Tree_even.SCINet_Tree_odd.workingblock.interact.level.psi.1.weight |   515205   |
|   fm.blocks1.SCINet_Tree.SCINet_Tree_even.SCINet_Tree_odd.workingblock.interact.level.psi.1.bias  |    321     |
|  fm.blocks1.SCINet_Tree.SCINet_Tree_even.SCINet_Tree_odd.workingblock.interact.level.psi.4.weight |   309123   |
|   fm.blocks1.SCINet_Tree.SCINet_Tree_even.SCINet_Tree_odd.workingblock.interact.level.psi.4.bias  |    321     |
|   fm.blocks1.SCINet_Tree.SCINet_Tree_even.SCINet_Tree_odd.workingblock.interact.level.P.1.weight  |   515205   |
|    fm.blocks1.SCINet_Tree.SCINet_Tree_even.SCINet_Tree_odd.workingblock.interact.level.P.1.bias   |    321     |
|   fm.blocks1.SCINet_Tree.SCINet_Tree_even.SCINet_Tree_odd.workingblock.interact.level.P.4.weight  |   309123   |
|    fm.blocks1.SCINet_Tree.SCINet_Tree_even.SCINet_Tree_odd.workingblock.interact.level.P.4.bias   |    321     |
|   fm.blocks1.SCINet_Tree.SCINet_Tree_even.SCINet_Tree_odd.workingblock.interact.level.U.1.weight  |   515205   |
|    fm.blocks1.SCINet_Tree.SCINet_Tree_even.SCINet_Tree_odd.workingblock.interact.level.U.1.bias   |    321     |
|   fm.blocks1.SCINet_Tree.SCINet_Tree_even.SCINet_Tree_odd.workingblock.interact.level.U.4.weight  |   309123   |
|    fm.blocks1.SCINet_Tree.SCINet_Tree_even.SCINet_Tree_odd.workingblock.interact.level.U.4.bias   |    321     |
| fm.blocks1.SCINet_Tree.SCINet_Tree_even.SCINet_Tree_even.workingblock.interact.level.phi.1.weight |   515205   |
|  fm.blocks1.SCINet_Tree.SCINet_Tree_even.SCINet_Tree_even.workingblock.interact.level.phi.1.bias  |    321     |
| fm.blocks1.SCINet_Tree.SCINet_Tree_even.SCINet_Tree_even.workingblock.interact.level.phi.4.weight |   309123   |
|  fm.blocks1.SCINet_Tree.SCINet_Tree_even.SCINet_Tree_even.workingblock.interact.level.phi.4.bias  |    321     |
| fm.blocks1.SCINet_Tree.SCINet_Tree_even.SCINet_Tree_even.workingblock.interact.level.psi.1.weight |   515205   |
|  fm.blocks1.SCINet_Tree.SCINet_Tree_even.SCINet_Tree_even.workingblock.interact.level.psi.1.bias  |    321     |
| fm.blocks1.SCINet_Tree.SCINet_Tree_even.SCINet_Tree_even.workingblock.interact.level.psi.4.weight |   309123   |
|  fm.blocks1.SCINet_Tree.SCINet_Tree_even.SCINet_Tree_even.workingblock.interact.level.psi.4.bias  |    321     |
|  fm.blocks1.SCINet_Tree.SCINet_Tree_even.SCINet_Tree_even.workingblock.interact.level.P.1.weight  |   515205   |
|   fm.blocks1.SCINet_Tree.SCINet_Tree_even.SCINet_Tree_even.workingblock.interact.level.P.1.bias   |    321     |
|  fm.blocks1.SCINet_Tree.SCINet_Tree_even.SCINet_Tree_even.workingblock.interact.level.P.4.weight  |   309123   |
|   fm.blocks1.SCINet_Tree.SCINet_Tree_even.SCINet_Tree_even.workingblock.interact.level.P.4.bias   |    321     |
|  fm.blocks1.SCINet_Tree.SCINet_Tree_even.SCINet_Tree_even.workingblock.interact.level.U.1.weight  |   515205   |
|   fm.blocks1.SCINet_Tree.SCINet_Tree_even.SCINet_Tree_even.workingblock.interact.level.U.1.bias   |    321     |
|  fm.blocks1.SCINet_Tree.SCINet_Tree_even.SCINet_Tree_even.workingblock.interact.level.U.4.weight  |   309123   |
|   fm.blocks1.SCINet_Tree.SCINet_Tree_even.SCINet_Tree_even.workingblock.interact.level.U.4.bias   |    321     |
|                                       fm.projection1.weight                                       |    9216    |
|                                             nm.weight                                             |    642     |
|                                 nm.model_freq.model_freq.0.weight                                 |    6144    |
|                                  nm.model_freq.model_freq.0.bias                                  |     64     |
|                                  nm.model_freq.model_all.0.weight                                 |   20480    |
|                                   nm.model_freq.model_all.0.bias                                  |    128     |
|                                  nm.model_freq.model_all.2.weight                                 |   12288    |
|                                   nm.model_freq.model_all.2.bias                                  |     96     |
+---------------------------------------------------------------------------------------------------+------------+
[2025-01-31 16:59:02] - Total Trainable Params: 23148218
[2025-01-31 16:59:02] - model parameters: 23148218
[2025-01-31 16:59:59] - Epoch: 1 cost time: 56.548513412475586
[2025-01-31 16:59:59] - Traininng loss : 0.5917798242548056
[2025-01-31 17:00:05] - vali_results: {'mae': 0.27317899465560913, 'mape': 2.323150157928467, 'mse': 0.17487233877182007, 'rmse': 0.41817739605903625}
[2025-01-31 17:01:02] - Epoch: 2 cost time: 119.38946580886841
[2025-01-31 17:01:02] - Traininng loss : 0.40711934885434936
[2025-01-31 17:01:07] - vali_results: {'mae': 0.2621912360191345, 'mape': 2.264979600906372, 'mse': 0.16348205506801605, 'rmse': 0.4043291509151459}
[2025-01-31 17:02:05] - Epoch: 3 cost time: 182.27017331123352
[2025-01-31 17:02:05] - Traininng loss : 0.39668302619666385
[2025-01-31 17:02:11] - vali_results: {'mae': 0.2579643428325653, 'mape': 2.2713329792022705, 'mse': 0.15947853028774261, 'rmse': 0.3993476331233978}
[2025-01-31 17:03:09] - Epoch: 4 cost time: 246.87237286567688
[2025-01-31 17:03:09] - Traininng loss : 0.3914313243669376
[2025-01-31 17:03:15] - vali_results: {'mae': 0.2573537230491638, 'mape': 2.275942802429199, 'mse': 0.15878406167030334, 'rmse': 0.398477166891098}
[2025-01-31 17:04:12] - Epoch: 5 cost time: 309.37007308006287
[2025-01-31 17:04:12] - Traininng loss : 0.3888933729184301
[2025-01-31 17:04:17] - vali_results: {'mae': 0.25794121623039246, 'mape': 2.205098867416382, 'mse': 0.15819942951202393, 'rmse': 0.3977429270744324}
[2025-01-31 17:05:15] - Epoch: 6 cost time: 372.9357376098633
[2025-01-31 17:05:15] - Traininng loss : 0.387358411048588
[2025-01-31 17:05:21] - vali_results: {'mae': 0.25600698590278625, 'mape': 2.222628116607666, 'mse': 0.15837159752845764, 'rmse': 0.39795929193496704}
[2025-01-31 17:06:17] - Epoch: 7 cost time: 434.2292432785034
[2025-01-31 17:06:17] - Traininng loss : 0.38591093635349943
[2025-01-31 17:06:22] - vali_results: {'mae': 0.2556384801864624, 'mape': 2.251697540283203, 'mse': 0.15695498883724213, 'rmse': 0.39617544412612915}
[2025-01-31 17:07:20] - Epoch: 8 cost time: 497.203488111496
[2025-01-31 17:07:20] - Traininng loss : 0.38484652894630766
[2025-01-31 17:07:25] - vali_results: {'mae': 0.2570183575153351, 'mape': 2.2645509243011475, 'mse': 0.15784093737602234, 'rmse': 0.39729201793670654}
[2025-01-31 17:08:22] - Epoch: 9 cost time: 559.4166522026062
[2025-01-31 17:08:22] - Traininng loss : 0.3837687932085573
[2025-01-31 17:08:27] - vali_results: {'mae': 0.25559255480766296, 'mape': 2.298438787460327, 'mse': 0.1568732112646103, 'rmse': 0.39607223868370056}
[2025-01-31 17:09:25] - Epoch: 10 cost time: 622.9627478122711
[2025-01-31 17:09:25] - Traininng loss : 0.3825662183134179
[2025-01-31 17:09:31] - vali_results: {'mae': 0.2575693130493164, 'mape': 2.2586593627929688, 'mse': 0.15813668072223663, 'rmse': 0.39766404032707214}
[2025-01-31 17:10:29] - Epoch: 11 cost time: 686.2544527053833
[2025-01-31 17:10:29] - Traininng loss : 0.38189734910663803
[2025-01-31 17:10:34] - vali_results: {'mae': 0.2543071508407593, 'mape': 2.2490394115448, 'mse': 0.15620636940002441, 'rmse': 0.3952295184135437}
[2025-01-31 17:11:33] - Epoch: 12 cost time: 750.4870247840881
[2025-01-31 17:11:33] - Traininng loss : 0.3808387518451925
[2025-01-31 17:11:39] - vali_results: {'mae': 0.25389382243156433, 'mape': 2.272327184677124, 'mse': 0.1562778502702713, 'rmse': 0.39531993865966797}
[2025-01-31 17:12:36] - Epoch: 13 cost time: 813.2072296142578
[2025-01-31 17:12:36] - Traininng loss : 0.37992366970631114
[2025-01-31 17:12:41] - vali_results: {'mae': 0.2554687261581421, 'mape': 2.2397301197052, 'mse': 0.15638467669487, 'rmse': 0.3954550325870514}
[2025-01-31 17:13:38] - Epoch: 14 cost time: 875.7299964427948
[2025-01-31 17:13:38] - Traininng loss : 0.3790000508228938
[2025-01-31 17:13:44] - vali_results: {'mae': 0.255399614572525, 'mape': 2.2901451587677, 'mse': 0.1570678949356079, 'rmse': 0.3963179290294647}
[2025-01-31 17:14:42] - Epoch: 15 cost time: 939.4260559082031
[2025-01-31 17:14:42] - Traininng loss : 0.37805875947600914
[2025-01-31 17:14:47] - vali_results: {'mae': 0.2555672526359558, 'mape': 2.265496253967285, 'mse': 0.15788650512695312, 'rmse': 0.39734935760498047}
[2025-01-31 17:15:45] - Epoch: 16 cost time: 1002.6178047657013
[2025-01-31 17:15:45] - Traininng loss : 0.3774966792579283
[2025-01-31 17:15:51] - vali_results: {'mae': 0.25553080439567566, 'mape': 2.3023951053619385, 'mse': 0.15719030797481537, 'rmse': 0.39647233486175537}
[2025-01-31 17:15:52] - loss no decreased for 5 epochs,  early stopping ....
[2025-01-31 17:15:55] - test_results: {'mae': 0.25820642709732056, 'mape': 2.8128700256347656, 'mse': 0.16599306464195251, 'rmse': 0.4074224531650543}
